Wed Jan 15 2025 18:4:27 [Tha Drop] [31merror[39m: Missing eventId or userId
BadRequestError: Missing eventId or userId
    at toggle (/home/mir/dev/projects/tha_drop_backend/src/controllers/bookmarkController.ts:11:28)
    at Layer.handle [as handle_request] (/home/mir/dev/projects/tha_drop_backend/node_modules/.pnpm/express@4.21.2/node_modules/express/lib/router/layer.js:95:5)
    at next (/home/mir/dev/projects/tha_drop_backend/node_modules/.pnpm/express@4.21.2/node_modules/express/lib/router/route.js:149:13)
    at /home/mir/dev/projects/tha_drop_backend/src/middlewares/authorization.ts:55:16
    at processTicksAndRejections (node:internal/process/task_queues:105:5)
BadRequestError
Wed Jan 15 2025 18:4:46 [Tha Drop] [31merror[39m: Missing eventId or userId
BadRequestError: Missing eventId or userId
    at toggle (/home/mir/dev/projects/tha_drop_backend/src/controllers/bookmarkController.ts:11:28)
    at Layer.handle [as handle_request] (/home/mir/dev/projects/tha_drop_backend/node_modules/.pnpm/express@4.21.2/node_modules/express/lib/router/layer.js:95:5)
    at next (/home/mir/dev/projects/tha_drop_backend/node_modules/.pnpm/express@4.21.2/node_modules/express/lib/router/route.js:149:13)
    at /home/mir/dev/projects/tha_drop_backend/src/middlewares/authorization.ts:55:16
    at processTicksAndRejections (node:internal/process/task_queues:105:5)
BadRequestError
Wed Jan 15 2025 18:7:28 [Tha Drop] [31merror[39m: Missing eventId or userId
BadRequestError: Missing eventId or userId
    at toggle (/home/mir/dev/projects/tha_drop_backend/src/controllers/bookmarkController.ts:11:28)
    at Layer.handle [as handle_request] (/home/mir/dev/projects/tha_drop_backend/node_modules/.pnpm/express@4.21.2/node_modules/express/lib/router/layer.js:95:5)
    at next (/home/mir/dev/projects/tha_drop_backend/node_modules/.pnpm/express@4.21.2/node_modules/express/lib/router/route.js:149:13)
    at /home/mir/dev/projects/tha_drop_backend/src/middlewares/authorization.ts:55:16
    at processTicksAndRejections (node:internal/process/task_queues:105:5)
BadRequestError
Wed Jan 15 2025 18:8:50 [Tha Drop] [31merror[39m: Missing eventId or userId
BadRequestError: Missing eventId or userId
    at toggle (/home/mir/dev/projects/tha_drop_backend/src/controllers/bookmarkController.ts:11:28)
    at Layer.handle [as handle_request] (/home/mir/dev/projects/tha_drop_backend/node_modules/.pnpm/express@4.21.2/node_modules/express/lib/router/layer.js:95:5)
    at next (/home/mir/dev/projects/tha_drop_backend/node_modules/.pnpm/express@4.21.2/node_modules/express/lib/router/route.js:149:13)
    at /home/mir/dev/projects/tha_drop_backend/src/middlewares/authorization.ts:55:16
    at processTicksAndRejections (node:internal/process/task_queues:105:5)
BadRequestError
Wed Jan 15 2025 18:11:47 [Tha Drop] [32minfo[39m: Successfully Connected to MongoDB Atlas
Wed Jan 15 2025 18:11:47 [Tha Drop] [32minfo[39m: Server is running at PORT: 8080
Wed Jan 15 2025 18:12:40 [Tha Drop] [32minfo[39m: Successfully Connected to MongoDB Atlas
Wed Jan 15 2025 18:12:40 [Tha Drop] [32minfo[39m: Server is running at PORT: 8080
Wed Jan 15 2025 18:15:11 [Tha Drop] [32minfo[39m: Successfully Connected to MongoDB Atlas
Wed Jan 15 2025 18:15:11 [Tha Drop] [32minfo[39m: Server is running at PORT: 8080
Wed Jan 15 2025 18:15:48 [Tha Drop] [31merror[39m: Missing eventId or userId
BadRequestError: Missing eventId or userId
    at toggle (/home/mir/dev/projects/tha_drop_backend/src/controllers/bookmarkController.ts:11:28)
    at Layer.handle [as handle_request] (/home/mir/dev/projects/tha_drop_backend/node_modules/.pnpm/express@4.21.2/node_modules/express/lib/router/layer.js:95:5)
    at next (/home/mir/dev/projects/tha_drop_backend/node_modules/.pnpm/express@4.21.2/node_modules/express/lib/router/route.js:149:13)
    at /home/mir/dev/projects/tha_drop_backend/src/middlewares/authorization.ts:55:16
    at processTicksAndRejections (node:internal/process/task_queues:105:5)
BadRequestError
Wed Jan 15 2025 18:16:2 [Tha Drop] [31merror[39m: Missing eventId or userId
BadRequestError: Missing eventId or userId
    at toggle (/home/mir/dev/projects/tha_drop_backend/src/controllers/bookmarkController.ts:11:28)
    at Layer.handle [as handle_request] (/home/mir/dev/projects/tha_drop_backend/node_modules/.pnpm/express@4.21.2/node_modules/express/lib/router/layer.js:95:5)
    at next (/home/mir/dev/projects/tha_drop_backend/node_modules/.pnpm/express@4.21.2/node_modules/express/lib/router/route.js:149:13)
    at /home/mir/dev/projects/tha_drop_backend/src/middlewares/authorization.ts:55:16
    at processTicksAndRejections (node:internal/process/task_queues:105:5)
BadRequestError
Wed Jan 15 2025 18:16:9 [Tha Drop] [31merror[39m: Missing eventId or userId
BadRequestError: Missing eventId or userId
    at toggle (/home/mir/dev/projects/tha_drop_backend/src/controllers/bookmarkController.ts:11:28)
    at Layer.handle [as handle_request] (/home/mir/dev/projects/tha_drop_backend/node_modules/.pnpm/express@4.21.2/node_modules/express/lib/router/layer.js:95:5)
    at next (/home/mir/dev/projects/tha_drop_backend/node_modules/.pnpm/express@4.21.2/node_modules/express/lib/router/route.js:149:13)
    at /home/mir/dev/projects/tha_drop_backend/src/middlewares/authorization.ts:55:16
    at processTicksAndRejections (node:internal/process/task_queues:105:5)
BadRequestError
Wed Jan 15 2025 18:17:33 [Tha Drop] [31merror[39m: Missing eventId or userId
BadRequestError: Missing eventId or userId
    at toggle (/home/mir/dev/projects/tha_drop_backend/src/controllers/bookmarkController.ts:11:28)
    at Layer.handle [as handle_request] (/home/mir/dev/projects/tha_drop_backend/node_modules/.pnpm/express@4.21.2/node_modules/express/lib/router/layer.js:95:5)
    at next (/home/mir/dev/projects/tha_drop_backend/node_modules/.pnpm/express@4.21.2/node_modules/express/lib/router/route.js:149:13)
    at /home/mir/dev/projects/tha_drop_backend/src/middlewares/authorization.ts:55:16
    at processTicksAndRejections (node:internal/process/task_queues:105:5)
BadRequestError
Wed Jan 15 2025 18:17:38 [Tha Drop] [31merror[39m: Missing eventId or userId
BadRequestError: Missing eventId or userId
    at toggle (/home/mir/dev/projects/tha_drop_backend/src/controllers/bookmarkController.ts:11:28)
    at Layer.handle [as handle_request] (/home/mir/dev/projects/tha_drop_backend/node_modules/.pnpm/express@4.21.2/node_modules/express/lib/router/layer.js:95:5)
    at next (/home/mir/dev/projects/tha_drop_backend/node_modules/.pnpm/express@4.21.2/node_modules/express/lib/router/route.js:149:13)
    at /home/mir/dev/projects/tha_drop_backend/src/middlewares/authorization.ts:55:16
    at processTicksAndRejections (node:internal/process/task_queues:105:5)
BadRequestError
Wed Jan 15 2025 18:18:46 [Tha Drop] [31merror[39m: Missing eventId or userId
BadRequestError: Missing eventId or userId
    at toggle (/home/mir/dev/projects/tha_drop_backend/src/controllers/bookmarkController.ts:11:28)
    at Layer.handle [as handle_request] (/home/mir/dev/projects/tha_drop_backend/node_modules/.pnpm/express@4.21.2/node_modules/express/lib/router/layer.js:95:5)
    at next (/home/mir/dev/projects/tha_drop_backend/node_modules/.pnpm/express@4.21.2/node_modules/express/lib/router/route.js:149:13)
    at /home/mir/dev/projects/tha_drop_backend/src/middlewares/authorization.ts:55:16
    at processTicksAndRejections (node:internal/process/task_queues:105:5)
BadRequestError
Wed Jan 15 2025 18:19:9 [Tha Drop] [31merror[39m: Missing eventId or userId
BadRequestError: Missing eventId or userId
    at toggle (/home/mir/dev/projects/tha_drop_backend/src/controllers/bookmarkController.ts:11:28)
    at Layer.handle [as handle_request] (/home/mir/dev/projects/tha_drop_backend/node_modules/.pnpm/express@4.21.2/node_modules/express/lib/router/layer.js:95:5)
    at next (/home/mir/dev/projects/tha_drop_backend/node_modules/.pnpm/express@4.21.2/node_modules/express/lib/router/route.js:149:13)
    at /home/mir/dev/projects/tha_drop_backend/src/middlewares/authorization.ts:55:16
    at processTicksAndRejections (node:internal/process/task_queues:105:5)
BadRequestError
Wed Jan 15 2025 18:23:0 [Tha Drop] [31merror[39m: Missing eventId or userId
BadRequestError: Missing eventId or userId
    at toggle (/home/mir/dev/projects/tha_drop_backend/src/controllers/bookmarkController.ts:11:28)
    at Layer.handle [as handle_request] (/home/mir/dev/projects/tha_drop_backend/node_modules/.pnpm/express@4.21.2/node_modules/express/lib/router/layer.js:95:5)
    at next (/home/mir/dev/projects/tha_drop_backend/node_modules/.pnpm/express@4.21.2/node_modules/express/lib/router/route.js:149:13)
    at /home/mir/dev/projects/tha_drop_backend/src/middlewares/authorization.ts:55:16
    at processTicksAndRejections (node:internal/process/task_queues:105:5)
BadRequestError
