Thu Dec 26 2024 18:6:30 [PodCast] [32minfo[39m: Successfully Connected to MongoDB Atlas
Thu Dec 26 2024 18:6:30 [PodCast] [32minfo[39m: Server is running at PORT: 8080
Thu Dec 26 2024 18:6:37 [PodCast] [32minfo[39m: Successfully Connected to MongoDB Atlas
Thu Dec 26 2024 18:6:37 [PodCast] [32minfo[39m: Server is running at PORT: 8080
Thu Dec 26 2024 18:6:57 [PodCast] [32minfo[39m: Successfully Connected to MongoDB Atlas
Thu Dec 26 2024 18:6:57 [PodCast] [32minfo[39m: Server is running at PORT: 8080
Thu Dec 26 2024 18:7:33 [PodCast] [32minfo[39m: Successfully Connected to MongoDB Atlas
Thu Dec 26 2024 18:7:33 [PodCast] [32minfo[39m: Server is running at PORT: 8080
Thu Dec 26 2024 18:7:59 [PodCast] [32minfo[39m: Successfully Connected to MongoDB Atlas
Thu Dec 26 2024 18:7:59 [PodCast] [32minfo[39m: Server is running at PORT: 8080
Thu Dec 26 2024 18:8:40 [PodCast] [32minfo[39m: Successfully Connected to MongoDB Atlas
Thu Dec 26 2024 18:8:40 [PodCast] [32minfo[39m: Server is running at PORT: 8080
Thu Dec 26 2024 18:9:31 [PodCast] [32minfo[39m: Successfully Connected to MongoDB Atlas
Thu Dec 26 2024 18:9:31 [PodCast] [32minfo[39m: Server is running at PORT: 8080
Thu Dec 26 2024 18:10:19 [PodCast] [31merror[39m: Terms and Condition not found
NotFoundError: Terms and Condition not found
    at get (/home/mir/dev/projects/alwaysbanks_backend/src/controllers/tacControllers.ts:17:36)
    at processTicksAndRejections (node:internal/process/task_queues:105:5)
NotFoundError
Thu Dec 26 2024 18:10:22 [PodCast] [31merror[39m: Cast to ObjectId failed for value "undefined" (type string) at path "_id" for model "TaC"
CastError: Cast to ObjectId failed for value "undefined" (type string) at path "_id" for model "TaC"
    at SchemaObjectId.cast (/home/mir/dev/projects/alwaysbanks_backend/node_modules/.pnpm/mongoose@8.8.4/node_modules/mongoose/lib/schema/objectId.js:250:11)
    at SchemaObjectId.SchemaType.applySetters (/home/mir/dev/projects/alwaysbanks_backend/node_modules/.pnpm/mongoose@8.8.4/node_modules/mongoose/lib/schemaType.js:1236:12)
    at SchemaObjectId.SchemaType.castForQuery (/home/mir/dev/projects/alwaysbanks_backend/node_modules/.pnpm/mongoose@8.8.4/node_modules/mongoose/lib/schemaType.js:1653:17)
    at cast (/home/mir/dev/projects/alwaysbanks_backend/node_modules/.pnpm/mongoose@8.8.4/node_modules/mongoose/lib/cast.js:390:32)
    at model.Query.Query.cast (/home/mir/dev/projects/alwaysbanks_backend/node_modules/.pnpm/mongoose@8.8.4/node_modules/mongoose/lib/query.js:4906:12)
    at model.Query.Query._castConditions (/home/mir/dev/projects/alwaysbanks_backend/node_modules/.pnpm/mongoose@8.8.4/node_modules/mongoose/lib/query.js:2309:10)
    at model.Query._findOneAndUpdate (/home/mir/dev/projects/alwaysbanks_backend/node_modules/.pnpm/mongoose@8.8.4/node_modules/mongoose/lib/query.js:3406:8)
    at model.Query.exec (/home/mir/dev/projects/alwaysbanks_backend/node_modules/.pnpm/mongoose@8.8.4/node_modules/mongoose/lib/query.js:4458:80)
    at processTicksAndRejections (node:internal/process/task_queues:105:5)
    at async update (/home/mir/dev/projects/alwaysbanks_backend/src/controllers/tacControllers.ts:24:24)
CastError
Thu Dec 26 2024 18:10:22 [PodCast] [31merror[39m: Terms and Condition not found
NotFoundError: Terms and Condition not found
    at get (/home/mir/dev/projects/alwaysbanks_backend/src/controllers/tacControllers.ts:17:36)
    at processTicksAndRejections (node:internal/process/task_queues:105:5)
NotFoundError
Thu Dec 26 2024 18:10:41 [PodCast] [31merror[39m: Cast to ObjectId failed for value "undefined" (type string) at path "_id" for model "TaC"
CastError: Cast to ObjectId failed for value "undefined" (type string) at path "_id" for model "TaC"
    at SchemaObjectId.cast (/home/mir/dev/projects/alwaysbanks_backend/node_modules/.pnpm/mongoose@8.8.4/node_modules/mongoose/lib/schema/objectId.js:250:11)
    at SchemaObjectId.SchemaType.applySetters (/home/mir/dev/projects/alwaysbanks_backend/node_modules/.pnpm/mongoose@8.8.4/node_modules/mongoose/lib/schemaType.js:1236:12)
    at SchemaObjectId.SchemaType.castForQuery (/home/mir/dev/projects/alwaysbanks_backend/node_modules/.pnpm/mongoose@8.8.4/node_modules/mongoose/lib/schemaType.js:1653:17)
    at cast (/home/mir/dev/projects/alwaysbanks_backend/node_modules/.pnpm/mongoose@8.8.4/node_modules/mongoose/lib/cast.js:390:32)
    at model.Query.Query.cast (/home/mir/dev/projects/alwaysbanks_backend/node_modules/.pnpm/mongoose@8.8.4/node_modules/mongoose/lib/query.js:4906:12)
    at model.Query.Query._castConditions (/home/mir/dev/projects/alwaysbanks_backend/node_modules/.pnpm/mongoose@8.8.4/node_modules/mongoose/lib/query.js:2309:10)
    at model.Query._findOneAndUpdate (/home/mir/dev/projects/alwaysbanks_backend/node_modules/.pnpm/mongoose@8.8.4/node_modules/mongoose/lib/query.js:3406:8)
    at model.Query.exec (/home/mir/dev/projects/alwaysbanks_backend/node_modules/.pnpm/mongoose@8.8.4/node_modules/mongoose/lib/query.js:4458:80)
    at processTicksAndRejections (node:internal/process/task_queues:105:5)
    at async update (/home/mir/dev/projects/alwaysbanks_backend/src/controllers/tacControllers.ts:24:24)
CastError
Thu Dec 26 2024 18:10:41 [PodCast] [31merror[39m: Terms and Condition not found
NotFoundError: Terms and Condition not found
    at get (/home/mir/dev/projects/alwaysbanks_backend/src/controllers/tacControllers.ts:17:36)
    at processTicksAndRejections (node:internal/process/task_queues:105:5)
NotFoundError
Thu Dec 26 2024 18:11:22 [PodCast] [31merror[39m: Terms and Condition not found
NotFoundError: Terms and Condition not found
    at get (/home/mir/dev/projects/alwaysbanks_backend/src/controllers/tacControllers.ts:17:36)
    at processTicksAndRejections (node:internal/process/task_queues:105:5)
NotFoundError
Thu Dec 26 2024 18:11:25 [PodCast] [31merror[39m: Terms and Condition not found
NotFoundError: Terms and Condition not found
    at get (/home/mir/dev/projects/alwaysbanks_backend/src/controllers/tacControllers.ts:17:36)
    at processTicksAndRejections (node:internal/process/task_queues:105:5)
NotFoundError
Thu Dec 26 2024 18:11:29 [PodCast] [31merror[39m: Cast to ObjectId failed for value "undefined" (type string) at path "_id" for model "TaC"
CastError: Cast to ObjectId failed for value "undefined" (type string) at path "_id" for model "TaC"
    at SchemaObjectId.cast (/home/mir/dev/projects/alwaysbanks_backend/node_modules/.pnpm/mongoose@8.8.4/node_modules/mongoose/lib/schema/objectId.js:250:11)
    at SchemaObjectId.SchemaType.applySetters (/home/mir/dev/projects/alwaysbanks_backend/node_modules/.pnpm/mongoose@8.8.4/node_modules/mongoose/lib/schemaType.js:1236:12)
    at SchemaObjectId.SchemaType.castForQuery (/home/mir/dev/projects/alwaysbanks_backend/node_modules/.pnpm/mongoose@8.8.4/node_modules/mongoose/lib/schemaType.js:1653:17)
    at cast (/home/mir/dev/projects/alwaysbanks_backend/node_modules/.pnpm/mongoose@8.8.4/node_modules/mongoose/lib/cast.js:390:32)
    at model.Query.Query.cast (/home/mir/dev/projects/alwaysbanks_backend/node_modules/.pnpm/mongoose@8.8.4/node_modules/mongoose/lib/query.js:4906:12)
    at model.Query.Query._castConditions (/home/mir/dev/projects/alwaysbanks_backend/node_modules/.pnpm/mongoose@8.8.4/node_modules/mongoose/lib/query.js:2309:10)
    at model.Query._findOneAndUpdate (/home/mir/dev/projects/alwaysbanks_backend/node_modules/.pnpm/mongoose@8.8.4/node_modules/mongoose/lib/query.js:3406:8)
    at model.Query.exec (/home/mir/dev/projects/alwaysbanks_backend/node_modules/.pnpm/mongoose@8.8.4/node_modules/mongoose/lib/query.js:4458:80)
    at processTicksAndRejections (node:internal/process/task_queues:105:5)
    at async update (/home/mir/dev/projects/alwaysbanks_backend/src/controllers/tacControllers.ts:24:24)
CastError
Thu Dec 26 2024 18:11:29 [PodCast] [31merror[39m: Terms and Condition not found
NotFoundError: Terms and Condition not found
    at get (/home/mir/dev/projects/alwaysbanks_backend/src/controllers/tacControllers.ts:17:36)
    at processTicksAndRejections (node:internal/process/task_queues:105:5)
NotFoundError
Thu Dec 26 2024 18:14:14 [PodCast] [32minfo[39m: Successfully Connected to MongoDB Atlas
Thu Dec 26 2024 18:14:14 [PodCast] [32minfo[39m: Server is running at PORT: 8080
Thu Dec 26 2024 18:17:4 [PodCast] [32minfo[39m: Successfully Connected to MongoDB Atlas
Thu Dec 26 2024 18:17:4 [PodCast] [32minfo[39m: Server is running at PORT: 8080
Thu Dec 26 2024 18:20:25 [PodCast] [32minfo[39m: Successfully Connected to MongoDB Atlas
Thu Dec 26 2024 18:20:25 [PodCast] [32minfo[39m: Server is running at PORT: 8080
Thu Dec 26 2024 18:20:49 [PodCast] [32minfo[39m: Successfully Connected to MongoDB Atlas
Thu Dec 26 2024 18:20:49 [PodCast] [32minfo[39m: Server is running at PORT: 8080
