Tue Jan 14 2025 11:21:43 [Tha Drop] [32minfo[39m: Successfully Connected to MongoDB Atlas
Tue Jan 14 2025 11:21:43 [Tha Drop] [32minfo[39m: Server is running at PORT: 8080
Tue Jan 14 2025 11:21:58 [Tha Drop] [32minfo[39m: Successfully Connected to MongoDB Atlas
Tue Jan 14 2025 11:21:58 [Tha Drop] [32minfo[39m: Server is running at PORT: 8080
Tue Jan 14 2025 11:33:36 [Tha Drop] [32minfo[39m: Successfully Connected to MongoDB Atlas
Tue Jan 14 2025 11:33:36 [Tha Drop] [32minfo[39m: Server is running at PORT: 8080
Tue Jan 14 2025 11:41:17 [Tha Drop] [32minfo[39m: Successfully Connected to MongoDB Atlas
Tue Jan 14 2025 11:41:17 [Tha Drop] [32minfo[39m: Server is running at PORT: 8080
Tue Jan 14 2025 11:41:59 [Tha Drop] [31merror[39m: Not Authorized
UnauthorizedError: Not Authorized
    at /home/mir/dev/projects/tha_drop_backend/src/middlewares/authorization.ts:37:36
    at Layer.handle [as handle_request] (/home/mir/dev/projects/tha_drop_backend/node_modules/.pnpm/express@4.21.2/node_modules/express/lib/router/layer.js:95:5)
    at next (/home/mir/dev/projects/tha_drop_backend/node_modules/.pnpm/express@4.21.2/node_modules/express/lib/router/route.js:149:13)
    at Route.dispatch (/home/mir/dev/projects/tha_drop_backend/node_modules/.pnpm/express@4.21.2/node_modules/express/lib/router/route.js:119:3)
    at Layer.handle [as handle_request] (/home/mir/dev/projects/tha_drop_backend/node_modules/.pnpm/express@4.21.2/node_modules/express/lib/router/layer.js:95:5)
    at /home/mir/dev/projects/tha_drop_backend/node_modules/.pnpm/express@4.21.2/node_modules/express/lib/router/index.js:284:15
    at Function.process_params (/home/mir/dev/projects/tha_drop_backend/node_modules/.pnpm/express@4.21.2/node_modules/express/lib/router/index.js:346:12)
    at next (/home/mir/dev/projects/tha_drop_backend/node_modules/.pnpm/express@4.21.2/node_modules/express/lib/router/index.js:280:10)
    at Function.handle (/home/mir/dev/projects/tha_drop_backend/node_modules/.pnpm/express@4.21.2/node_modules/express/lib/router/index.js:175:3)
    at router (/home/mir/dev/projects/tha_drop_backend/node_modules/.pnpm/express@4.21.2/node_modules/express/lib/router/index.js:47:12)
UnauthorizedError
Tue Jan 14 2025 11:42:46 [Tha Drop] [32minfo[39m: Successfully Connected to MongoDB Atlas
Tue Jan 14 2025 11:42:46 [Tha Drop] [32minfo[39m: Server is running at PORT: 8080
Tue Jan 14 2025 11:43:24 [Tha Drop] [32minfo[39m: Successfully Connected to MongoDB Atlas
Tue Jan 14 2025 11:43:24 [Tha Drop] [32minfo[39m: Server is running at PORT: 8080
Tue Jan 14 2025 11:44:32 [Tha Drop] [31merror[39m: Not Authorized
UnauthorizedError: Not Authorized
    at /home/mir/dev/projects/tha_drop_backend/src/middlewares/authorization.ts:37:36
    at Layer.handle [as handle_request] (/home/mir/dev/projects/tha_drop_backend/node_modules/.pnpm/express@4.21.2/node_modules/express/lib/router/layer.js:95:5)
    at next (/home/mir/dev/projects/tha_drop_backend/node_modules/.pnpm/express@4.21.2/node_modules/express/lib/router/route.js:149:13)
    at Route.dispatch (/home/mir/dev/projects/tha_drop_backend/node_modules/.pnpm/express@4.21.2/node_modules/express/lib/router/route.js:119:3)
    at Layer.handle [as handle_request] (/home/mir/dev/projects/tha_drop_backend/node_modules/.pnpm/express@4.21.2/node_modules/express/lib/router/layer.js:95:5)
    at /home/mir/dev/projects/tha_drop_backend/node_modules/.pnpm/express@4.21.2/node_modules/express/lib/router/index.js:284:15
    at Function.process_params (/home/mir/dev/projects/tha_drop_backend/node_modules/.pnpm/express@4.21.2/node_modules/express/lib/router/index.js:346:12)
    at next (/home/mir/dev/projects/tha_drop_backend/node_modules/.pnpm/express@4.21.2/node_modules/express/lib/router/index.js:280:10)
    at Function.handle (/home/mir/dev/projects/tha_drop_backend/node_modules/.pnpm/express@4.21.2/node_modules/express/lib/router/index.js:175:3)
    at router (/home/mir/dev/projects/tha_drop_backend/node_modules/.pnpm/express@4.21.2/node_modules/express/lib/router/index.js:47:12)
UnauthorizedError
Tue Jan 14 2025 11:44:41 [Tha Drop] [31merror[39m: Access Denied.
ForbiddenError: Access Denied.
    at /home/mir/dev/projects/tha_drop_backend/src/middlewares/authorization.ts:64:32
    at Layer.handle [as handle_request] (/home/mir/dev/projects/tha_drop_backend/node_modules/.pnpm/express@4.21.2/node_modules/express/lib/router/layer.js:95:5)
    at next (/home/mir/dev/projects/tha_drop_backend/node_modules/.pnpm/express@4.21.2/node_modules/express/lib/router/route.js:149:13)
    at /home/mir/dev/projects/tha_drop_backend/src/middlewares/authorization.ts:55:16
    at processTicksAndRejections (node:internal/process/task_queues:105:5)
ForbiddenError
Tue Jan 14 2025 11:44:51 [Tha Drop] [31merror[39m: About validation failed: text: Path `text` is required.
ValidationError: About validation failed: text: Path `text` is required.
    at model.Document.invalidate (/home/mir/dev/projects/tha_drop_backend/node_modules/.pnpm/mongoose@8.8.4/node_modules/mongoose/lib/document.js:3318:32)
    at /home/mir/dev/projects/tha_drop_backend/node_modules/.pnpm/mongoose@8.8.4/node_modules/mongoose/lib/document.js:3079:17
    at /home/mir/dev/projects/tha_drop_backend/node_modules/.pnpm/mongoose@8.8.4/node_modules/mongoose/lib/schemaType.js:1388:9
    at processTicksAndRejections (node:internal/process/task_queues:85:11)
ValidationError
Tue Jan 14 2025 11:45:16 [Tha Drop] [32minfo[39m: Successfully Connected to MongoDB Atlas
Tue Jan 14 2025 11:45:16 [Tha Drop] [32minfo[39m: Server is running at PORT: 8080
Tue Jan 14 2025 11:45:20 [Tha Drop] [31merror[39m: About validation failed: text: Path `text` is required.
ValidationError: About validation failed: text: Path `text` is required.
    at model.Document.invalidate (/home/mir/dev/projects/tha_drop_backend/node_modules/.pnpm/mongoose@8.8.4/node_modules/mongoose/lib/document.js:3318:32)
    at /home/mir/dev/projects/tha_drop_backend/node_modules/.pnpm/mongoose@8.8.4/node_modules/mongoose/lib/document.js:3079:17
    at /home/mir/dev/projects/tha_drop_backend/node_modules/.pnpm/mongoose@8.8.4/node_modules/mongoose/lib/schemaType.js:1388:9
    at processTicksAndRejections (node:internal/process/task_queues:85:11)
ValidationError
Tue Jan 14 2025 11:46:9 [Tha Drop] [32minfo[39m: Successfully Connected to MongoDB Atlas
Tue Jan 14 2025 11:46:9 [Tha Drop] [32minfo[39m: Server is running at PORT: 8080
Tue Jan 14 2025 11:48:12 [Tha Drop] [31merror[39m: Not Authorized
UnauthorizedError: Not Authorized
    at /home/mir/dev/projects/tha_drop_backend/src/middlewares/authorization.ts:37:36
    at Layer.handle [as handle_request] (/home/mir/dev/projects/tha_drop_backend/node_modules/.pnpm/express@4.21.2/node_modules/express/lib/router/layer.js:95:5)
    at next (/home/mir/dev/projects/tha_drop_backend/node_modules/.pnpm/express@4.21.2/node_modules/express/lib/router/route.js:149:13)
    at Route.dispatch (/home/mir/dev/projects/tha_drop_backend/node_modules/.pnpm/express@4.21.2/node_modules/express/lib/router/route.js:119:3)
    at Layer.handle [as handle_request] (/home/mir/dev/projects/tha_drop_backend/node_modules/.pnpm/express@4.21.2/node_modules/express/lib/router/layer.js:95:5)
    at /home/mir/dev/projects/tha_drop_backend/node_modules/.pnpm/express@4.21.2/node_modules/express/lib/router/index.js:284:15
    at Function.process_params (/home/mir/dev/projects/tha_drop_backend/node_modules/.pnpm/express@4.21.2/node_modules/express/lib/router/index.js:346:12)
    at next (/home/mir/dev/projects/tha_drop_backend/node_modules/.pnpm/express@4.21.2/node_modules/express/lib/router/index.js:280:10)
    at Function.handle (/home/mir/dev/projects/tha_drop_backend/node_modules/.pnpm/express@4.21.2/node_modules/express/lib/router/index.js:175:3)
    at router (/home/mir/dev/projects/tha_drop_backend/node_modules/.pnpm/express@4.21.2/node_modules/express/lib/router/index.js:47:12)
UnauthorizedError
Tue Jan 14 2025 11:50:1 [Tha Drop] [32minfo[39m: Successfully Connected to MongoDB Atlas
Tue Jan 14 2025 11:50:1 [Tha Drop] [32minfo[39m: Server is running at PORT: 8080
Tue Jan 14 2025 11:52:56 [Tha Drop] [31merror[39m: Terms and Condition not found
NotFoundError: Terms and Condition not found
    at get (/home/mir/dev/projects/tha_drop_backend/src/controllers/tacControllers.ts:17:36)
    at processTicksAndRejections (node:internal/process/task_queues:105:5)
NotFoundError
Tue Jan 14 2025 11:53:40 [Tha Drop] [32minfo[39m: Successfully Connected to MongoDB Atlas
Tue Jan 14 2025 11:53:40 [Tha Drop] [32minfo[39m: Server is running at PORT: 8080
Tue Jan 14 2025 11:55:13 [Tha Drop] [32minfo[39m: Successfully Connected to MongoDB Atlas
Tue Jan 14 2025 11:55:13 [Tha Drop] [32minfo[39m: Server is running at PORT: 8080
