Thu Jan 16 2025 11:2:35 [Tha Drop] [32minfo[39m: Successfully Connected to MongoDB Atlas
Thu Jan 16 2025 11:2:35 [Tha Drop] [32minfo[39m: Server is running at PORT: 8080
Thu Jan 16 2025 11:2:55 [Tha Drop] [32minfo[39m: Successfully Connected to MongoDB Atlas
Thu Jan 16 2025 11:2:55 [Tha Drop] [32minfo[39m: Server is running at PORT: 8080
Thu Jan 16 2025 11:3:21 [Tha Drop] [32minfo[39m: Successfully Connected to MongoDB Atlas
Thu Jan 16 2025 11:3:21 [Tha Drop] [32minfo[39m: Server is running at PORT: 8080
Thu Jan 16 2025 11:3:51 [Tha Drop] [31merror[39m: Token has expired
UnauthorizedError: Token has expired
    at decodeToken (/home/mir/dev/projects/tha_drop_backend/src/utils/jwt.ts:17:26)
    at /home/mir/dev/projects/tha_drop_backend/src/middlewares/authorization.ts:45:45
    at Layer.handle [as handle_request] (/home/mir/dev/projects/tha_drop_backend/node_modules/.pnpm/express@4.21.2/node_modules/express/lib/router/layer.js:95:5)
    at next (/home/mir/dev/projects/tha_drop_backend/node_modules/.pnpm/express@4.21.2/node_modules/express/lib/router/route.js:149:13)
    at Route.dispatch (/home/mir/dev/projects/tha_drop_backend/node_modules/.pnpm/express@4.21.2/node_modules/express/lib/router/route.js:119:3)
    at Layer.handle [as handle_request] (/home/mir/dev/projects/tha_drop_backend/node_modules/.pnpm/express@4.21.2/node_modules/express/lib/router/layer.js:95:5)
    at /home/mir/dev/projects/tha_drop_backend/node_modules/.pnpm/express@4.21.2/node_modules/express/lib/router/index.js:284:15
    at Function.process_params (/home/mir/dev/projects/tha_drop_backend/node_modules/.pnpm/express@4.21.2/node_modules/express/lib/router/index.js:346:12)
    at next (/home/mir/dev/projects/tha_drop_backend/node_modules/.pnpm/express@4.21.2/node_modules/express/lib/router/index.js:280:10)
    at Function.handle (/home/mir/dev/projects/tha_drop_backend/node_modules/.pnpm/express@4.21.2/node_modules/express/lib/router/index.js:175:3)
UnauthorizedError
Thu Jan 16 2025 11:3:53 [Tha Drop] [31merror[39m: Token has expired
UnauthorizedError: Token has expired
    at decodeToken (/home/mir/dev/projects/tha_drop_backend/src/utils/jwt.ts:17:26)
    at /home/mir/dev/projects/tha_drop_backend/src/middlewares/authorization.ts:45:45
    at Layer.handle [as handle_request] (/home/mir/dev/projects/tha_drop_backend/node_modules/.pnpm/express@4.21.2/node_modules/express/lib/router/layer.js:95:5)
    at next (/home/mir/dev/projects/tha_drop_backend/node_modules/.pnpm/express@4.21.2/node_modules/express/lib/router/route.js:149:13)
    at Route.dispatch (/home/mir/dev/projects/tha_drop_backend/node_modules/.pnpm/express@4.21.2/node_modules/express/lib/router/route.js:119:3)
    at Layer.handle [as handle_request] (/home/mir/dev/projects/tha_drop_backend/node_modules/.pnpm/express@4.21.2/node_modules/express/lib/router/layer.js:95:5)
    at /home/mir/dev/projects/tha_drop_backend/node_modules/.pnpm/express@4.21.2/node_modules/express/lib/router/index.js:284:15
    at Function.process_params (/home/mir/dev/projects/tha_drop_backend/node_modules/.pnpm/express@4.21.2/node_modules/express/lib/router/index.js:346:12)
    at next (/home/mir/dev/projects/tha_drop_backend/node_modules/.pnpm/express@4.21.2/node_modules/express/lib/router/index.js:280:10)
    at Function.handle (/home/mir/dev/projects/tha_drop_backend/node_modules/.pnpm/express@4.21.2/node_modules/express/lib/router/index.js:175:3)
UnauthorizedError
Thu Jan 16 2025 11:4:4 [Tha Drop] [32minfo[39m: Successfully Connected to MongoDB Atlas
Thu Jan 16 2025 11:4:4 [Tha Drop] [32minfo[39m: Server is running at PORT: 8080
