Tue Jan 14 2025 10:12:6 [Tha Drop] [32minfo[39m: Successfully Connected to MongoDB Atlas
Tue Jan 14 2025 10:12:6 [Tha Drop] [32minfo[39m: Server is running at PORT: 8080
Tue Jan 14 2025 10:14:58 [Tha Drop] [32minfo[39m: Successfully Connected to MongoDB Atlas
Tue Jan 14 2025 10:14:58 [Tha Drop] [32minfo[39m: Server is running at PORT: 8080
Tue Jan 14 2025 10:15:9 [Tha Drop] [32minfo[39m: Successfully Connected to MongoDB Atlas
Tue Jan 14 2025 10:15:9 [Tha Drop] [32minfo[39m: Server is running at PORT: 8080
Tue Jan 14 2025 10:17:8 [Tha Drop] [32minfo[39m: Successfully Connected to MongoDB Atlas
Tue Jan 14 2025 10:17:8 [Tha Drop] [32minfo[39m: Server is running at PORT: 8080
Tue Jan 14 2025 10:17:16 [Tha Drop] [32minfo[39m: Successfully Connected to MongoDB Atlas
Tue Jan 14 2025 10:17:16 [Tha Drop] [32minfo[39m: Server is running at PORT: 8080
Tue Jan 14 2025 10:18:57 [Tha Drop] [31merror[39m: User validation failed: schedule.0.startAt: Cast to Number failed for value "11:00 AM" (type string) at path "startAt", schedule.0.endAt: Cast to Number failed for value "10:55 PM" (type string) at path "endAt", schedule.1.startAt: Cast to Number failed for value "9:00 AM" (type string) at path "startAt", schedule.1.endAt: Cast to Number failed for value "5:00 PM" (type string) at path "endAt", schedule.2.startAt: Cast to Number failed for value "9:00 AM" (type string) at path "startAt", schedule.2.endAt: Cast to Number failed for value "5:00 PM" (type string) at path "endAt", schedule.3.startAt: Cast to Number failed for value "9:00 AM" (type string) at path "startAt", schedule.3.endAt: Cast to Number failed for value "6:00 PM" (type string) at path "endAt", schedule.4.startAt: Cast to Number failed for value "6:00 AM" (type string) at path "startAt", schedule.4.endAt: Cast to Number failed for value "1:00 AM" (type string) at path "endAt", schedule.5.startAt: Cast to Number failed for value "12:00 AM" (type string) at path "startAt", schedule.5.endAt: Cast to Number failed for value "4:00 PM" (type string) at path "endAt", schedule.6.startAt: Cast to Number failed for value "5:00 AM" (type string) at path "startAt", schedule.6.endAt: Cast to Number failed for value "3:00 PM" (type string) at path "endAt"
ValidationError: User validation failed: schedule.0.startAt: Cast to Number failed for value "11:00 AM" (type string) at path "startAt", schedule.0.endAt: Cast to Number failed for value "10:55 PM" (type string) at path "endAt", schedule.1.startAt: Cast to Number failed for value "9:00 AM" (type string) at path "startAt", schedule.1.endAt: Cast to Number failed for value "5:00 PM" (type string) at path "endAt", schedule.2.startAt: Cast to Number failed for value "9:00 AM" (type string) at path "startAt", schedule.2.endAt: Cast to Number failed for value "5:00 PM" (type string) at path "endAt", schedule.3.startAt: Cast to Number failed for value "9:00 AM" (type string) at path "startAt", schedule.3.endAt: Cast to Number failed for value "6:00 PM" (type string) at path "endAt", schedule.4.startAt: Cast to Number failed for value "6:00 AM" (type string) at path "startAt", schedule.4.endAt: Cast to Number failed for value "1:00 AM" (type string) at path "endAt", schedule.5.startAt: Cast to Number failed for value "12:00 AM" (type string) at path "startAt", schedule.5.endAt: Cast to Number failed for value "4:00 PM" (type string) at path "endAt", schedule.6.startAt: Cast to Number failed for value "5:00 AM" (type string) at path "startAt", schedule.6.endAt: Cast to Number failed for value "3:00 PM" (type string) at path "endAt"
    at model.Document.invalidate (/home/mir/dev/projects/tha_drop_backend/node_modules/.pnpm/mongoose@8.8.4/node_modules/mongoose/lib/document.js:3318:32)
    at EmbeddedDocument.Subdocument.invalidate (/home/mir/dev/projects/tha_drop_backend/node_modules/.pnpm/mongoose@8.8.4/node_modules/mongoose/lib/types/subdocument.js:229:12)
    at _init (/home/mir/dev/projects/tha_drop_backend/node_modules/.pnpm/mongoose@8.8.4/node_modules/mongoose/lib/document.js:800:18)
    at init (/home/mir/dev/projects/tha_drop_backend/node_modules/.pnpm/mongoose@8.8.4/node_modules/mongoose/lib/document.js:747:5)
    at EmbeddedDocument.Document.$__init (/home/mir/dev/projects/tha_drop_backend/node_modules/.pnpm/mongoose@8.8.4/node_modules/mongoose/lib/document.js:705:3)
    at EmbeddedDocument.syncWrapper [as $__init] (/home/mir/dev/projects/tha_drop_backend/node_modules/.pnpm/kareem@2.6.3/node_modules/kareem/index.js:331:25)
    at EmbeddedDocument.Document.init (/home/mir/dev/projects/tha_drop_backend/node_modules/.pnpm/mongoose@8.8.4/node_modules/mongoose/lib/document.js:649:8)
    at EmbeddedDocument.Document.$init (/home/mir/dev/projects/tha_drop_backend/node_modules/.pnpm/mongoose@8.8.4/node_modules/mongoose/lib/document.js:665:42)
    at SchemaDocumentArray.cast (/home/mir/dev/projects/tha_drop_backend/node_modules/.pnpm/mongoose@8.8.4/node_modules/mongoose/lib/schema/documentArray.js:481:30)
    at _init (/home/mir/dev/projects/tha_drop_backend/node_modules/.pnpm/mongoose@8.8.4/node_modules/mongoose/lib/document.js:797:35)
ValidationError
Tue Jan 14 2025 10:23:20 [Tha Drop] [32minfo[39m: Successfully Connected to MongoDB Atlas
Tue Jan 14 2025 10:23:20 [Tha Drop] [32minfo[39m: Server is running at PORT: 8080
Tue Jan 14 2025 10:23:50 [Tha Drop] [32minfo[39m: Successfully Connected to MongoDB Atlas
Tue Jan 14 2025 10:23:50 [Tha Drop] [32minfo[39m: Server is running at PORT: 8080
Tue Jan 14 2025 10:24:47 [Tha Drop] [31merror[39m: User validation failed: schedule.0.startAt: Cast to Number failed for value "11:00 AM" (type string) at path "startAt", schedule.0.endAt: Cast to Number failed for value "10:55 PM" (type string) at path "endAt", schedule.1.startAt: Cast to Number failed for value "9:00 AM" (type string) at path "startAt", schedule.1.endAt: Cast to Number failed for value "5:00 PM" (type string) at path "endAt", schedule.2.startAt: Cast to Number failed for value "9:00 AM" (type string) at path "startAt", schedule.2.endAt: Cast to Number failed for value "5:00 PM" (type string) at path "endAt", schedule.3.startAt: Cast to Number failed for value "9:00 AM" (type string) at path "startAt", schedule.3.endAt: Cast to Number failed for value "6:00 PM" (type string) at path "endAt", schedule.4.startAt: Cast to Number failed for value "6:00 AM" (type string) at path "startAt", schedule.4.endAt: Cast to Number failed for value "1:00 AM" (type string) at path "endAt", schedule.5.startAt: Cast to Number failed for value "12:00 AM" (type string) at path "startAt", schedule.5.endAt: Cast to Number failed for value "4:00 PM" (type string) at path "endAt", schedule.6.startAt: Cast to Number failed for value "5:00 AM" (type string) at path "startAt", schedule.6.endAt: Cast to Number failed for value "3:00 PM" (type string) at path "endAt"
ValidationError: User validation failed: schedule.0.startAt: Cast to Number failed for value "11:00 AM" (type string) at path "startAt", schedule.0.endAt: Cast to Number failed for value "10:55 PM" (type string) at path "endAt", schedule.1.startAt: Cast to Number failed for value "9:00 AM" (type string) at path "startAt", schedule.1.endAt: Cast to Number failed for value "5:00 PM" (type string) at path "endAt", schedule.2.startAt: Cast to Number failed for value "9:00 AM" (type string) at path "startAt", schedule.2.endAt: Cast to Number failed for value "5:00 PM" (type string) at path "endAt", schedule.3.startAt: Cast to Number failed for value "9:00 AM" (type string) at path "startAt", schedule.3.endAt: Cast to Number failed for value "6:00 PM" (type string) at path "endAt", schedule.4.startAt: Cast to Number failed for value "6:00 AM" (type string) at path "startAt", schedule.4.endAt: Cast to Number failed for value "1:00 AM" (type string) at path "endAt", schedule.5.startAt: Cast to Number failed for value "12:00 AM" (type string) at path "startAt", schedule.5.endAt: Cast to Number failed for value "4:00 PM" (type string) at path "endAt", schedule.6.startAt: Cast to Number failed for value "5:00 AM" (type string) at path "startAt", schedule.6.endAt: Cast to Number failed for value "3:00 PM" (type string) at path "endAt"
    at model.Document.invalidate (/home/mir/dev/projects/tha_drop_backend/node_modules/.pnpm/mongoose@8.8.4/node_modules/mongoose/lib/document.js:3318:32)
    at EmbeddedDocument.Subdocument.invalidate (/home/mir/dev/projects/tha_drop_backend/node_modules/.pnpm/mongoose@8.8.4/node_modules/mongoose/lib/types/subdocument.js:229:12)
    at _init (/home/mir/dev/projects/tha_drop_backend/node_modules/.pnpm/mongoose@8.8.4/node_modules/mongoose/lib/document.js:800:18)
    at init (/home/mir/dev/projects/tha_drop_backend/node_modules/.pnpm/mongoose@8.8.4/node_modules/mongoose/lib/document.js:747:5)
    at EmbeddedDocument.Document.$__init (/home/mir/dev/projects/tha_drop_backend/node_modules/.pnpm/mongoose@8.8.4/node_modules/mongoose/lib/document.js:705:3)
    at EmbeddedDocument.syncWrapper [as $__init] (/home/mir/dev/projects/tha_drop_backend/node_modules/.pnpm/kareem@2.6.3/node_modules/kareem/index.js:331:25)
    at EmbeddedDocument.Document.init (/home/mir/dev/projects/tha_drop_backend/node_modules/.pnpm/mongoose@8.8.4/node_modules/mongoose/lib/document.js:649:8)
    at EmbeddedDocument.Document.$init (/home/mir/dev/projects/tha_drop_backend/node_modules/.pnpm/mongoose@8.8.4/node_modules/mongoose/lib/document.js:665:42)
    at SchemaDocumentArray.cast (/home/mir/dev/projects/tha_drop_backend/node_modules/.pnpm/mongoose@8.8.4/node_modules/mongoose/lib/schema/documentArray.js:481:30)
    at _init (/home/mir/dev/projects/tha_drop_backend/node_modules/.pnpm/mongoose@8.8.4/node_modules/mongoose/lib/document.js:797:35)
ValidationError
Tue Jan 14 2025 10:29:54 [Tha Drop] [31merror[39m: User validation failed: licensePhoto: Path `licensePhoto` is required.
ValidationError: User validation failed: licensePhoto: Path `licensePhoto` is required.
    at model.Document.invalidate (/home/mir/dev/projects/tha_drop_backend/node_modules/.pnpm/mongoose@8.8.4/node_modules/mongoose/lib/document.js:3318:32)
    at /home/mir/dev/projects/tha_drop_backend/node_modules/.pnpm/mongoose@8.8.4/node_modules/mongoose/lib/document.js:3079:17
    at /home/mir/dev/projects/tha_drop_backend/node_modules/.pnpm/mongoose@8.8.4/node_modules/mongoose/lib/schemaType.js:1388:9
    at processTicksAndRejections (node:internal/process/task_queues:85:11)
ValidationError
Tue Jan 14 2025 10:39:8 [Tha Drop] [31merror[39m: Wrong password
UnauthorizedError: Wrong password
    at login (/home/mir/dev/projects/tha_drop_backend/src/controllers/authController.ts:161:48)
UnauthorizedError
Tue Jan 14 2025 10:47:49 [Tha Drop] [32minfo[39m: Successfully Connected to MongoDB Atlas
Tue Jan 14 2025 10:47:49 [Tha Drop] [32minfo[39m: Server is running at PORT: 8080
Tue Jan 14 2025 10:48:4 [Tha Drop] [32minfo[39m: Successfully Connected to MongoDB Atlas
Tue Jan 14 2025 10:48:4 [Tha Drop] [32minfo[39m: Server is running at PORT: 8080
Tue Jan 14 2025 10:48:53 [Tha Drop] [31merror[39m: Auth validation failed: role: `Admin` is not a valid enum value for path `role`.
ValidationError: Auth validation failed: role: `Admin` is not a valid enum value for path `role`.
    at model.Document.invalidate (/home/mir/dev/projects/tha_drop_backend/node_modules/.pnpm/mongoose@8.8.4/node_modules/mongoose/lib/document.js:3318:32)
    at /home/mir/dev/projects/tha_drop_backend/node_modules/.pnpm/mongoose@8.8.4/node_modules/mongoose/lib/document.js:3079:17
    at /home/mir/dev/projects/tha_drop_backend/node_modules/.pnpm/mongoose@8.8.4/node_modules/mongoose/lib/schemaType.js:1388:9
    at processTicksAndRejections (node:internal/process/task_queues:85:11)
ValidationError
Tue Jan 14 2025 10:55:43 [Tha Drop] [31merror[39m: Your destination account needs to have at least one of the following capabilities enabled: transfers, crypto_transfers, legacy_payments
Error: Your destination account needs to have at least one of the following capabilities enabled: transfers, crypto_transfers, legacy_payments
    at generateV1Error (/home/mir/dev/projects/tha_drop_backend/node_modules/.pnpm/stripe@17.4.0/node_modules/stripe/cjs/Error.js:11:20)
    at res.toJSON.then.Error_js_1.StripeAPIError.message (/home/mir/dev/projects/tha_drop_backend/node_modules/.pnpm/stripe@17.4.0/node_modules/stripe/cjs/RequestSender.js:108:62)
    at processTicksAndRejections (node:internal/process/task_queues:105:5)
Error
