Tue Jan 14 2025 13:32:34 [Tha Drop] [32minfo[39m: Successfully Connected to MongoDB Atlas
Tue Jan 14 2025 13:32:34 [Tha Drop] [32minfo[39m: Server is running at PORT: 8080
Tue Jan 14 2025 13:35:20 [Tha Drop] [32minfo[39m: Successfully Connected to MongoDB Atlas
Tue Jan 14 2025 13:35:20 [Tha Drop] [32minfo[39m: Server is running at PORT: 8080
Tue Jan 14 2025 13:38:17 [Tha Drop] [32minfo[39m: Successfully Connected to MongoDB Atlas
Tue Jan 14 2025 13:38:17 [Tha Drop] [32minfo[39m: Server is running at PORT: 8080
Tue Jan 14 2025 13:38:33 [Tha Drop] [32minfo[39m: Successfully Connected to MongoDB Atlas
Tue Jan 14 2025 13:38:33 [Tha Drop] [32minfo[39m: Server is running at PORT: 8080
Tue Jan 14 2025 13:39:7 [Tha Drop] [32minfo[39m: Successfully Connected to MongoDB Atlas
Tue Jan 14 2025 13:39:7 [Tha Drop] [32minfo[39m: Server is running at PORT: 8080
Tue Jan 14 2025 13:40:2 [Tha Drop] [32minfo[39m: Successfully Connected to MongoDB Atlas
Tue Jan 14 2025 13:40:2 [Tha Drop] [32minfo[39m: Server is running at PORT: 8080
Tue Jan 14 2025 13:40:42 [Tha Drop] [31merror[39m: Account Not Found
NotFoundError: Account Not Found
    at /home/mir/dev/projects/tha_drop_backend/src/middlewares/authorization.ts:50:43
    at processTicksAndRejections (node:internal/process/task_queues:105:5)
NotFoundError
Tue Jan 14 2025 13:40:50 [Tha Drop] [31merror[39m: No account found with the given email
NotFoundError: No account found with the given email
    at login (/home/mir/dev/projects/tha_drop_backend/src/controllers/authController.ts:157:37)
    at processTicksAndRejections (node:internal/process/task_queues:105:5)
NotFoundError
Tue Jan 14 2025 13:41:6 [Tha Drop] [32minfo[39m: Successfully Connected to MongoDB Atlas
Tue Jan 14 2025 13:41:6 [Tha Drop] [32minfo[39m: Server is running at PORT: 8080
Tue Jan 14 2025 13:41:48 [Tha Drop] [32minfo[39m: Successfully Connected to MongoDB Atlas
Tue Jan 14 2025 13:41:48 [Tha Drop] [32minfo[39m: Server is running at PORT: 8080
Tue Jan 14 2025 13:42:3 [Tha Drop] [32minfo[39m: Successfully Connected to MongoDB Atlas
Tue Jan 14 2025 13:42:3 [Tha Drop] [32minfo[39m: Server is running at PORT: 8080
Tue Jan 14 2025 13:43:47 [Tha Drop] [31merror[39m: Not Authorized
UnauthorizedError: Not Authorized
    at /home/mir/dev/projects/tha_drop_backend/src/middlewares/authorization.ts:37:36
    at Layer.handle [as handle_request] (/home/mir/dev/projects/tha_drop_backend/node_modules/.pnpm/express@4.21.2/node_modules/express/lib/router/layer.js:95:5)
    at next (/home/mir/dev/projects/tha_drop_backend/node_modules/.pnpm/express@4.21.2/node_modules/express/lib/router/route.js:149:13)
    at Route.dispatch (/home/mir/dev/projects/tha_drop_backend/node_modules/.pnpm/express@4.21.2/node_modules/express/lib/router/route.js:119:3)
    at Layer.handle [as handle_request] (/home/mir/dev/projects/tha_drop_backend/node_modules/.pnpm/express@4.21.2/node_modules/express/lib/router/layer.js:95:5)
    at /home/mir/dev/projects/tha_drop_backend/node_modules/.pnpm/express@4.21.2/node_modules/express/lib/router/index.js:284:15
    at Function.process_params (/home/mir/dev/projects/tha_drop_backend/node_modules/.pnpm/express@4.21.2/node_modules/express/lib/router/index.js:346:12)
    at next (/home/mir/dev/projects/tha_drop_backend/node_modules/.pnpm/express@4.21.2/node_modules/express/lib/router/index.js:280:10)
    at Function.handle (/home/mir/dev/projects/tha_drop_backend/node_modules/.pnpm/express@4.21.2/node_modules/express/lib/router/index.js:175:3)
    at router (/home/mir/dev/projects/tha_drop_backend/node_modules/.pnpm/express@4.21.2/node_modules/express/lib/router/index.js:47:12)
UnauthorizedError
