Sat Dec 28 2024 1:13:15 [PodCast] [32minfo[39m: Successfully Connected to MongoDB Atlas
Sat Dec 28 2024 1:13:15 [PodCast] [32minfo[39m: Server is running at PORT: 8080
Sat Dec 28 2024 1:20:18 [PodCast] [31merror[39m: Not Authorized
UnauthorizedError: Not Authorized
    at /home/mir/dev/projects/alwaysbanks_backend/src/middlewares/authorization.ts:37:36
    at Layer.handle [as handle_request] (/home/mir/dev/projects/alwaysbanks_backend/node_modules/.pnpm/express@4.21.2/node_modules/express/lib/router/layer.js:95:5)
    at next (/home/mir/dev/projects/alwaysbanks_backend/node_modules/.pnpm/express@4.21.2/node_modules/express/lib/router/route.js:149:13)
    at Route.dispatch (/home/mir/dev/projects/alwaysbanks_backend/node_modules/.pnpm/express@4.21.2/node_modules/express/lib/router/route.js:119:3)
    at Layer.handle [as handle_request] (/home/mir/dev/projects/alwaysbanks_backend/node_modules/.pnpm/express@4.21.2/node_modules/express/lib/router/layer.js:95:5)
    at /home/mir/dev/projects/alwaysbanks_backend/node_modules/.pnpm/express@4.21.2/node_modules/express/lib/router/index.js:284:15
    at Function.process_params (/home/mir/dev/projects/alwaysbanks_backend/node_modules/.pnpm/express@4.21.2/node_modules/express/lib/router/index.js:346:12)
    at next (/home/mir/dev/projects/alwaysbanks_backend/node_modules/.pnpm/express@4.21.2/node_modules/express/lib/router/index.js:280:10)
    at Function.handle (/home/mir/dev/projects/alwaysbanks_backend/node_modules/.pnpm/express@4.21.2/node_modules/express/lib/router/index.js:175:3)
    at router (/home/mir/dev/projects/alwaysbanks_backend/node_modules/.pnpm/express@4.21.2/node_modules/express/lib/router/index.js:47:12)
UnauthorizedError
Sat Dec 28 2024 1:27:59 [PodCast] [31merror[39m: You are blocked
ForbiddenError: You are blocked
    at /home/mir/dev/projects/alwaysbanks_backend/src/middlewares/authorization.ts:52:52
    at processTicksAndRejections (node:internal/process/task_queues:105:5)
ForbiddenError
Sat Dec 28 2024 1:29:29 [PodCast] [31merror[39m: Cover and gallery image is required
BadRequestError: Cover and gallery image is required
    at create (/home/mir/dev/projects/alwaysbanks_backend/src/controllers/eventController.ts:17:32)
    at Layer.handle [as handle_request] (/home/mir/dev/projects/alwaysbanks_backend/node_modules/.pnpm/express@4.21.2/node_modules/express/lib/router/layer.js:95:5)
    at next (/home/mir/dev/projects/alwaysbanks_backend/node_modules/.pnpm/express@4.21.2/node_modules/express/lib/router/route.js:149:13)
    at Route.dispatch (/home/mir/dev/projects/alwaysbanks_backend/node_modules/.pnpm/express@4.21.2/node_modules/express/lib/router/route.js:119:3)
    at Layer.handle [as handle_request] (/home/mir/dev/projects/alwaysbanks_backend/node_modules/.pnpm/express@4.21.2/node_modules/express/lib/router/layer.js:95:5)
    at /home/mir/dev/projects/alwaysbanks_backend/node_modules/.pnpm/express@4.21.2/node_modules/express/lib/router/index.js:284:15
    at Function.process_params (/home/mir/dev/projects/alwaysbanks_backend/node_modules/.pnpm/express@4.21.2/node_modules/express/lib/router/index.js:346:12)
    at next (/home/mir/dev/projects/alwaysbanks_backend/node_modules/.pnpm/express@4.21.2/node_modules/express/lib/router/index.js:280:10)
    at Function.handle (/home/mir/dev/projects/alwaysbanks_backend/node_modules/.pnpm/express@4.21.2/node_modules/express/lib/router/index.js:175:3)
    at router (/home/mir/dev/projects/alwaysbanks_backend/node_modules/.pnpm/express@4.21.2/node_modules/express/lib/router/index.js:47:12)
BadRequestError
Sat Dec 28 2024 1:30:16 [PodCast] [32minfo[39m: Successfully Connected to MongoDB Atlas
Sat Dec 28 2024 1:30:16 [PodCast] [32minfo[39m: Server is running at PORT: 8080
Sat Dec 28 2024 1:30:39 [PodCast] [32minfo[39m: Successfully Connected to MongoDB Atlas
Sat Dec 28 2024 1:30:39 [PodCast] [32minfo[39m: Server is running at PORT: 8080
Sat Dec 28 2024 1:32:46 [PodCast] [32minfo[39m: Successfully Connected to MongoDB Atlas
Sat Dec 28 2024 1:32:46 [PodCast] [32minfo[39m: Server is running at PORT: 8080
Sat Dec 28 2024 1:32:49 [PodCast] [31merror[39m: Event validation failed: deadline: Cast to date failed for value "2025-12-28T10:30:00Z"" (type string) at path "deadline", subCategory: Path `subCategory` is required., category: Path `category` is required.
ValidationError: Event validation failed: deadline: Cast to date failed for value "2025-12-28T10:30:00Z"" (type string) at path "deadline", subCategory: Path `subCategory` is required., category: Path `category` is required.
    at model.Document.invalidate (/home/mir/dev/projects/alwaysbanks_backend/node_modules/.pnpm/mongoose@8.8.4/node_modules/mongoose/lib/document.js:3318:32)
    at model.$set (/home/mir/dev/projects/alwaysbanks_backend/node_modules/.pnpm/mongoose@8.8.4/node_modules/mongoose/lib/document.js:1474:12)
    at model.$set (/home/mir/dev/projects/alwaysbanks_backend/node_modules/.pnpm/mongoose@8.8.4/node_modules/mongoose/lib/document.js:1128:16)
    at model.Document (/home/mir/dev/projects/alwaysbanks_backend/node_modules/.pnpm/mongoose@8.8.4/node_modules/mongoose/lib/document.js:177:12)
    at model.Model (/home/mir/dev/projects/alwaysbanks_backend/node_modules/.pnpm/mongoose@8.8.4/node_modules/mongoose/lib/model.js:128:12)
    at new model (/home/mir/dev/projects/alwaysbanks_backend/node_modules/.pnpm/mongoose@8.8.4/node_modules/mongoose/lib/model.js:4689:15)
    at /home/mir/dev/projects/alwaysbanks_backend/node_modules/.pnpm/mongoose@8.8.4/node_modules/mongoose/lib/model.js:2682:20
    at Array.map (<anonymous>)
    at Function.create (/home/mir/dev/projects/alwaysbanks_backend/node_modules/.pnpm/mongoose@8.8.4/node_modules/mongoose/lib/model.js:2670:34)
    at create (/home/mir/dev/projects/alwaysbanks_backend/src/controllers/eventController.ts:47:15)
ValidationError
Sat Dec 28 2024 1:35:6 [PodCast] [32minfo[39m: Successfully Connected to MongoDB Atlas
Sat Dec 28 2024 1:35:6 [PodCast] [32minfo[39m: Server is running at PORT: 8080
Sat Dec 28 2024 1:35:21 [PodCast] [31merror[39m: Event validation failed: category: Path `category` is required., subCategory: Path `subCategory` is required.
ValidationError: Event validation failed: category: Path `category` is required., subCategory: Path `subCategory` is required.
    at model.Document.invalidate (/home/mir/dev/projects/alwaysbanks_backend/node_modules/.pnpm/mongoose@8.8.4/node_modules/mongoose/lib/document.js:3318:32)
    at /home/mir/dev/projects/alwaysbanks_backend/node_modules/.pnpm/mongoose@8.8.4/node_modules/mongoose/lib/document.js:3079:17
    at /home/mir/dev/projects/alwaysbanks_backend/node_modules/.pnpm/mongoose@8.8.4/node_modules/mongoose/lib/schemaType.js:1388:9
    at processTicksAndRejections (node:internal/process/task_queues:85:11)
ValidationError
Sat Dec 28 2024 1:35:33 [PodCast] [32minfo[39m: Successfully Connected to MongoDB Atlas
Sat Dec 28 2024 1:35:33 [PodCast] [32minfo[39m: Server is running at PORT: 8080
Sat Dec 28 2024 1:36:17 [PodCast] [32minfo[39m: Successfully Connected to MongoDB Atlas
Sat Dec 28 2024 1:36:17 [PodCast] [32minfo[39m: Server is running at PORT: 8080
Sat Dec 28 2024 1:38:53 [PodCast] [31merror[39m: Cast to ObjectId failed for value "get" (type string) at path "_id" for model "Event"
CastError: Cast to ObjectId failed for value "get" (type string) at path "_id" for model "Event"
    at SchemaObjectId.cast (/home/mir/dev/projects/alwaysbanks_backend/node_modules/.pnpm/mongoose@8.8.4/node_modules/mongoose/lib/schema/objectId.js:250:11)
    at SchemaObjectId.SchemaType.applySetters (/home/mir/dev/projects/alwaysbanks_backend/node_modules/.pnpm/mongoose@8.8.4/node_modules/mongoose/lib/schemaType.js:1236:12)
    at SchemaObjectId.SchemaType.castForQuery (/home/mir/dev/projects/alwaysbanks_backend/node_modules/.pnpm/mongoose@8.8.4/node_modules/mongoose/lib/schemaType.js:1653:17)
    at cast (/home/mir/dev/projects/alwaysbanks_backend/node_modules/.pnpm/mongoose@8.8.4/node_modules/mongoose/lib/cast.js:390:32)
    at model.Query.Query.cast (/home/mir/dev/projects/alwaysbanks_backend/node_modules/.pnpm/mongoose@8.8.4/node_modules/mongoose/lib/query.js:4906:12)
    at model.Query.Query._castConditions (/home/mir/dev/projects/alwaysbanks_backend/node_modules/.pnpm/mongoose@8.8.4/node_modules/mongoose/lib/query.js:2309:10)
    at model.Query._findOne (/home/mir/dev/projects/alwaysbanks_backend/node_modules/.pnpm/mongoose@8.8.4/node_modules/mongoose/lib/query.js:2632:8)
    at model.Query.exec (/home/mir/dev/projects/alwaysbanks_backend/node_modules/.pnpm/mongoose@8.8.4/node_modules/mongoose/lib/query.js:4458:80)
    at processTicksAndRejections (node:internal/process/task_queues:105:5)
    at async get (/home/mir/dev/projects/alwaysbanks_backend/src/controllers/eventController.ts:70:28)
CastError
Sat Dec 28 2024 1:38:56 [PodCast] [31merror[39m: Cast to ObjectId failed for value "get" (type string) at path "_id" for model "Event"
CastError: Cast to ObjectId failed for value "get" (type string) at path "_id" for model "Event"
    at SchemaObjectId.cast (/home/mir/dev/projects/alwaysbanks_backend/node_modules/.pnpm/mongoose@8.8.4/node_modules/mongoose/lib/schema/objectId.js:250:11)
    at SchemaObjectId.SchemaType.applySetters (/home/mir/dev/projects/alwaysbanks_backend/node_modules/.pnpm/mongoose@8.8.4/node_modules/mongoose/lib/schemaType.js:1236:12)
    at SchemaObjectId.SchemaType.castForQuery (/home/mir/dev/projects/alwaysbanks_backend/node_modules/.pnpm/mongoose@8.8.4/node_modules/mongoose/lib/schemaType.js:1653:17)
    at cast (/home/mir/dev/projects/alwaysbanks_backend/node_modules/.pnpm/mongoose@8.8.4/node_modules/mongoose/lib/cast.js:390:32)
    at model.Query.Query.cast (/home/mir/dev/projects/alwaysbanks_backend/node_modules/.pnpm/mongoose@8.8.4/node_modules/mongoose/lib/query.js:4906:12)
    at model.Query.Query._castConditions (/home/mir/dev/projects/alwaysbanks_backend/node_modules/.pnpm/mongoose@8.8.4/node_modules/mongoose/lib/query.js:2309:10)
    at model.Query._findOne (/home/mir/dev/projects/alwaysbanks_backend/node_modules/.pnpm/mongoose@8.8.4/node_modules/mongoose/lib/query.js:2632:8)
    at model.Query.exec (/home/mir/dev/projects/alwaysbanks_backend/node_modules/.pnpm/mongoose@8.8.4/node_modules/mongoose/lib/query.js:4458:80)
    at processTicksAndRejections (node:internal/process/task_queues:105:5)
    at async get (/home/mir/dev/projects/alwaysbanks_backend/src/controllers/eventController.ts:70:28)
CastError
Sat Dec 28 2024 1:39:27 [PodCast] [32minfo[39m: Successfully Connected to MongoDB Atlas
Sat Dec 28 2024 1:39:27 [PodCast] [32minfo[39m: Server is running at PORT: 8080
Sat Dec 28 2024 1:39:30 [PodCast] [31merror[39m: Cast to ObjectId failed for value "get" (type string) at path "_id" for model "Event"
CastError: Cast to ObjectId failed for value "get" (type string) at path "_id" for model "Event"
    at SchemaObjectId.cast (/home/mir/dev/projects/alwaysbanks_backend/node_modules/.pnpm/mongoose@8.8.4/node_modules/mongoose/lib/schema/objectId.js:250:11)
    at SchemaObjectId.SchemaType.applySetters (/home/mir/dev/projects/alwaysbanks_backend/node_modules/.pnpm/mongoose@8.8.4/node_modules/mongoose/lib/schemaType.js:1236:12)
    at SchemaObjectId.SchemaType.castForQuery (/home/mir/dev/projects/alwaysbanks_backend/node_modules/.pnpm/mongoose@8.8.4/node_modules/mongoose/lib/schemaType.js:1653:17)
    at cast (/home/mir/dev/projects/alwaysbanks_backend/node_modules/.pnpm/mongoose@8.8.4/node_modules/mongoose/lib/cast.js:390:32)
    at model.Query.Query.cast (/home/mir/dev/projects/alwaysbanks_backend/node_modules/.pnpm/mongoose@8.8.4/node_modules/mongoose/lib/query.js:4906:12)
    at model.Query.Query._castConditions (/home/mir/dev/projects/alwaysbanks_backend/node_modules/.pnpm/mongoose@8.8.4/node_modules/mongoose/lib/query.js:2309:10)
    at model.Query._findOne (/home/mir/dev/projects/alwaysbanks_backend/node_modules/.pnpm/mongoose@8.8.4/node_modules/mongoose/lib/query.js:2632:8)
    at model.Query.exec (/home/mir/dev/projects/alwaysbanks_backend/node_modules/.pnpm/mongoose@8.8.4/node_modules/mongoose/lib/query.js:4458:80)
    at processTicksAndRejections (node:internal/process/task_queues:105:5)
    at async get (/home/mir/dev/projects/alwaysbanks_backend/src/controllers/eventController.ts:70:28)
CastError
Sat Dec 28 2024 1:39:43 [PodCast] [32minfo[39m: Successfully Connected to MongoDB Atlas
Sat Dec 28 2024 1:39:43 [PodCast] [32minfo[39m: Server is running at PORT: 8080
Sat Dec 28 2024 1:40:8 [PodCast] [32minfo[39m: Successfully Connected to MongoDB Atlas
Sat Dec 28 2024 1:40:8 [PodCast] [32minfo[39m: Server is running at PORT: 8080
Sat Dec 28 2024 1:40:16 [PodCast] [32minfo[39m: Successfully Connected to MongoDB Atlas
Sat Dec 28 2024 1:40:16 [PodCast] [32minfo[39m: Server is running at PORT: 8080
Sat Dec 28 2024 1:40:26 [PodCast] [31merror[39m: Cannot populate path `categoryId` because it is not in your schema. Set the `strictPopulate` option to false to override.
StrictPopulateError: Cannot populate path `categoryId` because it is not in your schema. Set the `strictPopulate` option to false to override.
    at getModelsMapForPopulate (/home/mir/dev/projects/alwaysbanks_backend/node_modules/.pnpm/mongoose@8.8.4/node_modules/mongoose/lib/helpers/populate/getModelsMapForPopulate.js:50:12)
    at populate (/home/mir/dev/projects/alwaysbanks_backend/node_modules/.pnpm/mongoose@8.8.4/node_modules/mongoose/lib/model.js:4323:21)
    at _populate (/home/mir/dev/projects/alwaysbanks_backend/node_modules/.pnpm/mongoose@8.8.4/node_modules/mongoose/lib/model.js:4283:5)
    at /home/mir/dev/projects/alwaysbanks_backend/node_modules/.pnpm/mongoose@8.8.4/node_modules/mongoose/lib/model.js:4255:5
    at new Promise (<anonymous>)
    at Function.populate (/home/mir/dev/projects/alwaysbanks_backend/node_modules/.pnpm/mongoose@8.8.4/node_modules/mongoose/lib/model.js:4254:10)
    at model.Query._find (/home/mir/dev/projects/alwaysbanks_backend/node_modules/.pnpm/mongoose@8.8.4/node_modules/mongoose/lib/query.js:2387:24)
    at processTicksAndRejections (node:internal/process/task_queues:105:5)
    at async model.Query.exec (/home/mir/dev/projects/alwaysbanks_backend/node_modules/.pnpm/mongoose@8.8.4/node_modules/mongoose/lib/query.js:4458:63)
    at async getAll (/home/mir/dev/projects/alwaysbanks_backend/src/controllers/eventController.ts:84:29)
StrictPopulateError
Sat Dec 28 2024 1:40:49 [PodCast] [32minfo[39m: Successfully Connected to MongoDB Atlas
Sat Dec 28 2024 1:40:49 [PodCast] [32minfo[39m: Server is running at PORT: 8080
Sat Dec 28 2024 1:40:52 [PodCast] [31merror[39m: Cannot populate path `categoryId` because it is not in your schema. Set the `strictPopulate` option to false to override.
StrictPopulateError: Cannot populate path `categoryId` because it is not in your schema. Set the `strictPopulate` option to false to override.
    at getModelsMapForPopulate (/home/mir/dev/projects/alwaysbanks_backend/node_modules/.pnpm/mongoose@8.8.4/node_modules/mongoose/lib/helpers/populate/getModelsMapForPopulate.js:50:12)
    at populate (/home/mir/dev/projects/alwaysbanks_backend/node_modules/.pnpm/mongoose@8.8.4/node_modules/mongoose/lib/model.js:4323:21)
    at _populate (/home/mir/dev/projects/alwaysbanks_backend/node_modules/.pnpm/mongoose@8.8.4/node_modules/mongoose/lib/model.js:4283:5)
    at /home/mir/dev/projects/alwaysbanks_backend/node_modules/.pnpm/mongoose@8.8.4/node_modules/mongoose/lib/model.js:4255:5
    at new Promise (<anonymous>)
    at Function.populate (/home/mir/dev/projects/alwaysbanks_backend/node_modules/.pnpm/mongoose@8.8.4/node_modules/mongoose/lib/model.js:4254:10)
    at model.Query._find (/home/mir/dev/projects/alwaysbanks_backend/node_modules/.pnpm/mongoose@8.8.4/node_modules/mongoose/lib/query.js:2387:24)
    at processTicksAndRejections (node:internal/process/task_queues:105:5)
    at async model.Query.exec (/home/mir/dev/projects/alwaysbanks_backend/node_modules/.pnpm/mongoose@8.8.4/node_modules/mongoose/lib/query.js:4458:63)
    at async getAll (/home/mir/dev/projects/alwaysbanks_backend/src/controllers/eventController.ts:84:29)
StrictPopulateError
Sat Dec 28 2024 1:41:14 [PodCast] [32minfo[39m: Successfully Connected to MongoDB Atlas
Sat Dec 28 2024 1:41:14 [PodCast] [32minfo[39m: Server is running at PORT: 8080
Sat Dec 28 2024 1:41:41 [PodCast] [32minfo[39m: Successfully Connected to MongoDB Atlas
Sat Dec 28 2024 1:41:41 [PodCast] [32minfo[39m: Server is running at PORT: 8080
Sat Dec 28 2024 1:43:4 [PodCast] [31merror[39m: Cast to ObjectId failed for value ":id" (type string) at path "_id" for model "Event"
CastError: Cast to ObjectId failed for value ":id" (type string) at path "_id" for model "Event"
    at SchemaObjectId.cast (/home/mir/dev/projects/alwaysbanks_backend/node_modules/.pnpm/mongoose@8.8.4/node_modules/mongoose/lib/schema/objectId.js:250:11)
    at SchemaObjectId.SchemaType.applySetters (/home/mir/dev/projects/alwaysbanks_backend/node_modules/.pnpm/mongoose@8.8.4/node_modules/mongoose/lib/schemaType.js:1236:12)
    at SchemaObjectId.SchemaType.castForQuery (/home/mir/dev/projects/alwaysbanks_backend/node_modules/.pnpm/mongoose@8.8.4/node_modules/mongoose/lib/schemaType.js:1653:17)
    at cast (/home/mir/dev/projects/alwaysbanks_backend/node_modules/.pnpm/mongoose@8.8.4/node_modules/mongoose/lib/cast.js:390:32)
    at model.Query.Query.cast (/home/mir/dev/projects/alwaysbanks_backend/node_modules/.pnpm/mongoose@8.8.4/node_modules/mongoose/lib/query.js:4906:12)
    at model.Query.Query._castConditions (/home/mir/dev/projects/alwaysbanks_backend/node_modules/.pnpm/mongoose@8.8.4/node_modules/mongoose/lib/query.js:2309:10)
    at model.Query._findOne (/home/mir/dev/projects/alwaysbanks_backend/node_modules/.pnpm/mongoose@8.8.4/node_modules/mongoose/lib/query.js:2632:8)
    at model.Query.exec (/home/mir/dev/projects/alwaysbanks_backend/node_modules/.pnpm/mongoose@8.8.4/node_modules/mongoose/lib/query.js:4458:80)
    at processTicksAndRejections (node:internal/process/task_queues:105:5)
    at async get (/home/mir/dev/projects/alwaysbanks_backend/src/controllers/eventController.ts:70:28)
CastError
Sat Dec 28 2024 1:43:15 [PodCast] [31merror[39m: Cast to ObjectId failed for value "id" (type string) at path "_id" for model "Event"
CastError: Cast to ObjectId failed for value "id" (type string) at path "_id" for model "Event"
    at SchemaObjectId.cast (/home/mir/dev/projects/alwaysbanks_backend/node_modules/.pnpm/mongoose@8.8.4/node_modules/mongoose/lib/schema/objectId.js:250:11)
    at SchemaObjectId.SchemaType.applySetters (/home/mir/dev/projects/alwaysbanks_backend/node_modules/.pnpm/mongoose@8.8.4/node_modules/mongoose/lib/schemaType.js:1236:12)
    at SchemaObjectId.SchemaType.castForQuery (/home/mir/dev/projects/alwaysbanks_backend/node_modules/.pnpm/mongoose@8.8.4/node_modules/mongoose/lib/schemaType.js:1653:17)
    at cast (/home/mir/dev/projects/alwaysbanks_backend/node_modules/.pnpm/mongoose@8.8.4/node_modules/mongoose/lib/cast.js:390:32)
    at model.Query.Query.cast (/home/mir/dev/projects/alwaysbanks_backend/node_modules/.pnpm/mongoose@8.8.4/node_modules/mongoose/lib/query.js:4906:12)
    at model.Query.Query._castConditions (/home/mir/dev/projects/alwaysbanks_backend/node_modules/.pnpm/mongoose@8.8.4/node_modules/mongoose/lib/query.js:2309:10)
    at model.Query._findOne (/home/mir/dev/projects/alwaysbanks_backend/node_modules/.pnpm/mongoose@8.8.4/node_modules/mongoose/lib/query.js:2632:8)
    at model.Query.exec (/home/mir/dev/projects/alwaysbanks_backend/node_modules/.pnpm/mongoose@8.8.4/node_modules/mongoose/lib/query.js:4458:80)
    at processTicksAndRejections (node:internal/process/task_queues:105:5)
    at async get (/home/mir/dev/projects/alwaysbanks_backend/src/controllers/eventController.ts:70:28)
CastError
Sat Dec 28 2024 1:43:31 [PodCast] [31merror[39m: Cast to ObjectId failed for value ":id" (type string) at path "_id" for model "Event"
CastError: Cast to ObjectId failed for value ":id" (type string) at path "_id" for model "Event"
    at SchemaObjectId.cast (/home/mir/dev/projects/alwaysbanks_backend/node_modules/.pnpm/mongoose@8.8.4/node_modules/mongoose/lib/schema/objectId.js:250:11)
    at SchemaObjectId.SchemaType.applySetters (/home/mir/dev/projects/alwaysbanks_backend/node_modules/.pnpm/mongoose@8.8.4/node_modules/mongoose/lib/schemaType.js:1236:12)
    at SchemaObjectId.SchemaType.castForQuery (/home/mir/dev/projects/alwaysbanks_backend/node_modules/.pnpm/mongoose@8.8.4/node_modules/mongoose/lib/schemaType.js:1653:17)
    at cast (/home/mir/dev/projects/alwaysbanks_backend/node_modules/.pnpm/mongoose@8.8.4/node_modules/mongoose/lib/cast.js:390:32)
    at model.Query.Query.cast (/home/mir/dev/projects/alwaysbanks_backend/node_modules/.pnpm/mongoose@8.8.4/node_modules/mongoose/lib/query.js:4906:12)
    at model.Query.Query._castConditions (/home/mir/dev/projects/alwaysbanks_backend/node_modules/.pnpm/mongoose@8.8.4/node_modules/mongoose/lib/query.js:2309:10)
    at model.Query._findOne (/home/mir/dev/projects/alwaysbanks_backend/node_modules/.pnpm/mongoose@8.8.4/node_modules/mongoose/lib/query.js:2632:8)
    at model.Query.exec (/home/mir/dev/projects/alwaysbanks_backend/node_modules/.pnpm/mongoose@8.8.4/node_modules/mongoose/lib/query.js:4458:80)
    at processTicksAndRejections (node:internal/process/task_queues:105:5)
    at async get (/home/mir/dev/projects/alwaysbanks_backend/src/controllers/eventController.ts:70:28)
CastError
Sat Dec 28 2024 1:44:29 [PodCast] [32minfo[39m: Successfully Connected to MongoDB Atlas
Sat Dec 28 2024 1:44:29 [PodCast] [32minfo[39m: Server is running at PORT: 8080
Sat Dec 28 2024 1:44:44 [PodCast] [31merror[39m: Cast to ObjectId failed for value ":id" (type string) at path "_id" for model "Event"
CastError: Cast to ObjectId failed for value ":id" (type string) at path "_id" for model "Event"
    at SchemaObjectId.cast (/home/mir/dev/projects/alwaysbanks_backend/node_modules/.pnpm/mongoose@8.8.4/node_modules/mongoose/lib/schema/objectId.js:250:11)
    at SchemaObjectId.SchemaType.applySetters (/home/mir/dev/projects/alwaysbanks_backend/node_modules/.pnpm/mongoose@8.8.4/node_modules/mongoose/lib/schemaType.js:1236:12)
    at SchemaObjectId.SchemaType.castForQuery (/home/mir/dev/projects/alwaysbanks_backend/node_modules/.pnpm/mongoose@8.8.4/node_modules/mongoose/lib/schemaType.js:1653:17)
    at cast (/home/mir/dev/projects/alwaysbanks_backend/node_modules/.pnpm/mongoose@8.8.4/node_modules/mongoose/lib/cast.js:390:32)
    at model.Query.Query.cast (/home/mir/dev/projects/alwaysbanks_backend/node_modules/.pnpm/mongoose@8.8.4/node_modules/mongoose/lib/query.js:4906:12)
    at model.Query.Query._castConditions (/home/mir/dev/projects/alwaysbanks_backend/node_modules/.pnpm/mongoose@8.8.4/node_modules/mongoose/lib/query.js:2309:10)
    at model.Query._findOne (/home/mir/dev/projects/alwaysbanks_backend/node_modules/.pnpm/mongoose@8.8.4/node_modules/mongoose/lib/query.js:2632:8)
    at model.Query.exec (/home/mir/dev/projects/alwaysbanks_backend/node_modules/.pnpm/mongoose@8.8.4/node_modules/mongoose/lib/query.js:4458:80)
    at processTicksAndRejections (node:internal/process/task_queues:105:5)
    at async get (/home/mir/dev/projects/alwaysbanks_backend/src/controllers/eventController.ts:70:28)
CastError
Sat Dec 28 2024 1:44:49 [PodCast] [31merror[39m: Cast to ObjectId failed for value "id" (type string) at path "_id" for model "Event"
CastError: Cast to ObjectId failed for value "id" (type string) at path "_id" for model "Event"
    at SchemaObjectId.cast (/home/mir/dev/projects/alwaysbanks_backend/node_modules/.pnpm/mongoose@8.8.4/node_modules/mongoose/lib/schema/objectId.js:250:11)
    at SchemaObjectId.SchemaType.applySetters (/home/mir/dev/projects/alwaysbanks_backend/node_modules/.pnpm/mongoose@8.8.4/node_modules/mongoose/lib/schemaType.js:1236:12)
    at SchemaObjectId.SchemaType.castForQuery (/home/mir/dev/projects/alwaysbanks_backend/node_modules/.pnpm/mongoose@8.8.4/node_modules/mongoose/lib/schemaType.js:1653:17)
    at cast (/home/mir/dev/projects/alwaysbanks_backend/node_modules/.pnpm/mongoose@8.8.4/node_modules/mongoose/lib/cast.js:390:32)
    at model.Query.Query.cast (/home/mir/dev/projects/alwaysbanks_backend/node_modules/.pnpm/mongoose@8.8.4/node_modules/mongoose/lib/query.js:4906:12)
    at model.Query.Query._castConditions (/home/mir/dev/projects/alwaysbanks_backend/node_modules/.pnpm/mongoose@8.8.4/node_modules/mongoose/lib/query.js:2309:10)
    at model.Query._findOne (/home/mir/dev/projects/alwaysbanks_backend/node_modules/.pnpm/mongoose@8.8.4/node_modules/mongoose/lib/query.js:2632:8)
    at model.Query.exec (/home/mir/dev/projects/alwaysbanks_backend/node_modules/.pnpm/mongoose@8.8.4/node_modules/mongoose/lib/query.js:4458:80)
    at processTicksAndRejections (node:internal/process/task_queues:105:5)
    at async get (/home/mir/dev/projects/alwaysbanks_backend/src/controllers/eventController.ts:70:28)
CastError
