Wed Jan 15 2025 12:3:18 [Tha Drop] [32minfo[39m: Successfully Connected to MongoDB Atlas
Wed Jan 15 2025 12:3:18 [Tha Drop] [32minfo[39m: Server is running at PORT: 8080
Wed Jan 15 2025 12:20:22 [Tha Drop] [32minfo[39m: Successfully Connected to MongoDB Atlas
Wed Jan 15 2025 12:20:22 [Tha Drop] [32minfo[39m: Server is running at PORT: 8080
Wed Jan 15 2025 12:22:27 [Tha Drop] [32minfo[39m: Successfully Connected to MongoDB Atlas
Wed Jan 15 2025 12:22:27 [Tha Drop] [32minfo[39m: Server is running at PORT: 8080
Wed Jan 15 2025 12:24:57 [Tha Drop] [32minfo[39m: Successfully Connected to MongoDB Atlas
Wed Jan 15 2025 12:24:57 [Tha Drop] [32minfo[39m: Server is running at PORT: 8080
Wed Jan 15 2025 12:26:45 [Tha Drop] [32minfo[39m: Successfully Connected to MongoDB Atlas
Wed Jan 15 2025 12:26:45 [Tha Drop] [32minfo[39m: Server is running at PORT: 8080
Wed Jan 15 2025 12:27:45 [Tha Drop] [32minfo[39m: Successfully Connected to MongoDB Atlas
Wed Jan 15 2025 12:27:45 [Tha Drop] [32minfo[39m: Server is running at PORT: 8080
Wed Jan 15 2025 12:30:37 [Tha Drop] [32minfo[39m: Successfully Connected to MongoDB Atlas
Wed Jan 15 2025 12:30:37 [Tha Drop] [32minfo[39m: Server is running at PORT: 8080
Wed Jan 15 2025 12:31:12 [Tha Drop] [32minfo[39m: Successfully Connected to MongoDB Atlas
Wed Jan 15 2025 12:31:12 [Tha Drop] [32minfo[39m: Server is running at PORT: 8080
Wed Jan 15 2025 12:32:53 [Tha Drop] [31merror[39m: Cast to string failed for value "{
  type: 'TICKET',
  metadata: {
    eventTitle: 'Event 1a',
    eventId: new ObjectId('6785edcbfdbf196d8f253380')
  }
}" (type Object) at path "notifications"
CastError: Cast to string failed for value "{
  type: 'TICKET',
  metadata: {
    eventTitle: 'Event 1a',
    eventId: new ObjectId('6785edcbfdbf196d8f253380')
  }
}" (type Object) at path "notifications"
    at SchemaString.cast (/home/mir/dev/projects/tha_drop_backend/node_modules/.pnpm/mongoose@8.8.4/node_modules/mongoose/lib/schema/string.js:606:11)
    at SchemaString.SchemaType.applySetters (/home/mir/dev/projects/tha_drop_backend/node_modules/.pnpm/mongoose@8.8.4/node_modules/mongoose/lib/schemaType.js:1236:12)
    at Proxy._cast (/home/mir/dev/projects/tha_drop_backend/node_modules/.pnpm/mongoose@8.8.4/node_modules/mongoose/lib/types/array/methods/index.js:250:43)
    at Proxy._mapCast (/home/mir/dev/projects/tha_drop_backend/node_modules/.pnpm/mongoose@8.8.4/node_modules/mongoose/lib/types/array/methods/index.js:263:17)
    at Arguments.map (<anonymous>)
    at Proxy.push (/home/mir/dev/projects/tha_drop_backend/node_modules/.pnpm/mongoose@8.8.4/node_modules/mongoose/lib/types/array/methods/index.js:697:21)
    at webhook (/home/mir/dev/projects/tha_drop_backend/src/services/stripeServices.ts:165:28)
    at processTicksAndRejections (node:internal/process/task_queues:105:5)
CastError
Wed Jan 15 2025 12:34:4 [Tha Drop] [32minfo[39m: Successfully Connected to MongoDB Atlas
Wed Jan 15 2025 12:34:4 [Tha Drop] [32minfo[39m: Server is running at PORT: 8080
Wed Jan 15 2025 12:44:10 [Tha Drop] [32minfo[39m: Successfully Connected to MongoDB Atlas
Wed Jan 15 2025 12:44:10 [Tha Drop] [32minfo[39m: Server is running at PORT: 8080
Wed Jan 15 2025 12:44:18 [Tha Drop] [32minfo[39m: Successfully Connected to MongoDB Atlas
Wed Jan 15 2025 12:44:18 [Tha Drop] [32minfo[39m: Server is running at PORT: 8080
Wed Jan 15 2025 12:44:39 [Tha Drop] [32minfo[39m: Successfully Connected to MongoDB Atlas
Wed Jan 15 2025 12:44:39 [Tha Drop] [32minfo[39m: Server is running at PORT: 8080
