Tue Jan 14 2025 15:5:8 [Tha Drop] [32minfo[39m: Successfully Connected to MongoDB Atlas
Tue Jan 14 2025 15:5:8 [Tha Drop] [32minfo[39m: Server is running at PORT: 8080
Tue Jan 14 2025 15:35:4 [Tha Drop] [32minfo[39m: Successfully Connected to MongoDB Atlas
Tue Jan 14 2025 15:35:4 [Tha Drop] [32minfo[39m: Server is running at PORT: 8080
Tue Jan 14 2025 15:36:16 [Tha Drop] [32minfo[39m: Successfully Connected to MongoDB Atlas
Tue Jan 14 2025 15:36:16 [Tha Drop] [32minfo[39m: Server is running at PORT: 8080
Tue Jan 14 2025 15:38:0 [Tha Drop] [32minfo[39m: Successfully Connected to MongoDB Atlas
Tue Jan 14 2025 15:38:0 [Tha Drop] [32minfo[39m: Server is running at PORT: 8080
Tue Jan 14 2025 15:39:16 [Tha Drop] [32minfo[39m: Successfully Connected to MongoDB Atlas
Tue Jan 14 2025 15:39:16 [Tha Drop] [32minfo[39m: Server is running at PORT: 8080
Tue Jan 14 2025 15:41:0 [Tha Drop] [32minfo[39m: Successfully Connected to MongoDB Atlas
Tue Jan 14 2025 15:41:0 [Tha Drop] [32minfo[39m: Server is running at PORT: 8080
Tue Jan 14 2025 15:41:24 [Tha Drop] [32minfo[39m: Successfully Connected to MongoDB Atlas
Tue Jan 14 2025 15:41:24 [Tha Drop] [32minfo[39m: Server is running at PORT: 8080
Tue Jan 14 2025 15:42:18 [Tha Drop] [32minfo[39m: Successfully Connected to MongoDB Atlas
Tue Jan 14 2025 15:42:18 [Tha Drop] [32minfo[39m: Server is running at PORT: 8080
Tue Jan 14 2025 15:42:58 [Tha Drop] [32minfo[39m: Successfully Connected to MongoDB Atlas
Tue Jan 14 2025 15:42:58 [Tha Drop] [32minfo[39m: Server is running at PORT: 8080
Tue Jan 14 2025 15:43:40 [Tha Drop] [32minfo[39m: Successfully Connected to MongoDB Atlas
Tue Jan 14 2025 15:43:40 [Tha Drop] [32minfo[39m: Server is running at PORT: 8080
Tue Jan 14 2025 15:43:51 [Tha Drop] [31merror[39m: User validation failed: requests.0.rating: Path `rating` is required.
ValidationError: User validation failed: requests.0.rating: Path `rating` is required.
    at model.Document.invalidate (/home/mir/dev/projects/tha_drop_backend/node_modules/.pnpm/mongoose@8.8.4/node_modules/mongoose/lib/document.js:3318:32)
    at EmbeddedDocument.Subdocument.invalidate (/home/mir/dev/projects/tha_drop_backend/node_modules/.pnpm/mongoose@8.8.4/node_modules/mongoose/lib/types/subdocument.js:229:12)
    at /home/mir/dev/projects/tha_drop_backend/node_modules/.pnpm/mongoose@8.8.4/node_modules/mongoose/lib/document.js:3079:17
    at /home/mir/dev/projects/tha_drop_backend/node_modules/.pnpm/mongoose@8.8.4/node_modules/mongoose/lib/schemaType.js:1388:9
    at processTicksAndRejections (node:internal/process/task_queues:85:11)
ValidationError
Tue Jan 14 2025 15:44:40 [Tha Drop] [32minfo[39m: Successfully Connected to MongoDB Atlas
Tue Jan 14 2025 15:44:40 [Tha Drop] [32minfo[39m: Server is running at PORT: 8080
Tue Jan 14 2025 15:44:43 [Tha Drop] [31merror[39m: User validation failed: requests.0.rating: Rating must be at least 1
ValidationError: User validation failed: requests.0.rating: Rating must be at least 1
    at model.Document.invalidate (/home/mir/dev/projects/tha_drop_backend/node_modules/.pnpm/mongoose@8.8.4/node_modules/mongoose/lib/document.js:3318:32)
    at EmbeddedDocument.Subdocument.invalidate (/home/mir/dev/projects/tha_drop_backend/node_modules/.pnpm/mongoose@8.8.4/node_modules/mongoose/lib/types/subdocument.js:229:12)
    at /home/mir/dev/projects/tha_drop_backend/node_modules/.pnpm/mongoose@8.8.4/node_modules/mongoose/lib/document.js:3079:17
    at /home/mir/dev/projects/tha_drop_backend/node_modules/.pnpm/mongoose@8.8.4/node_modules/mongoose/lib/schemaType.js:1388:9
    at processTicksAndRejections (node:internal/process/task_queues:85:11)
ValidationError
Tue Jan 14 2025 15:45:59 [Tha Drop] [32minfo[39m: Successfully Connected to MongoDB Atlas
Tue Jan 14 2025 15:45:59 [Tha Drop] [32minfo[39m: Server is running at PORT: 8080
Tue Jan 14 2025 15:47:34 [Tha Drop] [32minfo[39m: Successfully Connected to MongoDB Atlas
Tue Jan 14 2025 15:47:34 [Tha Drop] [32minfo[39m: Server is running at PORT: 8080
Tue Jan 14 2025 15:47:41 [Tha Drop] [31merror[39m: User validation failed: requests.0.rating: Path `rating` is required.
ValidationError: User validation failed: requests.0.rating: Path `rating` is required.
    at model.Document.invalidate (/home/mir/dev/projects/tha_drop_backend/node_modules/.pnpm/mongoose@8.8.4/node_modules/mongoose/lib/document.js:3318:32)
    at EmbeddedDocument.Subdocument.invalidate (/home/mir/dev/projects/tha_drop_backend/node_modules/.pnpm/mongoose@8.8.4/node_modules/mongoose/lib/types/subdocument.js:229:12)
    at /home/mir/dev/projects/tha_drop_backend/node_modules/.pnpm/mongoose@8.8.4/node_modules/mongoose/lib/document.js:3079:17
    at /home/mir/dev/projects/tha_drop_backend/node_modules/.pnpm/mongoose@8.8.4/node_modules/mongoose/lib/schemaType.js:1388:9
    at processTicksAndRejections (node:internal/process/task_queues:85:11)
ValidationError
Tue Jan 14 2025 15:48:20 [Tha Drop] [32minfo[39m: Successfully Connected to MongoDB Atlas
Tue Jan 14 2025 15:48:20 [Tha Drop] [32minfo[39m: Server is running at PORT: 8080
Tue Jan 14 2025 15:49:53 [Tha Drop] [32minfo[39m: Successfully Connected to MongoDB Atlas
Tue Jan 14 2025 15:49:53 [Tha Drop] [32minfo[39m: Server is running at PORT: 8080
Tue Jan 14 2025 15:51:33 [Tha Drop] [32minfo[39m: Successfully Connected to MongoDB Atlas
Tue Jan 14 2025 15:51:33 [Tha Drop] [32minfo[39m: Server is running at PORT: 8080
Tue Jan 14 2025 15:54:46 [Tha Drop] [32minfo[39m: Successfully Connected to MongoDB Atlas
Tue Jan 14 2025 15:54:46 [Tha Drop] [32minfo[39m: Server is running at PORT: 8080
