Tue Dec 31 2024 9:2:42 [PodCast] [31merror[39m: Failed to connect to MongoDB: querySrv ECONNREFUSED _mongodb._tcp.cluster0.t8ybk.mongodb.net
Tue Dec 31 2024 9:2:53 [PodCast] [31merror[39m: Failed to connect to MongoDB: querySrv ECONNREFUSED _mongodb._tcp.cluster0.t8ybk.mongodb.net
Tue Dec 31 2024 9:4:24 [PodCast] [32minfo[39m: Successfully Connected to MongoDB Atlas
Tue Dec 31 2024 9:4:24 [PodCast] [32minfo[39m: Server is running at PORT: 8080
Tue Dec 31 2024 9:20:11 [PodCast] [31merror[39m: Token has expired
UnauthorizedError: Token has expired
    at decodeToken (/home/mir/dev/projects/alwaysbanks_backend/src/utils/jwt.ts:17:26)
    at /home/mir/dev/projects/alwaysbanks_backend/src/middlewares/authorization.ts:45:45
    at Layer.handle [as handle_request] (/home/mir/dev/projects/alwaysbanks_backend/node_modules/.pnpm/express@4.21.2/node_modules/express/lib/router/layer.js:95:5)
    at next (/home/mir/dev/projects/alwaysbanks_backend/node_modules/.pnpm/express@4.21.2/node_modules/express/lib/router/route.js:149:13)
    at Route.dispatch (/home/mir/dev/projects/alwaysbanks_backend/node_modules/.pnpm/express@4.21.2/node_modules/express/lib/router/route.js:119:3)
    at Layer.handle [as handle_request] (/home/mir/dev/projects/alwaysbanks_backend/node_modules/.pnpm/express@4.21.2/node_modules/express/lib/router/layer.js:95:5)
    at /home/mir/dev/projects/alwaysbanks_backend/node_modules/.pnpm/express@4.21.2/node_modules/express/lib/router/index.js:284:15
    at Function.process_params (/home/mir/dev/projects/alwaysbanks_backend/node_modules/.pnpm/express@4.21.2/node_modules/express/lib/router/index.js:346:12)
    at next (/home/mir/dev/projects/alwaysbanks_backend/node_modules/.pnpm/express@4.21.2/node_modules/express/lib/router/index.js:280:10)
    at Function.handle (/home/mir/dev/projects/alwaysbanks_backend/node_modules/.pnpm/express@4.21.2/node_modules/express/lib/router/index.js:175:3)
UnauthorizedError
Tue Dec 31 2024 9:30:13 [PodCast] [32minfo[39m: Successfully Connected to MongoDB Atlas
Tue Dec 31 2024 9:30:13 [PodCast] [32minfo[39m: Server is running at PORT: 8080
Tue Dec 31 2024 9:33:27 [PodCast] [32minfo[39m: Successfully Connected to MongoDB Atlas
Tue Dec 31 2024 9:33:27 [PodCast] [32minfo[39m: Server is running at PORT: 8080
Tue Dec 31 2024 9:34:0 [PodCast] [32minfo[39m: Successfully Connected to MongoDB Atlas
Tue Dec 31 2024 9:34:0 [PodCast] [32minfo[39m: Server is running at PORT: 8080
