Thu Dec 26 2024 10:29:57 [PodCast] [31merror[39m: Not Authorized
UnauthorizedError: Not Authorized
    at /home/mir/dev/projects/alwaysbanks_backend/src/middlewares/authorization.ts:37:36
    at Layer.handle [as handle_request] (/home/mir/dev/projects/alwaysbanks_backend/node_modules/.pnpm/express@4.21.2/node_modules/express/lib/router/layer.js:95:5)
    at next (/home/mir/dev/projects/alwaysbanks_backend/node_modules/.pnpm/express@4.21.2/node_modules/express/lib/router/route.js:149:13)
    at Route.dispatch (/home/mir/dev/projects/alwaysbanks_backend/node_modules/.pnpm/express@4.21.2/node_modules/express/lib/router/route.js:119:3)
    at Layer.handle [as handle_request] (/home/mir/dev/projects/alwaysbanks_backend/node_modules/.pnpm/express@4.21.2/node_modules/express/lib/router/layer.js:95:5)
    at /home/mir/dev/projects/alwaysbanks_backend/node_modules/.pnpm/express@4.21.2/node_modules/express/lib/router/index.js:284:15
    at Function.process_params (/home/mir/dev/projects/alwaysbanks_backend/node_modules/.pnpm/express@4.21.2/node_modules/express/lib/router/index.js:346:12)
    at next (/home/mir/dev/projects/alwaysbanks_backend/node_modules/.pnpm/express@4.21.2/node_modules/express/lib/router/index.js:280:10)
    at Function.handle (/home/mir/dev/projects/alwaysbanks_backend/node_modules/.pnpm/express@4.21.2/node_modules/express/lib/router/index.js:175:3)
    at router (/home/mir/dev/projects/alwaysbanks_backend/node_modules/.pnpm/express@4.21.2/node_modules/express/lib/router/index.js:47:12)
UnauthorizedError
Thu Dec 26 2024 10:30:0 [PodCast] [31merror[39m: Not Authorized
UnauthorizedError: Not Authorized
    at /home/mir/dev/projects/alwaysbanks_backend/src/middlewares/authorization.ts:37:36
    at Layer.handle [as handle_request] (/home/mir/dev/projects/alwaysbanks_backend/node_modules/.pnpm/express@4.21.2/node_modules/express/lib/router/layer.js:95:5)
    at next (/home/mir/dev/projects/alwaysbanks_backend/node_modules/.pnpm/express@4.21.2/node_modules/express/lib/router/route.js:149:13)
    at Route.dispatch (/home/mir/dev/projects/alwaysbanks_backend/node_modules/.pnpm/express@4.21.2/node_modules/express/lib/router/route.js:119:3)
    at Layer.handle [as handle_request] (/home/mir/dev/projects/alwaysbanks_backend/node_modules/.pnpm/express@4.21.2/node_modules/express/lib/router/layer.js:95:5)
    at /home/mir/dev/projects/alwaysbanks_backend/node_modules/.pnpm/express@4.21.2/node_modules/express/lib/router/index.js:284:15
    at Function.process_params (/home/mir/dev/projects/alwaysbanks_backend/node_modules/.pnpm/express@4.21.2/node_modules/express/lib/router/index.js:346:12)
    at next (/home/mir/dev/projects/alwaysbanks_backend/node_modules/.pnpm/express@4.21.2/node_modules/express/lib/router/index.js:280:10)
    at Function.handle (/home/mir/dev/projects/alwaysbanks_backend/node_modules/.pnpm/express@4.21.2/node_modules/express/lib/router/index.js:175:3)
    at router (/home/mir/dev/projects/alwaysbanks_backend/node_modules/.pnpm/express@4.21.2/node_modules/express/lib/router/index.js:47:12)
UnauthorizedError
Thu Dec 26 2024 10:30:28 [PodCast] [31merror[39m: No account found with the given email
NotFoundError: No account found with the given email
    at login (/home/mir/dev/projects/alwaysbanks_backend/src/controllers/authController.ts:101:39)
    at processTicksAndRejections (node:internal/process/task_queues:105:5)
NotFoundError
Thu Dec 26 2024 10:30:33 [PodCast] [31merror[39m: No account found with the given email
NotFoundError: No account found with the given email
    at login (/home/mir/dev/projects/alwaysbanks_backend/src/controllers/authController.ts:101:39)
    at processTicksAndRejections (node:internal/process/task_queues:105:5)
NotFoundError
Thu Dec 26 2024 10:31:25 [PodCast] [31merror[39m: Wrong password
UnauthorizedError: Wrong password
    at login (/home/mir/dev/projects/alwaysbanks_backend/src/controllers/authController.ts:104:50)
UnauthorizedError
Thu Dec 26 2024 10:32:6 [PodCast] [31merror[39m: Email already exists
ConflictError: Email already exists
    at register (/home/mir/dev/projects/alwaysbanks_backend/src/controllers/authController.ts:26:38)
    at processTicksAndRejections (node:internal/process/task_queues:105:5)
ConflictError
Thu Dec 26 2024 10:33:15 [PodCast] [31merror[39m: Verify your email first
UnauthorizedError: Verify your email first
    at login (/home/mir/dev/projects/alwaysbanks_backend/src/controllers/authController.ts:105:50)
UnauthorizedError
Thu Dec 26 2024 10:34:21 [PodCast] [31merror[39m: Invalid or malformed token
UnauthorizedError: Invalid or malformed token
    at decodeToken (/home/mir/dev/projects/alwaysbanks_backend/src/utils/jwt.ts:20:26)
    at /home/mir/dev/projects/alwaysbanks_backend/src/middlewares/authorization.ts:45:45
    at Layer.handle [as handle_request] (/home/mir/dev/projects/alwaysbanks_backend/node_modules/.pnpm/express@4.21.2/node_modules/express/lib/router/layer.js:95:5)
    at next (/home/mir/dev/projects/alwaysbanks_backend/node_modules/.pnpm/express@4.21.2/node_modules/express/lib/router/route.js:149:13)
    at Route.dispatch (/home/mir/dev/projects/alwaysbanks_backend/node_modules/.pnpm/express@4.21.2/node_modules/express/lib/router/route.js:119:3)
    at Layer.handle [as handle_request] (/home/mir/dev/projects/alwaysbanks_backend/node_modules/.pnpm/express@4.21.2/node_modules/express/lib/router/layer.js:95:5)
    at /home/mir/dev/projects/alwaysbanks_backend/node_modules/.pnpm/express@4.21.2/node_modules/express/lib/router/index.js:284:15
    at Function.process_params (/home/mir/dev/projects/alwaysbanks_backend/node_modules/.pnpm/express@4.21.2/node_modules/express/lib/router/index.js:346:12)
    at next (/home/mir/dev/projects/alwaysbanks_backend/node_modules/.pnpm/express@4.21.2/node_modules/express/lib/router/index.js:280:10)
    at Function.handle (/home/mir/dev/projects/alwaysbanks_backend/node_modules/.pnpm/express@4.21.2/node_modules/express/lib/router/index.js:175:3)
UnauthorizedError
Thu Dec 26 2024 10:34:29 [PodCast] [31merror[39m: Invalid or malformed token
UnauthorizedError: Invalid or malformed token
    at decodeToken (/home/mir/dev/projects/alwaysbanks_backend/src/utils/jwt.ts:20:26)
    at /home/mir/dev/projects/alwaysbanks_backend/src/middlewares/authorization.ts:45:45
    at Layer.handle [as handle_request] (/home/mir/dev/projects/alwaysbanks_backend/node_modules/.pnpm/express@4.21.2/node_modules/express/lib/router/layer.js:95:5)
    at next (/home/mir/dev/projects/alwaysbanks_backend/node_modules/.pnpm/express@4.21.2/node_modules/express/lib/router/route.js:149:13)
    at Route.dispatch (/home/mir/dev/projects/alwaysbanks_backend/node_modules/.pnpm/express@4.21.2/node_modules/express/lib/router/route.js:119:3)
    at Layer.handle [as handle_request] (/home/mir/dev/projects/alwaysbanks_backend/node_modules/.pnpm/express@4.21.2/node_modules/express/lib/router/layer.js:95:5)
    at /home/mir/dev/projects/alwaysbanks_backend/node_modules/.pnpm/express@4.21.2/node_modules/express/lib/router/index.js:284:15
    at Function.process_params (/home/mir/dev/projects/alwaysbanks_backend/node_modules/.pnpm/express@4.21.2/node_modules/express/lib/router/index.js:346:12)
    at next (/home/mir/dev/projects/alwaysbanks_backend/node_modules/.pnpm/express@4.21.2/node_modules/express/lib/router/index.js:280:10)
    at Function.handle (/home/mir/dev/projects/alwaysbanks_backend/node_modules/.pnpm/express@4.21.2/node_modules/express/lib/router/index.js:175:3)
UnauthorizedError
Thu Dec 26 2024 10:36:27 [PodCast] [31merror[39m: Invalid or malformed token
UnauthorizedError: Invalid or malformed token
    at decodeToken (/home/mir/dev/projects/alwaysbanks_backend/src/utils/jwt.ts:20:26)
    at /home/mir/dev/projects/alwaysbanks_backend/src/middlewares/authorization.ts:45:45
    at Layer.handle [as handle_request] (/home/mir/dev/projects/alwaysbanks_backend/node_modules/.pnpm/express@4.21.2/node_modules/express/lib/router/layer.js:95:5)
    at next (/home/mir/dev/projects/alwaysbanks_backend/node_modules/.pnpm/express@4.21.2/node_modules/express/lib/router/route.js:149:13)
    at Route.dispatch (/home/mir/dev/projects/alwaysbanks_backend/node_modules/.pnpm/express@4.21.2/node_modules/express/lib/router/route.js:119:3)
    at Layer.handle [as handle_request] (/home/mir/dev/projects/alwaysbanks_backend/node_modules/.pnpm/express@4.21.2/node_modules/express/lib/router/layer.js:95:5)
    at /home/mir/dev/projects/alwaysbanks_backend/node_modules/.pnpm/express@4.21.2/node_modules/express/lib/router/index.js:284:15
    at Function.process_params (/home/mir/dev/projects/alwaysbanks_backend/node_modules/.pnpm/express@4.21.2/node_modules/express/lib/router/index.js:346:12)
    at next (/home/mir/dev/projects/alwaysbanks_backend/node_modules/.pnpm/express@4.21.2/node_modules/express/lib/router/index.js:280:10)
    at Function.handle (/home/mir/dev/projects/alwaysbanks_backend/node_modules/.pnpm/express@4.21.2/node_modules/express/lib/router/index.js:175:3)
UnauthorizedError
Thu Dec 26 2024 10:37:18 [PodCast] [31merror[39m: Invalid or malformed token
UnauthorizedError: Invalid or malformed token
    at decodeToken (/home/mir/dev/projects/alwaysbanks_backend/src/utils/jwt.ts:20:26)
    at /home/mir/dev/projects/alwaysbanks_backend/src/middlewares/authorization.ts:45:45
    at Layer.handle [as handle_request] (/home/mir/dev/projects/alwaysbanks_backend/node_modules/.pnpm/express@4.21.2/node_modules/express/lib/router/layer.js:95:5)
    at next (/home/mir/dev/projects/alwaysbanks_backend/node_modules/.pnpm/express@4.21.2/node_modules/express/lib/router/route.js:149:13)
    at Route.dispatch (/home/mir/dev/projects/alwaysbanks_backend/node_modules/.pnpm/express@4.21.2/node_modules/express/lib/router/route.js:119:3)
    at Layer.handle [as handle_request] (/home/mir/dev/projects/alwaysbanks_backend/node_modules/.pnpm/express@4.21.2/node_modules/express/lib/router/layer.js:95:5)
    at /home/mir/dev/projects/alwaysbanks_backend/node_modules/.pnpm/express@4.21.2/node_modules/express/lib/router/index.js:284:15
    at Function.process_params (/home/mir/dev/projects/alwaysbanks_backend/node_modules/.pnpm/express@4.21.2/node_modules/express/lib/router/index.js:346:12)
    at next (/home/mir/dev/projects/alwaysbanks_backend/node_modules/.pnpm/express@4.21.2/node_modules/express/lib/router/index.js:280:10)
    at Function.handle (/home/mir/dev/projects/alwaysbanks_backend/node_modules/.pnpm/express@4.21.2/node_modules/express/lib/router/index.js:175:3)
UnauthorizedError
Thu Dec 26 2024 10:39:17 [PodCast] [31merror[39m: Invalid or malformed token
UnauthorizedError: Invalid or malformed token
    at decodeToken (/home/mir/dev/projects/alwaysbanks_backend/src/utils/jwt.ts:20:26)
    at /home/mir/dev/projects/alwaysbanks_backend/src/middlewares/authorization.ts:45:45
    at Layer.handle [as handle_request] (/home/mir/dev/projects/alwaysbanks_backend/node_modules/.pnpm/express@4.21.2/node_modules/express/lib/router/layer.js:95:5)
    at next (/home/mir/dev/projects/alwaysbanks_backend/node_modules/.pnpm/express@4.21.2/node_modules/express/lib/router/route.js:149:13)
    at Route.dispatch (/home/mir/dev/projects/alwaysbanks_backend/node_modules/.pnpm/express@4.21.2/node_modules/express/lib/router/route.js:119:3)
    at Layer.handle [as handle_request] (/home/mir/dev/projects/alwaysbanks_backend/node_modules/.pnpm/express@4.21.2/node_modules/express/lib/router/layer.js:95:5)
    at /home/mir/dev/projects/alwaysbanks_backend/node_modules/.pnpm/express@4.21.2/node_modules/express/lib/router/index.js:284:15
    at Function.process_params (/home/mir/dev/projects/alwaysbanks_backend/node_modules/.pnpm/express@4.21.2/node_modules/express/lib/router/index.js:346:12)
    at next (/home/mir/dev/projects/alwaysbanks_backend/node_modules/.pnpm/express@4.21.2/node_modules/express/lib/router/index.js:280:10)
    at Function.handle (/home/mir/dev/projects/alwaysbanks_backend/node_modules/.pnpm/express@4.21.2/node_modules/express/lib/router/index.js:175:3)
UnauthorizedError
Thu Dec 26 2024 10:40:13 [PodCast] [32minfo[39m: Successfully Connected to MongoDB Atlas
Thu Dec 26 2024 10:40:13 [PodCast] [32minfo[39m: Server is running at PORT: 8080
Thu Dec 26 2024 10:41:38 [PodCast] [31merror[39m: Verification OTP has expired
UnauthorizedError: Verification OTP has expired
    at activate (/home/mir/dev/projects/alwaysbanks_backend/src/controllers/authController.ts:81:32)
    at processTicksAndRejections (node:internal/process/task_queues:105:5)
UnauthorizedError
Thu Dec 26 2024 10:42:30 [PodCast] [32minfo[39m: Successfully Connected to MongoDB Atlas
Thu Dec 26 2024 10:42:30 [PodCast] [32minfo[39m: Server is running at PORT: 8080
Thu Dec 26 2024 10:42:38 [PodCast] [32minfo[39m: Successfully Connected to MongoDB Atlas
Thu Dec 26 2024 10:42:38 [PodCast] [32minfo[39m: Server is running at PORT: 8080
Thu Dec 26 2024 10:42:54 [PodCast] [31merror[39m: Invalid or malformed token
UnauthorizedError: Invalid or malformed token
    at decodeToken (/home/mir/dev/projects/alwaysbanks_backend/src/utils/jwt.ts:20:26)
    at /home/mir/dev/projects/alwaysbanks_backend/src/middlewares/authorization.ts:45:45
    at Layer.handle [as handle_request] (/home/mir/dev/projects/alwaysbanks_backend/node_modules/.pnpm/express@4.21.2/node_modules/express/lib/router/layer.js:95:5)
    at next (/home/mir/dev/projects/alwaysbanks_backend/node_modules/.pnpm/express@4.21.2/node_modules/express/lib/router/route.js:149:13)
    at Route.dispatch (/home/mir/dev/projects/alwaysbanks_backend/node_modules/.pnpm/express@4.21.2/node_modules/express/lib/router/route.js:119:3)
    at Layer.handle [as handle_request] (/home/mir/dev/projects/alwaysbanks_backend/node_modules/.pnpm/express@4.21.2/node_modules/express/lib/router/layer.js:95:5)
    at /home/mir/dev/projects/alwaysbanks_backend/node_modules/.pnpm/express@4.21.2/node_modules/express/lib/router/index.js:284:15
    at Function.process_params (/home/mir/dev/projects/alwaysbanks_backend/node_modules/.pnpm/express@4.21.2/node_modules/express/lib/router/index.js:346:12)
    at next (/home/mir/dev/projects/alwaysbanks_backend/node_modules/.pnpm/express@4.21.2/node_modules/express/lib/router/index.js:280:10)
    at Function.handle (/home/mir/dev/projects/alwaysbanks_backend/node_modules/.pnpm/express@4.21.2/node_modules/express/lib/router/index.js:175:3)
UnauthorizedError
Thu Dec 26 2024 10:43:44 [PodCast] [31merror[39m: Invalid or malformed token
UnauthorizedError: Invalid or malformed token
    at decodeToken (/home/mir/dev/projects/alwaysbanks_backend/src/utils/jwt.ts:20:26)
    at /home/mir/dev/projects/alwaysbanks_backend/src/middlewares/authorization.ts:45:45
    at Layer.handle [as handle_request] (/home/mir/dev/projects/alwaysbanks_backend/node_modules/.pnpm/express@4.21.2/node_modules/express/lib/router/layer.js:95:5)
    at next (/home/mir/dev/projects/alwaysbanks_backend/node_modules/.pnpm/express@4.21.2/node_modules/express/lib/router/route.js:149:13)
    at Route.dispatch (/home/mir/dev/projects/alwaysbanks_backend/node_modules/.pnpm/express@4.21.2/node_modules/express/lib/router/route.js:119:3)
    at Layer.handle [as handle_request] (/home/mir/dev/projects/alwaysbanks_backend/node_modules/.pnpm/express@4.21.2/node_modules/express/lib/router/layer.js:95:5)
    at /home/mir/dev/projects/alwaysbanks_backend/node_modules/.pnpm/express@4.21.2/node_modules/express/lib/router/index.js:284:15
    at Function.process_params (/home/mir/dev/projects/alwaysbanks_backend/node_modules/.pnpm/express@4.21.2/node_modules/express/lib/router/index.js:346:12)
    at next (/home/mir/dev/projects/alwaysbanks_backend/node_modules/.pnpm/express@4.21.2/node_modules/express/lib/router/index.js:280:10)
    at Function.handle (/home/mir/dev/projects/alwaysbanks_backend/node_modules/.pnpm/express@4.21.2/node_modules/express/lib/router/index.js:175:3)
UnauthorizedError
Thu Dec 26 2024 10:43:52 [PodCast] [31merror[39m: Invalid or malformed token
UnauthorizedError: Invalid or malformed token
    at decodeToken (/home/mir/dev/projects/alwaysbanks_backend/src/utils/jwt.ts:20:26)
    at /home/mir/dev/projects/alwaysbanks_backend/src/middlewares/authorization.ts:45:45
    at Layer.handle [as handle_request] (/home/mir/dev/projects/alwaysbanks_backend/node_modules/.pnpm/express@4.21.2/node_modules/express/lib/router/layer.js:95:5)
    at next (/home/mir/dev/projects/alwaysbanks_backend/node_modules/.pnpm/express@4.21.2/node_modules/express/lib/router/route.js:149:13)
    at Route.dispatch (/home/mir/dev/projects/alwaysbanks_backend/node_modules/.pnpm/express@4.21.2/node_modules/express/lib/router/route.js:119:3)
    at Layer.handle [as handle_request] (/home/mir/dev/projects/alwaysbanks_backend/node_modules/.pnpm/express@4.21.2/node_modules/express/lib/router/layer.js:95:5)
    at /home/mir/dev/projects/alwaysbanks_backend/node_modules/.pnpm/express@4.21.2/node_modules/express/lib/router/index.js:284:15
    at Function.process_params (/home/mir/dev/projects/alwaysbanks_backend/node_modules/.pnpm/express@4.21.2/node_modules/express/lib/router/index.js:346:12)
    at next (/home/mir/dev/projects/alwaysbanks_backend/node_modules/.pnpm/express@4.21.2/node_modules/express/lib/router/index.js:280:10)
    at Function.handle (/home/mir/dev/projects/alwaysbanks_backend/node_modules/.pnpm/express@4.21.2/node_modules/express/lib/router/index.js:175:3)
UnauthorizedError
Thu Dec 26 2024 10:43:56 [PodCast] [31merror[39m: Invalid or malformed token
UnauthorizedError: Invalid or malformed token
    at decodeToken (/home/mir/dev/projects/alwaysbanks_backend/src/utils/jwt.ts:20:26)
    at /home/mir/dev/projects/alwaysbanks_backend/src/middlewares/authorization.ts:45:45
    at Layer.handle [as handle_request] (/home/mir/dev/projects/alwaysbanks_backend/node_modules/.pnpm/express@4.21.2/node_modules/express/lib/router/layer.js:95:5)
    at next (/home/mir/dev/projects/alwaysbanks_backend/node_modules/.pnpm/express@4.21.2/node_modules/express/lib/router/route.js:149:13)
    at Route.dispatch (/home/mir/dev/projects/alwaysbanks_backend/node_modules/.pnpm/express@4.21.2/node_modules/express/lib/router/route.js:119:3)
    at Layer.handle [as handle_request] (/home/mir/dev/projects/alwaysbanks_backend/node_modules/.pnpm/express@4.21.2/node_modules/express/lib/router/layer.js:95:5)
    at /home/mir/dev/projects/alwaysbanks_backend/node_modules/.pnpm/express@4.21.2/node_modules/express/lib/router/index.js:284:15
    at Function.process_params (/home/mir/dev/projects/alwaysbanks_backend/node_modules/.pnpm/express@4.21.2/node_modules/express/lib/router/index.js:346:12)
    at next (/home/mir/dev/projects/alwaysbanks_backend/node_modules/.pnpm/express@4.21.2/node_modules/express/lib/router/index.js:280:10)
    at Function.handle (/home/mir/dev/projects/alwaysbanks_backend/node_modules/.pnpm/express@4.21.2/node_modules/express/lib/router/index.js:175:3)
UnauthorizedError
Thu Dec 26 2024 10:43:57 [PodCast] [31merror[39m: Invalid or malformed token
UnauthorizedError: Invalid or malformed token
    at decodeToken (/home/mir/dev/projects/alwaysbanks_backend/src/utils/jwt.ts:20:26)
    at /home/mir/dev/projects/alwaysbanks_backend/src/middlewares/authorization.ts:45:45
    at Layer.handle [as handle_request] (/home/mir/dev/projects/alwaysbanks_backend/node_modules/.pnpm/express@4.21.2/node_modules/express/lib/router/layer.js:95:5)
    at next (/home/mir/dev/projects/alwaysbanks_backend/node_modules/.pnpm/express@4.21.2/node_modules/express/lib/router/route.js:149:13)
    at Route.dispatch (/home/mir/dev/projects/alwaysbanks_backend/node_modules/.pnpm/express@4.21.2/node_modules/express/lib/router/route.js:119:3)
    at Layer.handle [as handle_request] (/home/mir/dev/projects/alwaysbanks_backend/node_modules/.pnpm/express@4.21.2/node_modules/express/lib/router/layer.js:95:5)
    at /home/mir/dev/projects/alwaysbanks_backend/node_modules/.pnpm/express@4.21.2/node_modules/express/lib/router/index.js:284:15
    at Function.process_params (/home/mir/dev/projects/alwaysbanks_backend/node_modules/.pnpm/express@4.21.2/node_modules/express/lib/router/index.js:346:12)
    at next (/home/mir/dev/projects/alwaysbanks_backend/node_modules/.pnpm/express@4.21.2/node_modules/express/lib/router/index.js:280:10)
    at Function.handle (/home/mir/dev/projects/alwaysbanks_backend/node_modules/.pnpm/express@4.21.2/node_modules/express/lib/router/index.js:175:3)
UnauthorizedError
Thu Dec 26 2024 10:43:58 [PodCast] [31merror[39m: Invalid or malformed token
UnauthorizedError: Invalid or malformed token
    at decodeToken (/home/mir/dev/projects/alwaysbanks_backend/src/utils/jwt.ts:20:26)
    at /home/mir/dev/projects/alwaysbanks_backend/src/middlewares/authorization.ts:45:45
    at Layer.handle [as handle_request] (/home/mir/dev/projects/alwaysbanks_backend/node_modules/.pnpm/express@4.21.2/node_modules/express/lib/router/layer.js:95:5)
    at next (/home/mir/dev/projects/alwaysbanks_backend/node_modules/.pnpm/express@4.21.2/node_modules/express/lib/router/route.js:149:13)
    at Route.dispatch (/home/mir/dev/projects/alwaysbanks_backend/node_modules/.pnpm/express@4.21.2/node_modules/express/lib/router/route.js:119:3)
    at Layer.handle [as handle_request] (/home/mir/dev/projects/alwaysbanks_backend/node_modules/.pnpm/express@4.21.2/node_modules/express/lib/router/layer.js:95:5)
    at /home/mir/dev/projects/alwaysbanks_backend/node_modules/.pnpm/express@4.21.2/node_modules/express/lib/router/index.js:284:15
    at Function.process_params (/home/mir/dev/projects/alwaysbanks_backend/node_modules/.pnpm/express@4.21.2/node_modules/express/lib/router/index.js:346:12)
    at next (/home/mir/dev/projects/alwaysbanks_backend/node_modules/.pnpm/express@4.21.2/node_modules/express/lib/router/index.js:280:10)
    at Function.handle (/home/mir/dev/projects/alwaysbanks_backend/node_modules/.pnpm/express@4.21.2/node_modules/express/lib/router/index.js:175:3)
UnauthorizedError
Thu Dec 26 2024 10:44:4 [PodCast] [31merror[39m: Invalid or malformed token
UnauthorizedError: Invalid or malformed token
    at decodeToken (/home/mir/dev/projects/alwaysbanks_backend/src/utils/jwt.ts:20:26)
    at /home/mir/dev/projects/alwaysbanks_backend/src/middlewares/authorization.ts:45:45
    at Layer.handle [as handle_request] (/home/mir/dev/projects/alwaysbanks_backend/node_modules/.pnpm/express@4.21.2/node_modules/express/lib/router/layer.js:95:5)
    at next (/home/mir/dev/projects/alwaysbanks_backend/node_modules/.pnpm/express@4.21.2/node_modules/express/lib/router/route.js:149:13)
    at Route.dispatch (/home/mir/dev/projects/alwaysbanks_backend/node_modules/.pnpm/express@4.21.2/node_modules/express/lib/router/route.js:119:3)
    at Layer.handle [as handle_request] (/home/mir/dev/projects/alwaysbanks_backend/node_modules/.pnpm/express@4.21.2/node_modules/express/lib/router/layer.js:95:5)
    at /home/mir/dev/projects/alwaysbanks_backend/node_modules/.pnpm/express@4.21.2/node_modules/express/lib/router/index.js:284:15
    at Function.process_params (/home/mir/dev/projects/alwaysbanks_backend/node_modules/.pnpm/express@4.21.2/node_modules/express/lib/router/index.js:346:12)
    at next (/home/mir/dev/projects/alwaysbanks_backend/node_modules/.pnpm/express@4.21.2/node_modules/express/lib/router/index.js:280:10)
    at Function.handle (/home/mir/dev/projects/alwaysbanks_backend/node_modules/.pnpm/express@4.21.2/node_modules/express/lib/router/index.js:175:3)
UnauthorizedError
Thu Dec 26 2024 10:44:29 [PodCast] [31merror[39m: Wrong password
UnauthorizedError: Wrong password
    at login (/home/mir/dev/projects/alwaysbanks_backend/src/controllers/authController.ts:106:48)
UnauthorizedError
Thu Dec 26 2024 10:45:10 [PodCast] [31merror[39m: No account found with the given email
NotFoundError: No account found with the given email
    at login (/home/mir/dev/projects/alwaysbanks_backend/src/controllers/authController.ts:102:37)
    at processTicksAndRejections (node:internal/process/task_queues:105:5)
NotFoundError
Thu Dec 26 2024 10:45:20 [PodCast] [31merror[39m: Email already exists
ConflictError: Email already exists
    at register (/home/mir/dev/projects/alwaysbanks_backend/src/controllers/authController.ts:26:36)
    at processTicksAndRejections (node:internal/process/task_queues:105:5)
ConflictError
Thu Dec 26 2024 10:46:13 [PodCast] [31merror[39m: data and hash arguments required
Error: data and hash arguments required
    at Object.compare (/home/mir/dev/projects/alwaysbanks_backend/node_modules/.pnpm/bcrypt@5.1.1/node_modules/bcrypt/bcrypt.js:208:17)
    at /home/mir/dev/projects/alwaysbanks_backend/node_modules/.pnpm/bcrypt@5.1.1/node_modules/bcrypt/promises.js:29:12
    at new Promise (<anonymous>)
    at Object.module.exports.promise (/home/mir/dev/projects/alwaysbanks_backend/node_modules/.pnpm/bcrypt@5.1.1/node_modules/bcrypt/promises.js:20:12)
    at Object.compare (/home/mir/dev/projects/alwaysbanks_backend/node_modules/.pnpm/bcrypt@5.1.1/node_modules/bcrypt/bcrypt.js:204:25)
    at login (/home/mir/dev/projects/alwaysbanks_backend/src/controllers/authController.ts:104:46)
    at processTicksAndRejections (node:internal/process/task_queues:105:5)
Error
Thu Dec 26 2024 10:48:8 [PodCast] [31merror[39m: Invalid or malformed token
UnauthorizedError: Invalid or malformed token
    at decodeToken (/home/mir/dev/projects/alwaysbanks_backend/src/utils/jwt.ts:20:26)
    at /home/mir/dev/projects/alwaysbanks_backend/src/middlewares/authorization.ts:45:45
    at Layer.handle [as handle_request] (/home/mir/dev/projects/alwaysbanks_backend/node_modules/.pnpm/express@4.21.2/node_modules/express/lib/router/layer.js:95:5)
    at next (/home/mir/dev/projects/alwaysbanks_backend/node_modules/.pnpm/express@4.21.2/node_modules/express/lib/router/route.js:149:13)
    at Route.dispatch (/home/mir/dev/projects/alwaysbanks_backend/node_modules/.pnpm/express@4.21.2/node_modules/express/lib/router/route.js:119:3)
    at Layer.handle [as handle_request] (/home/mir/dev/projects/alwaysbanks_backend/node_modules/.pnpm/express@4.21.2/node_modules/express/lib/router/layer.js:95:5)
    at /home/mir/dev/projects/alwaysbanks_backend/node_modules/.pnpm/express@4.21.2/node_modules/express/lib/router/index.js:284:15
    at Function.process_params (/home/mir/dev/projects/alwaysbanks_backend/node_modules/.pnpm/express@4.21.2/node_modules/express/lib/router/index.js:346:12)
    at next (/home/mir/dev/projects/alwaysbanks_backend/node_modules/.pnpm/express@4.21.2/node_modules/express/lib/router/index.js:280:10)
    at Function.handle (/home/mir/dev/projects/alwaysbanks_backend/node_modules/.pnpm/express@4.21.2/node_modules/express/lib/router/index.js:175:3)
UnauthorizedError
Thu Dec 26 2024 10:48:11 [PodCast] [31merror[39m: Invalid or malformed token
UnauthorizedError: Invalid or malformed token
    at decodeToken (/home/mir/dev/projects/alwaysbanks_backend/src/utils/jwt.ts:20:26)
    at /home/mir/dev/projects/alwaysbanks_backend/src/middlewares/authorization.ts:45:45
    at Layer.handle [as handle_request] (/home/mir/dev/projects/alwaysbanks_backend/node_modules/.pnpm/express@4.21.2/node_modules/express/lib/router/layer.js:95:5)
    at next (/home/mir/dev/projects/alwaysbanks_backend/node_modules/.pnpm/express@4.21.2/node_modules/express/lib/router/route.js:149:13)
    at Route.dispatch (/home/mir/dev/projects/alwaysbanks_backend/node_modules/.pnpm/express@4.21.2/node_modules/express/lib/router/route.js:119:3)
    at Layer.handle [as handle_request] (/home/mir/dev/projects/alwaysbanks_backend/node_modules/.pnpm/express@4.21.2/node_modules/express/lib/router/layer.js:95:5)
    at /home/mir/dev/projects/alwaysbanks_backend/node_modules/.pnpm/express@4.21.2/node_modules/express/lib/router/index.js:284:15
    at Function.process_params (/home/mir/dev/projects/alwaysbanks_backend/node_modules/.pnpm/express@4.21.2/node_modules/express/lib/router/index.js:346:12)
    at next (/home/mir/dev/projects/alwaysbanks_backend/node_modules/.pnpm/express@4.21.2/node_modules/express/lib/router/index.js:280:10)
    at Function.handle (/home/mir/dev/projects/alwaysbanks_backend/node_modules/.pnpm/express@4.21.2/node_modules/express/lib/router/index.js:175:3)
UnauthorizedError
Thu Dec 26 2024 10:48:55 [PodCast] [31merror[39m: Invalid or malformed token
UnauthorizedError: Invalid or malformed token
    at decodeToken (/home/mir/dev/projects/alwaysbanks_backend/src/utils/jwt.ts:20:26)
    at /home/mir/dev/projects/alwaysbanks_backend/src/middlewares/authorization.ts:45:45
    at Layer.handle [as handle_request] (/home/mir/dev/projects/alwaysbanks_backend/node_modules/.pnpm/express@4.21.2/node_modules/express/lib/router/layer.js:95:5)
    at next (/home/mir/dev/projects/alwaysbanks_backend/node_modules/.pnpm/express@4.21.2/node_modules/express/lib/router/route.js:149:13)
    at Route.dispatch (/home/mir/dev/projects/alwaysbanks_backend/node_modules/.pnpm/express@4.21.2/node_modules/express/lib/router/route.js:119:3)
    at Layer.handle [as handle_request] (/home/mir/dev/projects/alwaysbanks_backend/node_modules/.pnpm/express@4.21.2/node_modules/express/lib/router/layer.js:95:5)
    at /home/mir/dev/projects/alwaysbanks_backend/node_modules/.pnpm/express@4.21.2/node_modules/express/lib/router/index.js:284:15
    at Function.process_params (/home/mir/dev/projects/alwaysbanks_backend/node_modules/.pnpm/express@4.21.2/node_modules/express/lib/router/index.js:346:12)
    at next (/home/mir/dev/projects/alwaysbanks_backend/node_modules/.pnpm/express@4.21.2/node_modules/express/lib/router/index.js:280:10)
    at Function.handle (/home/mir/dev/projects/alwaysbanks_backend/node_modules/.pnpm/express@4.21.2/node_modules/express/lib/router/index.js:175:3)
UnauthorizedError
Thu Dec 26 2024 10:50:3 [PodCast] [31merror[39m: Invalid or malformed token
UnauthorizedError: Invalid or malformed token
    at decodeToken (/home/mir/dev/projects/alwaysbanks_backend/src/utils/jwt.ts:20:26)
    at /home/mir/dev/projects/alwaysbanks_backend/src/middlewares/authorization.ts:45:45
    at Layer.handle [as handle_request] (/home/mir/dev/projects/alwaysbanks_backend/node_modules/.pnpm/express@4.21.2/node_modules/express/lib/router/layer.js:95:5)
    at next (/home/mir/dev/projects/alwaysbanks_backend/node_modules/.pnpm/express@4.21.2/node_modules/express/lib/router/route.js:149:13)
    at Route.dispatch (/home/mir/dev/projects/alwaysbanks_backend/node_modules/.pnpm/express@4.21.2/node_modules/express/lib/router/route.js:119:3)
    at Layer.handle [as handle_request] (/home/mir/dev/projects/alwaysbanks_backend/node_modules/.pnpm/express@4.21.2/node_modules/express/lib/router/layer.js:95:5)
    at /home/mir/dev/projects/alwaysbanks_backend/node_modules/.pnpm/express@4.21.2/node_modules/express/lib/router/index.js:284:15
    at Function.process_params (/home/mir/dev/projects/alwaysbanks_backend/node_modules/.pnpm/express@4.21.2/node_modules/express/lib/router/index.js:346:12)
    at next (/home/mir/dev/projects/alwaysbanks_backend/node_modules/.pnpm/express@4.21.2/node_modules/express/lib/router/index.js:280:10)
    at Function.handle (/home/mir/dev/projects/alwaysbanks_backend/node_modules/.pnpm/express@4.21.2/node_modules/express/lib/router/index.js:175:3)
UnauthorizedError
Thu Dec 26 2024 10:50:9 [PodCast] [31merror[39m: Invalid or malformed token
UnauthorizedError: Invalid or malformed token
    at decodeToken (/home/mir/dev/projects/alwaysbanks_backend/src/utils/jwt.ts:20:26)
    at /home/mir/dev/projects/alwaysbanks_backend/src/middlewares/authorization.ts:45:45
    at Layer.handle [as handle_request] (/home/mir/dev/projects/alwaysbanks_backend/node_modules/.pnpm/express@4.21.2/node_modules/express/lib/router/layer.js:95:5)
    at next (/home/mir/dev/projects/alwaysbanks_backend/node_modules/.pnpm/express@4.21.2/node_modules/express/lib/router/route.js:149:13)
    at Route.dispatch (/home/mir/dev/projects/alwaysbanks_backend/node_modules/.pnpm/express@4.21.2/node_modules/express/lib/router/route.js:119:3)
    at Layer.handle [as handle_request] (/home/mir/dev/projects/alwaysbanks_backend/node_modules/.pnpm/express@4.21.2/node_modules/express/lib/router/layer.js:95:5)
    at /home/mir/dev/projects/alwaysbanks_backend/node_modules/.pnpm/express@4.21.2/node_modules/express/lib/router/index.js:284:15
    at Function.process_params (/home/mir/dev/projects/alwaysbanks_backend/node_modules/.pnpm/express@4.21.2/node_modules/express/lib/router/index.js:346:12)
    at next (/home/mir/dev/projects/alwaysbanks_backend/node_modules/.pnpm/express@4.21.2/node_modules/express/lib/router/index.js:280:10)
    at Function.handle (/home/mir/dev/projects/alwaysbanks_backend/node_modules/.pnpm/express@4.21.2/node_modules/express/lib/router/index.js:175:3)
UnauthorizedError
Thu Dec 26 2024 10:50:37 [PodCast] [31merror[39m: Invalid or malformed token
UnauthorizedError: Invalid or malformed token
    at decodeToken (/home/mir/dev/projects/alwaysbanks_backend/src/utils/jwt.ts:20:26)
    at /home/mir/dev/projects/alwaysbanks_backend/src/middlewares/authorization.ts:45:45
    at Layer.handle [as handle_request] (/home/mir/dev/projects/alwaysbanks_backend/node_modules/.pnpm/express@4.21.2/node_modules/express/lib/router/layer.js:95:5)
    at next (/home/mir/dev/projects/alwaysbanks_backend/node_modules/.pnpm/express@4.21.2/node_modules/express/lib/router/route.js:149:13)
    at Route.dispatch (/home/mir/dev/projects/alwaysbanks_backend/node_modules/.pnpm/express@4.21.2/node_modules/express/lib/router/route.js:119:3)
    at Layer.handle [as handle_request] (/home/mir/dev/projects/alwaysbanks_backend/node_modules/.pnpm/express@4.21.2/node_modules/express/lib/router/layer.js:95:5)
    at /home/mir/dev/projects/alwaysbanks_backend/node_modules/.pnpm/express@4.21.2/node_modules/express/lib/router/index.js:284:15
    at Function.process_params (/home/mir/dev/projects/alwaysbanks_backend/node_modules/.pnpm/express@4.21.2/node_modules/express/lib/router/index.js:346:12)
    at next (/home/mir/dev/projects/alwaysbanks_backend/node_modules/.pnpm/express@4.21.2/node_modules/express/lib/router/index.js:280:10)
    at Function.handle (/home/mir/dev/projects/alwaysbanks_backend/node_modules/.pnpm/express@4.21.2/node_modules/express/lib/router/index.js:175:3)
UnauthorizedError
Thu Dec 26 2024 10:50:39 [PodCast] [31merror[39m: Email already exists
ConflictError: Email already exists
    at register (/home/mir/dev/projects/alwaysbanks_backend/src/controllers/authController.ts:26:36)
    at processTicksAndRejections (node:internal/process/task_queues:105:5)
ConflictError
Thu Dec 26 2024 10:50:52 [PodCast] [31merror[39m: Email already exists
ConflictError: Email already exists
    at register (/home/mir/dev/projects/alwaysbanks_backend/src/controllers/authController.ts:26:36)
    at processTicksAndRejections (node:internal/process/task_queues:105:5)
ConflictError
Thu Dec 26 2024 10:51:1 [PodCast] [31merror[39m: Invalid or malformed token
UnauthorizedError: Invalid or malformed token
    at decodeToken (/home/mir/dev/projects/alwaysbanks_backend/src/utils/jwt.ts:20:26)
    at /home/mir/dev/projects/alwaysbanks_backend/src/middlewares/authorization.ts:45:45
    at Layer.handle [as handle_request] (/home/mir/dev/projects/alwaysbanks_backend/node_modules/.pnpm/express@4.21.2/node_modules/express/lib/router/layer.js:95:5)
    at next (/home/mir/dev/projects/alwaysbanks_backend/node_modules/.pnpm/express@4.21.2/node_modules/express/lib/router/route.js:149:13)
    at Route.dispatch (/home/mir/dev/projects/alwaysbanks_backend/node_modules/.pnpm/express@4.21.2/node_modules/express/lib/router/route.js:119:3)
    at Layer.handle [as handle_request] (/home/mir/dev/projects/alwaysbanks_backend/node_modules/.pnpm/express@4.21.2/node_modules/express/lib/router/layer.js:95:5)
    at /home/mir/dev/projects/alwaysbanks_backend/node_modules/.pnpm/express@4.21.2/node_modules/express/lib/router/index.js:284:15
    at Function.process_params (/home/mir/dev/projects/alwaysbanks_backend/node_modules/.pnpm/express@4.21.2/node_modules/express/lib/router/index.js:346:12)
    at next (/home/mir/dev/projects/alwaysbanks_backend/node_modules/.pnpm/express@4.21.2/node_modules/express/lib/router/index.js:280:10)
    at Function.handle (/home/mir/dev/projects/alwaysbanks_backend/node_modules/.pnpm/express@4.21.2/node_modules/express/lib/router/index.js:175:3)
UnauthorizedError
Thu Dec 26 2024 10:51:5 [PodCast] [31merror[39m: Invalid or malformed token
UnauthorizedError: Invalid or malformed token
    at decodeToken (/home/mir/dev/projects/alwaysbanks_backend/src/utils/jwt.ts:20:26)
    at /home/mir/dev/projects/alwaysbanks_backend/src/middlewares/authorization.ts:45:45
    at Layer.handle [as handle_request] (/home/mir/dev/projects/alwaysbanks_backend/node_modules/.pnpm/express@4.21.2/node_modules/express/lib/router/layer.js:95:5)
    at next (/home/mir/dev/projects/alwaysbanks_backend/node_modules/.pnpm/express@4.21.2/node_modules/express/lib/router/route.js:149:13)
    at Route.dispatch (/home/mir/dev/projects/alwaysbanks_backend/node_modules/.pnpm/express@4.21.2/node_modules/express/lib/router/route.js:119:3)
    at Layer.handle [as handle_request] (/home/mir/dev/projects/alwaysbanks_backend/node_modules/.pnpm/express@4.21.2/node_modules/express/lib/router/layer.js:95:5)
    at /home/mir/dev/projects/alwaysbanks_backend/node_modules/.pnpm/express@4.21.2/node_modules/express/lib/router/index.js:284:15
    at Function.process_params (/home/mir/dev/projects/alwaysbanks_backend/node_modules/.pnpm/express@4.21.2/node_modules/express/lib/router/index.js:346:12)
    at next (/home/mir/dev/projects/alwaysbanks_backend/node_modules/.pnpm/express@4.21.2/node_modules/express/lib/router/index.js:280:10)
    at Function.handle (/home/mir/dev/projects/alwaysbanks_backend/node_modules/.pnpm/express@4.21.2/node_modules/express/lib/router/index.js:175:3)
UnauthorizedError
Thu Dec 26 2024 10:55:12 [PodCast] [31merror[39m: Email already exists
ConflictError: Email already exists
    at register (/home/mir/dev/projects/alwaysbanks_backend/src/controllers/authController.ts:26:36)
    at processTicksAndRejections (node:internal/process/task_queues:105:5)
ConflictError
