Wed Jan 15 2025 10:14:17 [Tha Drop] [32minfo[39m: Successfully Connected to MongoDB Atlas
Wed Jan 15 2025 10:14:17 [Tha Drop] [32minfo[39m: Server is running at PORT: 8080
Wed Jan 15 2025 10:15:3 [Tha Drop] [32minfo[39m: Successfully Connected to MongoDB Atlas
Wed Jan 15 2025 10:15:3 [Tha Drop] [32minfo[39m: Server is running at PORT: 8080
Wed Jan 15 2025 10:18:13 [Tha Drop] [32minfo[39m: Successfully Connected to MongoDB Atlas
Wed Jan 15 2025 10:18:13 [Tha Drop] [32minfo[39m: Server is running at PORT: 8080
Wed Jan 15 2025 10:20:19 [Tha Drop] [32minfo[39m: Successfully Connected to MongoDB Atlas
Wed Jan 15 2025 10:20:19 [Tha Drop] [32minfo[39m: Server is running at PORT: 8080
Wed Jan 15 2025 10:20:37 [Tha Drop] [32minfo[39m: Successfully Connected to MongoDB Atlas
Wed Jan 15 2025 10:20:37 [Tha Drop] [32minfo[39m: Server is running at PORT: 8080
Wed Jan 15 2025 10:20:48 [Tha Drop] [32minfo[39m: Successfully Connected to MongoDB Atlas
Wed Jan 15 2025 10:20:48 [Tha Drop] [32minfo[39m: Server is running at PORT: 8080
Wed Jan 15 2025 10:21:5 [Tha Drop] [32minfo[39m: Successfully Connected to MongoDB Atlas
Wed Jan 15 2025 10:21:5 [Tha Drop] [32minfo[39m: Server is running at PORT: 8080
Wed Jan 15 2025 10:26:36 [Tha Drop] [31merror[39m: No requests found
NotFoundError: No requests found
    at acceptRequest (/home/mir/dev/projects/tha_drop_backend/src/services/hiringServices.ts:228:26)
    at processTicksAndRejections (node:internal/process/task_queues:105:5)
NotFoundError
Wed Jan 15 2025 10:27:41 [Tha Drop] [32minfo[39m: Successfully Connected to MongoDB Atlas
Wed Jan 15 2025 10:27:41 [Tha Drop] [32minfo[39m: Server is running at PORT: 8080
Wed Jan 15 2025 10:31:37 [Tha Drop] [32minfo[39m: Successfully Connected to MongoDB Atlas
Wed Jan 15 2025 10:31:37 [Tha Drop] [32minfo[39m: Server is running at PORT: 8080
Wed Jan 15 2025 10:34:3 [Tha Drop] [32minfo[39m: Successfully Connected to MongoDB Atlas
Wed Jan 15 2025 10:34:3 [Tha Drop] [32minfo[39m: Server is running at PORT: 8080
Wed Jan 15 2025 10:34:13 [Tha Drop] [31merror[39m: User validation failed: requests.0.id: Path `id` is required., requests.1.id: Path `id` is required.
ValidationError: User validation failed: requests.0.id: Path `id` is required., requests.1.id: Path `id` is required.
    at model.Document.invalidate (/home/mir/dev/projects/tha_drop_backend/node_modules/.pnpm/mongoose@8.8.4/node_modules/mongoose/lib/document.js:3318:32)
    at EmbeddedDocument.Subdocument.invalidate (/home/mir/dev/projects/tha_drop_backend/node_modules/.pnpm/mongoose@8.8.4/node_modules/mongoose/lib/types/subdocument.js:229:12)
    at /home/mir/dev/projects/tha_drop_backend/node_modules/.pnpm/mongoose@8.8.4/node_modules/mongoose/lib/document.js:3079:17
    at /home/mir/dev/projects/tha_drop_backend/node_modules/.pnpm/mongoose@8.8.4/node_modules/mongoose/lib/schemaType.js:1388:9
    at processTicksAndRejections (node:internal/process/task_queues:85:11)
ValidationError
Wed Jan 15 2025 10:34:41 [Tha Drop] [32minfo[39m: Successfully Connected to MongoDB Atlas
Wed Jan 15 2025 10:34:41 [Tha Drop] [32minfo[39m: Server is running at PORT: 8080
Wed Jan 15 2025 10:34:45 [Tha Drop] [31merror[39m: User validation failed: requests.0.id: Path `id` is required., requests.1.id: Path `id` is required.
ValidationError: User validation failed: requests.0.id: Path `id` is required., requests.1.id: Path `id` is required.
    at model.Document.invalidate (/home/mir/dev/projects/tha_drop_backend/node_modules/.pnpm/mongoose@8.8.4/node_modules/mongoose/lib/document.js:3318:32)
    at EmbeddedDocument.Subdocument.invalidate (/home/mir/dev/projects/tha_drop_backend/node_modules/.pnpm/mongoose@8.8.4/node_modules/mongoose/lib/types/subdocument.js:229:12)
    at /home/mir/dev/projects/tha_drop_backend/node_modules/.pnpm/mongoose@8.8.4/node_modules/mongoose/lib/document.js:3079:17
    at /home/mir/dev/projects/tha_drop_backend/node_modules/.pnpm/mongoose@8.8.4/node_modules/mongoose/lib/schemaType.js:1388:9
    at processTicksAndRejections (node:internal/process/task_queues:85:11)
ValidationError
Wed Jan 15 2025 10:35:17 [Tha Drop] [32minfo[39m: Successfully Connected to MongoDB Atlas
Wed Jan 15 2025 10:35:17 [Tha Drop] [32minfo[39m: Server is running at PORT: 8080
Wed Jan 15 2025 10:35:21 [Tha Drop] [31merror[39m: User validation failed: requests.0.id: Path `id` is required., requests.1.id: Path `id` is required.
ValidationError: User validation failed: requests.0.id: Path `id` is required., requests.1.id: Path `id` is required.
    at model.Document.invalidate (/home/mir/dev/projects/tha_drop_backend/node_modules/.pnpm/mongoose@8.8.4/node_modules/mongoose/lib/document.js:3318:32)
    at EmbeddedDocument.Subdocument.invalidate (/home/mir/dev/projects/tha_drop_backend/node_modules/.pnpm/mongoose@8.8.4/node_modules/mongoose/lib/types/subdocument.js:229:12)
    at /home/mir/dev/projects/tha_drop_backend/node_modules/.pnpm/mongoose@8.8.4/node_modules/mongoose/lib/document.js:3079:17
    at /home/mir/dev/projects/tha_drop_backend/node_modules/.pnpm/mongoose@8.8.4/node_modules/mongoose/lib/schemaType.js:1388:9
    at processTicksAndRejections (node:internal/process/task_queues:85:11)
ValidationError
Wed Jan 15 2025 10:37:10 [Tha Drop] [32minfo[39m: Successfully Connected to MongoDB Atlas
Wed Jan 15 2025 10:37:10 [Tha Drop] [32minfo[39m: Server is running at PORT: 8080
Wed Jan 15 2025 10:37:20 [Tha Drop] [31merror[39m: User validation failed: requests.0.id: Path `id` is required., requests.1.id: Path `id` is required.
ValidationError: User validation failed: requests.0.id: Path `id` is required., requests.1.id: Path `id` is required.
    at Document.invalidate (/home/mir/dev/projects/tha_drop_backend/node_modules/.pnpm/mongoose@8.8.4/node_modules/mongoose/lib/document.js:3318:32)
    at Subdocument.invalidate (/home/mir/dev/projects/tha_drop_backend/node_modules/.pnpm/mongoose@8.8.4/node_modules/mongoose/lib/types/subdocument.js:229:12)
    at /home/mir/dev/projects/tha_drop_backend/node_modules/.pnpm/mongoose@8.8.4/node_modules/mongoose/lib/document.js:3079:17
    at /home/mir/dev/projects/tha_drop_backend/node_modules/.pnpm/mongoose@8.8.4/node_modules/mongoose/lib/schemaType.js:1388:9
    at process.processTicksAndRejections (node:internal/process/task_queues:85:11)
ValidationError
Wed Jan 15 2025 10:42:6 [Tha Drop] [31merror[39m: No requests found
NotFoundError: No requests found
    at acceptRequest (/home/mir/dev/projects/tha_drop_backend/dist/services/hiringServices.js:203:43)
    at process.processTicksAndRejections (node:internal/process/task_queues:105:5)
NotFoundError
