Thu Dec 26 2024 17:1:12 [PodCast] [32minfo[39m: Successfully Connected to MongoDB Atlas
Thu Dec 26 2024 17:1:12 [PodCast] [32minfo[39m: Server is running at PORT: 8080
Thu Dec 26 2024 17:2:29 [PodCast] [31merror[39m: Invalid or malformed token
UnauthorizedError: Invalid or malformed token
    at decodeToken (/home/mir/dev/projects/alwaysbanks_backend/src/utils/jwt.ts:20:26)
    at /home/mir/dev/projects/alwaysbanks_backend/src/middlewares/authorization.ts:45:45
    at Layer.handle [as handle_request] (/home/mir/dev/projects/alwaysbanks_backend/node_modules/.pnpm/express@4.21.2/node_modules/express/lib/router/layer.js:95:5)
    at next (/home/mir/dev/projects/alwaysbanks_backend/node_modules/.pnpm/express@4.21.2/node_modules/express/lib/router/route.js:149:13)
    at Route.dispatch (/home/mir/dev/projects/alwaysbanks_backend/node_modules/.pnpm/express@4.21.2/node_modules/express/lib/router/route.js:119:3)
    at Layer.handle [as handle_request] (/home/mir/dev/projects/alwaysbanks_backend/node_modules/.pnpm/express@4.21.2/node_modules/express/lib/router/layer.js:95:5)
    at /home/mir/dev/projects/alwaysbanks_backend/node_modules/.pnpm/express@4.21.2/node_modules/express/lib/router/index.js:284:15
    at Function.process_params (/home/mir/dev/projects/alwaysbanks_backend/node_modules/.pnpm/express@4.21.2/node_modules/express/lib/router/index.js:346:12)
    at next (/home/mir/dev/projects/alwaysbanks_backend/node_modules/.pnpm/express@4.21.2/node_modules/express/lib/router/index.js:280:10)
    at Function.handle (/home/mir/dev/projects/alwaysbanks_backend/node_modules/.pnpm/express@4.21.2/node_modules/express/lib/router/index.js:175:3)
UnauthorizedError
Thu Dec 26 2024 17:2:47 [PodCast] [32minfo[39m: Successfully Connected to MongoDB Atlas
Thu Dec 26 2024 17:2:47 [PodCast] [32minfo[39m: Server is running at PORT: 8080
Thu Dec 26 2024 17:3:54 [PodCast] [32minfo[39m: Successfully Connected to MongoDB Atlas
Thu Dec 26 2024 17:3:54 [PodCast] [32minfo[39m: Server is running at PORT: 8080
Thu Dec 26 2024 17:4:51 [PodCast] [32minfo[39m: Successfully Connected to MongoDB Atlas
Thu Dec 26 2024 17:4:51 [PodCast] [32minfo[39m: Server is running at PORT: 8080
Thu Dec 26 2024 17:7:10 [PodCast] [32minfo[39m: Successfully Connected to MongoDB Atlas
Thu Dec 26 2024 17:7:10 [PodCast] [32minfo[39m: Server is running at PORT: 8080
Thu Dec 26 2024 17:10:20 [PodCast] [32minfo[39m: Successfully Connected to MongoDB Atlas
Thu Dec 26 2024 17:10:20 [PodCast] [32minfo[39m: Server is running at PORT: 8080
Thu Dec 26 2024 17:10:39 [PodCast] [32minfo[39m: Successfully Connected to MongoDB Atlas
Thu Dec 26 2024 17:10:39 [PodCast] [32minfo[39m: Server is running at PORT: 8080
Thu Dec 26 2024 17:11:48 [PodCast] [32minfo[39m: Successfully Connected to MongoDB Atlas
Thu Dec 26 2024 17:11:48 [PodCast] [32minfo[39m: Server is running at PORT: 8080
Thu Dec 26 2024 17:12:1 [PodCast] [32minfo[39m: Successfully Connected to MongoDB Atlas
Thu Dec 26 2024 17:12:1 [PodCast] [32minfo[39m: Server is running at PORT: 8080
Thu Dec 26 2024 17:17:10 [PodCast] [31merror[39m: Cast to ObjectId failed for value "676c76432f700664a6c4a362:id" (type string) at path "_id" for model "Category"
CastError: Cast to ObjectId failed for value "676c76432f700664a6c4a362:id" (type string) at path "_id" for model "Category"
    at SchemaObjectId.cast (/home/mir/dev/projects/alwaysbanks_backend/node_modules/.pnpm/mongoose@8.8.4/node_modules/mongoose/lib/schema/objectId.js:250:11)
    at SchemaObjectId.SchemaType.applySetters (/home/mir/dev/projects/alwaysbanks_backend/node_modules/.pnpm/mongoose@8.8.4/node_modules/mongoose/lib/schemaType.js:1236:12)
    at SchemaObjectId.SchemaType.castForQuery (/home/mir/dev/projects/alwaysbanks_backend/node_modules/.pnpm/mongoose@8.8.4/node_modules/mongoose/lib/schemaType.js:1653:17)
    at cast (/home/mir/dev/projects/alwaysbanks_backend/node_modules/.pnpm/mongoose@8.8.4/node_modules/mongoose/lib/cast.js:390:32)
    at model.Query.Query.cast (/home/mir/dev/projects/alwaysbanks_backend/node_modules/.pnpm/mongoose@8.8.4/node_modules/mongoose/lib/query.js:4906:12)
    at model.Query.Query._castConditions (/home/mir/dev/projects/alwaysbanks_backend/node_modules/.pnpm/mongoose@8.8.4/node_modules/mongoose/lib/query.js:2309:10)
    at model.Query._findOne (/home/mir/dev/projects/alwaysbanks_backend/node_modules/.pnpm/mongoose@8.8.4/node_modules/mongoose/lib/query.js:2632:8)
    at model.Query.exec (/home/mir/dev/projects/alwaysbanks_backend/node_modules/.pnpm/mongoose@8.8.4/node_modules/mongoose/lib/query.js:4458:80)
    at processTicksAndRejections (node:internal/process/task_queues:105:5)
    at async getSubCategories (/home/mir/dev/projects/alwaysbanks_backend/src/controllers/categoryController.ts:47:31)
CastError
Thu Dec 26 2024 17:17:17 [PodCast] [31merror[39m: Cast to ObjectId failed for value "676c76432f700664a6c4a362:id" (type string) at path "_id" for model "Category"
CastError: Cast to ObjectId failed for value "676c76432f700664a6c4a362:id" (type string) at path "_id" for model "Category"
    at SchemaObjectId.cast (/home/mir/dev/projects/alwaysbanks_backend/node_modules/.pnpm/mongoose@8.8.4/node_modules/mongoose/lib/schema/objectId.js:250:11)
    at SchemaObjectId.SchemaType.applySetters (/home/mir/dev/projects/alwaysbanks_backend/node_modules/.pnpm/mongoose@8.8.4/node_modules/mongoose/lib/schemaType.js:1236:12)
    at SchemaObjectId.SchemaType.castForQuery (/home/mir/dev/projects/alwaysbanks_backend/node_modules/.pnpm/mongoose@8.8.4/node_modules/mongoose/lib/schemaType.js:1653:17)
    at cast (/home/mir/dev/projects/alwaysbanks_backend/node_modules/.pnpm/mongoose@8.8.4/node_modules/mongoose/lib/cast.js:390:32)
    at model.Query.Query.cast (/home/mir/dev/projects/alwaysbanks_backend/node_modules/.pnpm/mongoose@8.8.4/node_modules/mongoose/lib/query.js:4906:12)
    at model.Query.Query._castConditions (/home/mir/dev/projects/alwaysbanks_backend/node_modules/.pnpm/mongoose@8.8.4/node_modules/mongoose/lib/query.js:2309:10)
    at model.Query._findOne (/home/mir/dev/projects/alwaysbanks_backend/node_modules/.pnpm/mongoose@8.8.4/node_modules/mongoose/lib/query.js:2632:8)
    at model.Query.exec (/home/mir/dev/projects/alwaysbanks_backend/node_modules/.pnpm/mongoose@8.8.4/node_modules/mongoose/lib/query.js:4458:80)
    at processTicksAndRejections (node:internal/process/task_queues:105:5)
    at async getSubCategories (/home/mir/dev/projects/alwaysbanks_backend/src/controllers/categoryController.ts:47:31)
CastError
Thu Dec 26 2024 17:17:21 [PodCast] [31merror[39m: Cast to ObjectId failed for value "676c76432f700664a6c4a362:id" (type string) at path "_id" for model "Category"
CastError: Cast to ObjectId failed for value "676c76432f700664a6c4a362:id" (type string) at path "_id" for model "Category"
    at SchemaObjectId.cast (/home/mir/dev/projects/alwaysbanks_backend/node_modules/.pnpm/mongoose@8.8.4/node_modules/mongoose/lib/schema/objectId.js:250:11)
    at SchemaObjectId.SchemaType.applySetters (/home/mir/dev/projects/alwaysbanks_backend/node_modules/.pnpm/mongoose@8.8.4/node_modules/mongoose/lib/schemaType.js:1236:12)
    at SchemaObjectId.SchemaType.castForQuery (/home/mir/dev/projects/alwaysbanks_backend/node_modules/.pnpm/mongoose@8.8.4/node_modules/mongoose/lib/schemaType.js:1653:17)
    at cast (/home/mir/dev/projects/alwaysbanks_backend/node_modules/.pnpm/mongoose@8.8.4/node_modules/mongoose/lib/cast.js:390:32)
    at model.Query.Query.cast (/home/mir/dev/projects/alwaysbanks_backend/node_modules/.pnpm/mongoose@8.8.4/node_modules/mongoose/lib/query.js:4906:12)
    at model.Query.Query._castConditions (/home/mir/dev/projects/alwaysbanks_backend/node_modules/.pnpm/mongoose@8.8.4/node_modules/mongoose/lib/query.js:2309:10)
    at model.Query._findOne (/home/mir/dev/projects/alwaysbanks_backend/node_modules/.pnpm/mongoose@8.8.4/node_modules/mongoose/lib/query.js:2632:8)
    at model.Query.exec (/home/mir/dev/projects/alwaysbanks_backend/node_modules/.pnpm/mongoose@8.8.4/node_modules/mongoose/lib/query.js:4458:80)
    at processTicksAndRejections (node:internal/process/task_queues:105:5)
    at async getSubCategories (/home/mir/dev/projects/alwaysbanks_backend/src/controllers/categoryController.ts:47:31)
CastError
Thu Dec 26 2024 17:19:46 [PodCast] [32minfo[39m: Successfully Connected to MongoDB Atlas
Thu Dec 26 2024 17:19:46 [PodCast] [32minfo[39m: Server is running at PORT: 8080
Thu Dec 26 2024 17:20:13 [PodCast] [32minfo[39m: Successfully Connected to MongoDB Atlas
Thu Dec 26 2024 17:20:13 [PodCast] [32minfo[39m: Server is running at PORT: 8080
Thu Dec 26 2024 17:21:7 [PodCast] [32minfo[39m: Successfully Connected to MongoDB Atlas
Thu Dec 26 2024 17:21:7 [PodCast] [32minfo[39m: Server is running at PORT: 8080
Thu Dec 26 2024 17:22:16 [PodCast] [31merror[39m: No SubCategories found
NotFoundError: No SubCategories found
    at getSubCategories (/home/mir/dev/projects/alwaysbanks_backend/src/controllers/categoryController.ts:59:43)
    at processTicksAndRejections (node:internal/process/task_queues:105:5)
NotFoundError
Thu Dec 26 2024 17:23:36 [PodCast] [32minfo[39m: Successfully Connected to MongoDB Atlas
Thu Dec 26 2024 17:23:36 [PodCast] [32minfo[39m: Server is running at PORT: 8080
Thu Dec 26 2024 17:34:10 [PodCast] [32minfo[39m: Successfully Connected to MongoDB Atlas
Thu Dec 26 2024 17:34:10 [PodCast] [32minfo[39m: Server is running at PORT: 8080
Thu Dec 26 2024 17:34:31 [PodCast] [32minfo[39m: Successfully Connected to MongoDB Atlas
Thu Dec 26 2024 17:34:31 [PodCast] [32minfo[39m: Server is running at PORT: 8080
Thu Dec 26 2024 17:35:43 [PodCast] [32minfo[39m: Successfully Connected to MongoDB Atlas
Thu Dec 26 2024 17:35:43 [PodCast] [32minfo[39m: Server is running at PORT: 8080
Thu Dec 26 2024 17:36:1 [PodCast] [32minfo[39m: Successfully Connected to MongoDB Atlas
Thu Dec 26 2024 17:36:1 [PodCast] [32minfo[39m: Server is running at PORT: 8080
Thu Dec 26 2024 17:37:22 [PodCast] [32minfo[39m: Successfully Connected to MongoDB Atlas
Thu Dec 26 2024 17:37:22 [PodCast] [32minfo[39m: Server is running at PORT: 8080
Thu Dec 26 2024 17:37:30 [PodCast] [32minfo[39m: Successfully Connected to MongoDB Atlas
Thu Dec 26 2024 17:37:30 [PodCast] [32minfo[39m: Server is running at PORT: 8080
Thu Dec 26 2024 17:37:53 [PodCast] [32minfo[39m: Successfully Connected to MongoDB Atlas
Thu Dec 26 2024 17:37:53 [PodCast] [32minfo[39m: Server is running at PORT: 8080
Thu Dec 26 2024 17:38:45 [PodCast] [32minfo[39m: Successfully Connected to MongoDB Atlas
Thu Dec 26 2024 17:38:45 [PodCast] [32minfo[39m: Server is running at PORT: 8080
Thu Dec 26 2024 17:38:47 [PodCast] [31merror[39m: Account Not Found
NotFoundError: Account Not Found
    at /home/mir/dev/projects/alwaysbanks_backend/src/middlewares/authorization.ts:50:43
    at processTicksAndRejections (node:internal/process/task_queues:105:5)
NotFoundError
Thu Dec 26 2024 17:42:26 [PodCast] [32minfo[39m: Successfully Connected to MongoDB Atlas
Thu Dec 26 2024 17:42:26 [PodCast] [32minfo[39m: Server is running at PORT: 8080
Thu Dec 26 2024 17:42:54 [PodCast] [32minfo[39m: Successfully Connected to MongoDB Atlas
Thu Dec 26 2024 17:42:54 [PodCast] [32minfo[39m: Server is running at PORT: 8080
Thu Dec 26 2024 17:43:0 [PodCast] [32minfo[39m: Successfully Connected to MongoDB Atlas
Thu Dec 26 2024 17:43:0 [PodCast] [32minfo[39m: Server is running at PORT: 8080
Thu Dec 26 2024 17:43:32 [PodCast] [32minfo[39m: Successfully Connected to MongoDB Atlas
Thu Dec 26 2024 17:43:32 [PodCast] [32minfo[39m: Server is running at PORT: 8080
Thu Dec 26 2024 17:43:53 [PodCast] [32minfo[39m: Successfully Connected to MongoDB Atlas
Thu Dec 26 2024 17:43:53 [PodCast] [32minfo[39m: Server is running at PORT: 8080
Thu Dec 26 2024 17:44:13 [PodCast] [32minfo[39m: Successfully Connected to MongoDB Atlas
Thu Dec 26 2024 17:44:13 [PodCast] [32minfo[39m: Server is running at PORT: 8080
Thu Dec 26 2024 17:44:27 [PodCast] [32minfo[39m: Successfully Connected to MongoDB Atlas
Thu Dec 26 2024 17:44:27 [PodCast] [32minfo[39m: Server is running at PORT: 8080
Thu Dec 26 2024 17:44:32 [PodCast] [32minfo[39m: Successfully Connected to MongoDB Atlas
Thu Dec 26 2024 17:44:32 [PodCast] [32minfo[39m: Server is running at PORT: 8080
Thu Dec 26 2024 17:44:50 [PodCast] [32minfo[39m: Successfully Connected to MongoDB Atlas
Thu Dec 26 2024 17:44:50 [PodCast] [32minfo[39m: Server is running at PORT: 8080
Thu Dec 26 2024 17:45:12 [PodCast] [32minfo[39m: Successfully Connected to MongoDB Atlas
Thu Dec 26 2024 17:45:12 [PodCast] [32minfo[39m: Server is running at PORT: 8080
Thu Dec 26 2024 17:46:1 [PodCast] [32minfo[39m: Successfully Connected to MongoDB Atlas
Thu Dec 26 2024 17:46:1 [PodCast] [32minfo[39m: Server is running at PORT: 8080
Thu Dec 26 2024 17:46:20 [PodCast] [32minfo[39m: Successfully Connected to MongoDB Atlas
Thu Dec 26 2024 17:46:20 [PodCast] [32minfo[39m: Server is running at PORT: 8080
Thu Dec 26 2024 17:46:40 [PodCast] [32minfo[39m: Successfully Connected to MongoDB Atlas
Thu Dec 26 2024 17:46:40 [PodCast] [32minfo[39m: Server is running at PORT: 8080
Thu Dec 26 2024 17:46:53 [PodCast] [32minfo[39m: Successfully Connected to MongoDB Atlas
Thu Dec 26 2024 17:46:53 [PodCast] [32minfo[39m: Server is running at PORT: 8080
Thu Dec 26 2024 17:47:27 [PodCast] [32minfo[39m: Successfully Connected to MongoDB Atlas
Thu Dec 26 2024 17:47:27 [PodCast] [32minfo[39m: Server is running at PORT: 8080
Thu Dec 26 2024 17:47:46 [PodCast] [32minfo[39m: Successfully Connected to MongoDB Atlas
Thu Dec 26 2024 17:47:46 [PodCast] [32minfo[39m: Server is running at PORT: 8080
Thu Dec 26 2024 17:48:44 [PodCast] [32minfo[39m: Successfully Connected to MongoDB Atlas
Thu Dec 26 2024 17:48:44 [PodCast] [32minfo[39m: Server is running at PORT: 8080
Thu Dec 26 2024 17:48:55 [PodCast] [32minfo[39m: Successfully Connected to MongoDB Atlas
Thu Dec 26 2024 17:48:55 [PodCast] [32minfo[39m: Server is running at PORT: 8080
Thu Dec 26 2024 17:49:4 [PodCast] [32minfo[39m: Successfully Connected to MongoDB Atlas
Thu Dec 26 2024 17:49:4 [PodCast] [32minfo[39m: Server is running at PORT: 8080
Thu Dec 26 2024 17:49:21 [PodCast] [32minfo[39m: Successfully Connected to MongoDB Atlas
Thu Dec 26 2024 17:49:21 [PodCast] [32minfo[39m: Server is running at PORT: 8080
Thu Dec 26 2024 17:49:29 [PodCast] [32minfo[39m: Successfully Connected to MongoDB Atlas
Thu Dec 26 2024 17:49:29 [PodCast] [32minfo[39m: Server is running at PORT: 8080
Thu Dec 26 2024 17:49:46 [PodCast] [32minfo[39m: Successfully Connected to MongoDB Atlas
Thu Dec 26 2024 17:49:46 [PodCast] [32minfo[39m: Server is running at PORT: 8080
Thu Dec 26 2024 17:50:39 [PodCast] [32minfo[39m: Successfully Connected to MongoDB Atlas
Thu Dec 26 2024 17:50:39 [PodCast] [32minfo[39m: Server is running at PORT: 8080
Thu Dec 26 2024 17:50:45 [PodCast] [32minfo[39m: Successfully Connected to MongoDB Atlas
Thu Dec 26 2024 17:50:45 [PodCast] [32minfo[39m: Server is running at PORT: 8080
Thu Dec 26 2024 17:51:28 [PodCast] [32minfo[39m: Successfully Connected to MongoDB Atlas
Thu Dec 26 2024 17:51:28 [PodCast] [32minfo[39m: Server is running at PORT: 8080
Thu Dec 26 2024 17:51:47 [PodCast] [32minfo[39m: Successfully Connected to MongoDB Atlas
Thu Dec 26 2024 17:51:47 [PodCast] [32minfo[39m: Server is running at PORT: 8080
Thu Dec 26 2024 17:52:23 [PodCast] [32minfo[39m: Successfully Connected to MongoDB Atlas
Thu Dec 26 2024 17:52:23 [PodCast] [32minfo[39m: Server is running at PORT: 8080
Thu Dec 26 2024 17:53:3 [PodCast] [32minfo[39m: Successfully Connected to MongoDB Atlas
Thu Dec 26 2024 17:53:3 [PodCast] [32minfo[39m: Server is running at PORT: 8080
Thu Dec 26 2024 17:53:19 [PodCast] [32minfo[39m: Successfully Connected to MongoDB Atlas
Thu Dec 26 2024 17:53:19 [PodCast] [32minfo[39m: Server is running at PORT: 8080
Thu Dec 26 2024 17:53:32 [PodCast] [32minfo[39m: Successfully Connected to MongoDB Atlas
Thu Dec 26 2024 17:53:32 [PodCast] [32minfo[39m: Server is running at PORT: 8080
Thu Dec 26 2024 17:53:52 [PodCast] [32minfo[39m: Successfully Connected to MongoDB Atlas
Thu Dec 26 2024 17:53:52 [PodCast] [32minfo[39m: Server is running at PORT: 8080
Thu Dec 26 2024 17:54:8 [PodCast] [32minfo[39m: Successfully Connected to MongoDB Atlas
Thu Dec 26 2024 17:54:8 [PodCast] [32minfo[39m: Server is running at PORT: 8080
Thu Dec 26 2024 17:55:10 [PodCast] [32minfo[39m: Successfully Connected to MongoDB Atlas
Thu Dec 26 2024 17:55:10 [PodCast] [32minfo[39m: Server is running at PORT: 8080
Thu Dec 26 2024 17:55:24 [PodCast] [32minfo[39m: Successfully Connected to MongoDB Atlas
Thu Dec 26 2024 17:55:24 [PodCast] [32minfo[39m: Server is running at PORT: 8080
Thu Dec 26 2024 17:55:55 [PodCast] [32minfo[39m: Successfully Connected to MongoDB Atlas
Thu Dec 26 2024 17:55:55 [PodCast] [32minfo[39m: Server is running at PORT: 8080
Thu Dec 26 2024 17:57:30 [PodCast] [32minfo[39m: Successfully Connected to MongoDB Atlas
Thu Dec 26 2024 17:57:30 [PodCast] [32minfo[39m: Server is running at PORT: 8080
