Wed Jan 22 2025 18:1:56 [Tha Drop] [32minfo[39m: Successfully Connected to MongoDB Atlas
Wed Jan 22 2025 18:1:56 [Tha Drop] [32minfo[39m: Server is running at PORT: 8080
Wed Jan 22 2025 18:4:33 [Tha Drop] [32minfo[39m: Successfully Connected to MongoDB Atlas
Wed Jan 22 2025 18:4:33 [Tha Drop] [32minfo[39m: Server is running at PORT: 8080
Wed Jan 22 2025 18:5:38 [Tha Drop] [32minfo[39m: Successfully Connected to MongoDB Atlas
Wed Jan 22 2025 18:5:38 [Tha Drop] [32minfo[39m: Server is running at PORT: 8080
Wed Jan 22 2025 18:9:20 [Tha Drop] [32minfo[39m: Successfully Connected to MongoDB Atlas
Wed Jan 22 2025 18:9:20 [Tha Drop] [32minfo[39m: Server is running at PORT: 8080
Wed Jan 22 2025 18:11:6 [Tha Drop] [31merror[39m: Account Not Found
NotFoundError: Account Not Found
    at /home/mir/dev/projects/tha_drop_backend/src/middlewares/authorization.ts:50:43
    at processTicksAndRejections (node:internal/process/task_queues:105:5)
NotFoundError
Wed Jan 22 2025 18:11:9 [Tha Drop] [31merror[39m: Account Not Found
NotFoundError: Account Not Found
    at /home/mir/dev/projects/tha_drop_backend/src/middlewares/authorization.ts:50:43
    at processTicksAndRejections (node:internal/process/task_queues:105:5)
NotFoundError
Wed Jan 22 2025 18:11:10 [Tha Drop] [31merror[39m: Account Not Found
NotFoundError: Account Not Found
    at /home/mir/dev/projects/tha_drop_backend/src/middlewares/authorization.ts:50:43
    at processTicksAndRejections (node:internal/process/task_queues:105:5)
NotFoundError
Wed Jan 22 2025 18:11:11 [Tha Drop] [31merror[39m: Account Not Found
NotFoundError: Account Not Found
    at /home/mir/dev/projects/tha_drop_backend/src/middlewares/authorization.ts:50:43
    at processTicksAndRejections (node:internal/process/task_queues:105:5)
NotFoundError
Wed Jan 22 2025 18:11:12 [Tha Drop] [31merror[39m: Account Not Found
NotFoundError: Account Not Found
    at /home/mir/dev/projects/tha_drop_backend/src/middlewares/authorization.ts:50:43
    at processTicksAndRejections (node:internal/process/task_queues:105:5)
NotFoundError
Wed Jan 22 2025 18:12:37 [Tha Drop] [31merror[39m: Event Not Found
NotFoundError: Event Not Found
    at remove (/home/mir/dev/projects/tha_drop_backend/src/controllers/eventController.ts:192:38)
    at processTicksAndRejections (node:internal/process/task_queues:105:5)
NotFoundError
Wed Jan 22 2025 18:12:46 [Tha Drop] [31merror[39m: Event Not Found
NotFoundError: Event Not Found
    at remove (/home/mir/dev/projects/tha_drop_backend/src/controllers/eventController.ts:192:38)
    at processTicksAndRejections (node:internal/process/task_queues:105:5)
NotFoundError
Wed Jan 22 2025 18:12:59 [Tha Drop] [31merror[39m: Event Not Found
NotFoundError: Event Not Found
    at remove (/home/mir/dev/projects/tha_drop_backend/src/controllers/eventController.ts:192:38)
    at processTicksAndRejections (node:internal/process/task_queues:105:5)
NotFoundError
