Wed Jan 08 2025 20:58:44 [Tha Drop] [32minfo[39m: Successfully Connected to MongoDB Atlas
Wed Jan 08 2025 20:58:44 [Tha Drop] [32minfo[39m: Server is running at PORT: 8080
Thu Jan 09 2025 22:36:26 [Tha Drop] [32minfo[39m: Successfully Connected to MongoDB Atlas
Thu Jan 09 2025 22:36:26 [Tha Drop] [32minfo[39m: Server is running at PORT: 8080
Fri Jan 10 2025 5:25:51 [Tha Drop] [32minfo[39m: Successfully Connected to MongoDB Atlas
Fri Jan 10 2025 5:25:51 [Tha Drop] [32minfo[39m: Server is running at PORT: 8080
Fri Jan 10 2025 5:27:27 [Tha Drop] [32minfo[39m: Successfully Connected to MongoDB Atlas
Fri Jan 10 2025 5:27:27 [Tha Drop] [32minfo[39m: Server is running at PORT: 8080
Fri Jan 10 2025 5:32:41 [Tha Drop] [32minfo[39m: Successfully Connected to MongoDB Atlas
Fri Jan 10 2025 5:32:41 [Tha Drop] [32minfo[39m: Server is running at PORT: 8080
Fri Jan 10 2025 5:34:6 [Tha Drop] [32minfo[39m: Successfully Connected to MongoDB Atlas
Fri Jan 10 2025 5:34:6 [Tha Drop] [32minfo[39m: Server is running at PORT: 8080
Fri Jan 10 2025 5:34:34 [Tha Drop] [32minfo[39m: Successfully Connected to MongoDB Atlas
Fri Jan 10 2025 5:34:34 [Tha Drop] [32minfo[39m: Server is running at PORT: 8080
Fri Jan 10 2025 5:34:49 [Tha Drop] [32minfo[39m: Successfully Connected to MongoDB Atlas
Fri Jan 10 2025 5:34:49 [Tha Drop] [32minfo[39m: Server is running at PORT: 8080
Fri Jan 10 2025 5:38:54 [Tha Drop] [31merror[39m: E11000 duplicate key error collection: tha_drop.users index: reviews.user_1 dup key: { reviews.user: null }
MongoServerError: E11000 duplicate key error collection: tha_drop.users index: reviews.user_1 dup key: { reviews.user: null }
    at InsertOneOperation.execute (/home/mir/dev/projects/alwaysbanks_backend/node_modules/.pnpm/mongodb@6.10.0/node_modules/mongodb/src/operations/insert.ts:82:13)
    at processTicksAndRejections (node:internal/process/task_queues:105:5)
    at async tryOperation (/home/mir/dev/projects/alwaysbanks_backend/node_modules/.pnpm/mongodb@6.10.0/node_modules/mongodb/src/operations/execute_operation.ts:271:14)
    at async executeOperation (/home/mir/dev/projects/alwaysbanks_backend/node_modules/.pnpm/mongodb@6.10.0/node_modules/mongodb/src/operations/execute_operation.ts:109:12)
    at async Collection.insertOne (/home/mir/dev/projects/alwaysbanks_backend/node_modules/.pnpm/mongodb@6.10.0/node_modules/mongodb/src/collection.ts:277:12)
MongoServerError
Fri Jan 10 2025 5:40:28 [Tha Drop] [32minfo[39m: Successfully Connected to MongoDB Atlas
Fri Jan 10 2025 5:40:28 [Tha Drop] [32minfo[39m: Server is running at PORT: 8080
Fri Jan 10 2025 5:41:6 [Tha Drop] [31merror[39m: E11000 duplicate key error collection: tha_drop.users index: reviews.user_1 dup key: { reviews.user: null }
MongoServerError: E11000 duplicate key error collection: tha_drop.users index: reviews.user_1 dup key: { reviews.user: null }
    at InsertOneOperation.execute (/home/mir/dev/projects/alwaysbanks_backend/node_modules/.pnpm/mongodb@6.10.0/node_modules/mongodb/src/operations/insert.ts:82:13)
    at processTicksAndRejections (node:internal/process/task_queues:105:5)
    at async tryOperation (/home/mir/dev/projects/alwaysbanks_backend/node_modules/.pnpm/mongodb@6.10.0/node_modules/mongodb/src/operations/execute_operation.ts:271:14)
    at async executeOperation (/home/mir/dev/projects/alwaysbanks_backend/node_modules/.pnpm/mongodb@6.10.0/node_modules/mongodb/src/operations/execute_operation.ts:109:12)
    at async Collection.insertOne (/home/mir/dev/projects/alwaysbanks_backend/node_modules/.pnpm/mongodb@6.10.0/node_modules/mongodb/src/collection.ts:277:12)
MongoServerError
Fri Jan 10 2025 5:41:54 [Tha Drop] [32minfo[39m: Successfully Connected to MongoDB Atlas
Fri Jan 10 2025 5:41:54 [Tha Drop] [32minfo[39m: Server is running at PORT: 8080
Fri Jan 10 2025 5:42:31 [Tha Drop] [32minfo[39m: Successfully Connected to MongoDB Atlas
Fri Jan 10 2025 5:42:31 [Tha Drop] [32minfo[39m: Server is running at PORT: 8080
Fri Jan 10 2025 5:42:39 [Tha Drop] [31merror[39m: E11000 duplicate key error collection: tha_drop.users index: reviews.user_1 dup key: { reviews.user: null }
MongoServerError: E11000 duplicate key error collection: tha_drop.users index: reviews.user_1 dup key: { reviews.user: null }
    at InsertOneOperation.execute (/home/mir/dev/projects/alwaysbanks_backend/node_modules/.pnpm/mongodb@6.10.0/node_modules/mongodb/src/operations/insert.ts:82:13)
    at processTicksAndRejections (node:internal/process/task_queues:105:5)
    at async tryOperation (/home/mir/dev/projects/alwaysbanks_backend/node_modules/.pnpm/mongodb@6.10.0/node_modules/mongodb/src/operations/execute_operation.ts:271:14)
    at async executeOperation (/home/mir/dev/projects/alwaysbanks_backend/node_modules/.pnpm/mongodb@6.10.0/node_modules/mongodb/src/operations/execute_operation.ts:109:12)
    at async Collection.insertOne (/home/mir/dev/projects/alwaysbanks_backend/node_modules/.pnpm/mongodb@6.10.0/node_modules/mongodb/src/collection.ts:277:12)
MongoServerError
Fri Jan 10 2025 5:43:35 [Tha Drop] [32minfo[39m: Successfully Connected to MongoDB Atlas
Fri Jan 10 2025 5:43:35 [Tha Drop] [32minfo[39m: Server is running at PORT: 8080
Fri Jan 10 2025 5:44:2 [Tha Drop] [32minfo[39m: Successfully Connected to MongoDB Atlas
Fri Jan 10 2025 5:44:2 [Tha Drop] [32minfo[39m: Server is running at PORT: 8080
Fri Jan 10 2025 5:46:11 [Tha Drop] [31merror[39m: Verification OTP has expired
UnauthorizedError: Verification OTP has expired
    at activate (/home/mir/dev/projects/alwaysbanks_backend/src/controllers/authController.ts:97:28)
    at processTicksAndRejections (node:internal/process/task_queues:105:5)
UnauthorizedError
Fri Jan 10 2025 5:55:42 [Tha Drop] [31merror[39m: Account Not Found
NotFoundError: Account Not Found
    at /home/mir/dev/projects/alwaysbanks_backend/src/middlewares/authorization.ts:50:43
    at processTicksAndRejections (node:internal/process/task_queues:105:5)
NotFoundError
Fri Jan 10 2025 5:57:42 [Tha Drop] [32minfo[39m: Successfully Connected to MongoDB Atlas
Fri Jan 10 2025 5:57:42 [Tha Drop] [32minfo[39m: Server is running at PORT: 8080
Fri Jan 10 2025 5:58:3 [Tha Drop] [32minfo[39m: Successfully Connected to MongoDB Atlas
Fri Jan 10 2025 5:58:3 [Tha Drop] [32minfo[39m: Server is running at PORT: 8080
Fri Jan 10 2025 6:10:40 [Tha Drop] [31merror[39m: Not Authorized
UnauthorizedError: Not Authorized
    at /home/mir/dev/projects/alwaysbanks_backend/src/middlewares/authorization.ts:37:36
    at Layer.handle [as handle_request] (/home/mir/dev/projects/alwaysbanks_backend/node_modules/.pnpm/express@4.21.2/node_modules/express/lib/router/layer.js:95:5)
    at next (/home/mir/dev/projects/alwaysbanks_backend/node_modules/.pnpm/express@4.21.2/node_modules/express/lib/router/route.js:149:13)
    at Route.dispatch (/home/mir/dev/projects/alwaysbanks_backend/node_modules/.pnpm/express@4.21.2/node_modules/express/lib/router/route.js:119:3)
    at Layer.handle [as handle_request] (/home/mir/dev/projects/alwaysbanks_backend/node_modules/.pnpm/express@4.21.2/node_modules/express/lib/router/layer.js:95:5)
    at /home/mir/dev/projects/alwaysbanks_backend/node_modules/.pnpm/express@4.21.2/node_modules/express/lib/router/index.js:284:15
    at Function.process_params (/home/mir/dev/projects/alwaysbanks_backend/node_modules/.pnpm/express@4.21.2/node_modules/express/lib/router/index.js:346:12)
    at next (/home/mir/dev/projects/alwaysbanks_backend/node_modules/.pnpm/express@4.21.2/node_modules/express/lib/router/index.js:280:10)
    at Function.handle (/home/mir/dev/projects/alwaysbanks_backend/node_modules/.pnpm/express@4.21.2/node_modules/express/lib/router/index.js:175:3)
    at router (/home/mir/dev/projects/alwaysbanks_backend/node_modules/.pnpm/express@4.21.2/node_modules/express/lib/router/index.js:47:12)
UnauthorizedError
Fri Jan 10 2025 6:16:53 [Tha Drop] [32minfo[39m: Successfully Connected to MongoDB Atlas
Fri Jan 10 2025 6:16:53 [Tha Drop] [32minfo[39m: Server is running at PORT: 8080
Fri Jan 10 2025 6:19:28 [Tha Drop] [32minfo[39m: Successfully Connected to MongoDB Atlas
Fri Jan 10 2025 6:19:28 [Tha Drop] [32minfo[39m: Server is running at PORT: 8080
Fri Jan 10 2025 6:19:51 [Tha Drop] [32minfo[39m: Successfully Connected to MongoDB Atlas
Fri Jan 10 2025 6:19:51 [Tha Drop] [32minfo[39m: Server is running at PORT: 8080
Fri Jan 10 2025 6:22:22 [Tha Drop] [31merror[39m: Cast to ObjectId failed for value "buy-ticket" (type string) at path "_id" for model "Event"
CastError: Cast to ObjectId failed for value "buy-ticket" (type string) at path "_id" for model "Event"
    at SchemaObjectId.cast (/home/mir/dev/projects/alwaysbanks_backend/node_modules/.pnpm/mongoose@8.8.4/node_modules/mongoose/lib/schema/objectId.js:250:11)
    at SchemaObjectId.SchemaType.applySetters (/home/mir/dev/projects/alwaysbanks_backend/node_modules/.pnpm/mongoose@8.8.4/node_modules/mongoose/lib/schemaType.js:1236:12)
    at SchemaObjectId.SchemaType.castForQuery (/home/mir/dev/projects/alwaysbanks_backend/node_modules/.pnpm/mongoose@8.8.4/node_modules/mongoose/lib/schemaType.js:1653:17)
    at cast (/home/mir/dev/projects/alwaysbanks_backend/node_modules/.pnpm/mongoose@8.8.4/node_modules/mongoose/lib/cast.js:390:32)
    at model.Query.Query.cast (/home/mir/dev/projects/alwaysbanks_backend/node_modules/.pnpm/mongoose@8.8.4/node_modules/mongoose/lib/query.js:4906:12)
    at model.Query.Query._castConditions (/home/mir/dev/projects/alwaysbanks_backend/node_modules/.pnpm/mongoose@8.8.4/node_modules/mongoose/lib/query.js:2309:10)
    at model.Query._findOne (/home/mir/dev/projects/alwaysbanks_backend/node_modules/.pnpm/mongoose@8.8.4/node_modules/mongoose/lib/query.js:2632:8)
    at model.Query.exec (/home/mir/dev/projects/alwaysbanks_backend/node_modules/.pnpm/mongoose@8.8.4/node_modules/mongoose/lib/query.js:4458:80)
    at processTicksAndRejections (node:internal/process/task_queues:105:5)
    at async get (/home/mir/dev/projects/alwaysbanks_backend/src/controllers/eventController.ts:87:26)
CastError
Fri Jan 10 2025 6:24:28 [Tha Drop] [32minfo[39m: Successfully Connected to MongoDB Atlas
Fri Jan 10 2025 6:24:28 [Tha Drop] [32minfo[39m: Server is running at PORT: 8080
Fri Jan 10 2025 6:24:31 [Tha Drop] [31merror[39m: Cast to ObjectId failed for value "buy-ticket" (type string) at path "_id" for model "Event"
CastError: Cast to ObjectId failed for value "buy-ticket" (type string) at path "_id" for model "Event"
    at SchemaObjectId.cast (/home/mir/dev/projects/alwaysbanks_backend/node_modules/.pnpm/mongoose@8.8.4/node_modules/mongoose/lib/schema/objectId.js:250:11)
    at SchemaObjectId.SchemaType.applySetters (/home/mir/dev/projects/alwaysbanks_backend/node_modules/.pnpm/mongoose@8.8.4/node_modules/mongoose/lib/schemaType.js:1236:12)
    at SchemaObjectId.SchemaType.castForQuery (/home/mir/dev/projects/alwaysbanks_backend/node_modules/.pnpm/mongoose@8.8.4/node_modules/mongoose/lib/schemaType.js:1653:17)
    at cast (/home/mir/dev/projects/alwaysbanks_backend/node_modules/.pnpm/mongoose@8.8.4/node_modules/mongoose/lib/cast.js:390:32)
    at model.Query.Query.cast (/home/mir/dev/projects/alwaysbanks_backend/node_modules/.pnpm/mongoose@8.8.4/node_modules/mongoose/lib/query.js:4906:12)
    at model.Query.Query._castConditions (/home/mir/dev/projects/alwaysbanks_backend/node_modules/.pnpm/mongoose@8.8.4/node_modules/mongoose/lib/query.js:2309:10)
    at model.Query._findOne (/home/mir/dev/projects/alwaysbanks_backend/node_modules/.pnpm/mongoose@8.8.4/node_modules/mongoose/lib/query.js:2632:8)
    at model.Query.exec (/home/mir/dev/projects/alwaysbanks_backend/node_modules/.pnpm/mongoose@8.8.4/node_modules/mongoose/lib/query.js:4458:80)
    at processTicksAndRejections (node:internal/process/task_queues:105:5)
    at async get (/home/mir/dev/projects/alwaysbanks_backend/src/controllers/eventController.ts:87:26)
CastError
Fri Jan 10 2025 6:25:40 [Tha Drop] [32minfo[39m: Successfully Connected to MongoDB Atlas
Fri Jan 10 2025 6:25:40 [Tha Drop] [32minfo[39m: Server is running at PORT: 8080
Fri Jan 10 2025 6:25:44 [Tha Drop] [31merror[39m: Cast to ObjectId failed for value "buy-ticket" (type string) at path "_id" for model "Event"
CastError: Cast to ObjectId failed for value "buy-ticket" (type string) at path "_id" for model "Event"
    at SchemaObjectId.cast (/home/mir/dev/projects/alwaysbanks_backend/node_modules/.pnpm/mongoose@8.8.4/node_modules/mongoose/lib/schema/objectId.js:250:11)
    at SchemaObjectId.SchemaType.applySetters (/home/mir/dev/projects/alwaysbanks_backend/node_modules/.pnpm/mongoose@8.8.4/node_modules/mongoose/lib/schemaType.js:1236:12)
    at SchemaObjectId.SchemaType.castForQuery (/home/mir/dev/projects/alwaysbanks_backend/node_modules/.pnpm/mongoose@8.8.4/node_modules/mongoose/lib/schemaType.js:1653:17)
    at cast (/home/mir/dev/projects/alwaysbanks_backend/node_modules/.pnpm/mongoose@8.8.4/node_modules/mongoose/lib/cast.js:390:32)
    at model.Query.Query.cast (/home/mir/dev/projects/alwaysbanks_backend/node_modules/.pnpm/mongoose@8.8.4/node_modules/mongoose/lib/query.js:4906:12)
    at model.Query.Query._castConditions (/home/mir/dev/projects/alwaysbanks_backend/node_modules/.pnpm/mongoose@8.8.4/node_modules/mongoose/lib/query.js:2309:10)
    at model.Query._findOne (/home/mir/dev/projects/alwaysbanks_backend/node_modules/.pnpm/mongoose@8.8.4/node_modules/mongoose/lib/query.js:2632:8)
    at model.Query.exec (/home/mir/dev/projects/alwaysbanks_backend/node_modules/.pnpm/mongoose@8.8.4/node_modules/mongoose/lib/query.js:4458:80)
    at processTicksAndRejections (node:internal/process/task_queues:105:5)
    at async get (/home/mir/dev/projects/alwaysbanks_backend/src/controllers/eventController.ts:87:26)
CastError
Fri Jan 10 2025 6:26:7 [Tha Drop] [32minfo[39m: Successfully Connected to MongoDB Atlas
Fri Jan 10 2025 6:26:7 [Tha Drop] [32minfo[39m: Server is running at PORT: 8080
Fri Jan 10 2025 6:26:8 [Tha Drop] [31merror[39m: Cast to ObjectId failed for value "buy-ticket" (type string) at path "_id" for model "Event"
CastError: Cast to ObjectId failed for value "buy-ticket" (type string) at path "_id" for model "Event"
    at SchemaObjectId.cast (/home/mir/dev/projects/alwaysbanks_backend/node_modules/.pnpm/mongoose@8.8.4/node_modules/mongoose/lib/schema/objectId.js:250:11)
    at SchemaObjectId.SchemaType.applySetters (/home/mir/dev/projects/alwaysbanks_backend/node_modules/.pnpm/mongoose@8.8.4/node_modules/mongoose/lib/schemaType.js:1236:12)
    at SchemaObjectId.SchemaType.castForQuery (/home/mir/dev/projects/alwaysbanks_backend/node_modules/.pnpm/mongoose@8.8.4/node_modules/mongoose/lib/schemaType.js:1653:17)
    at cast (/home/mir/dev/projects/alwaysbanks_backend/node_modules/.pnpm/mongoose@8.8.4/node_modules/mongoose/lib/cast.js:390:32)
    at model.Query.Query.cast (/home/mir/dev/projects/alwaysbanks_backend/node_modules/.pnpm/mongoose@8.8.4/node_modules/mongoose/lib/query.js:4906:12)
    at model.Query.Query._castConditions (/home/mir/dev/projects/alwaysbanks_backend/node_modules/.pnpm/mongoose@8.8.4/node_modules/mongoose/lib/query.js:2309:10)
    at model.Query._findOne (/home/mir/dev/projects/alwaysbanks_backend/node_modules/.pnpm/mongoose@8.8.4/node_modules/mongoose/lib/query.js:2632:8)
    at model.Query.exec (/home/mir/dev/projects/alwaysbanks_backend/node_modules/.pnpm/mongoose@8.8.4/node_modules/mongoose/lib/query.js:4458:80)
    at processTicksAndRejections (node:internal/process/task_queues:105:5)
    at async get (/home/mir/dev/projects/alwaysbanks_backend/src/controllers/eventController.ts:87:26)
CastError
Fri Jan 10 2025 6:26:11 [Tha Drop] [31merror[39m: Cast to ObjectId failed for value "buy-ticket" (type string) at path "_id" for model "Event"
CastError: Cast to ObjectId failed for value "buy-ticket" (type string) at path "_id" for model "Event"
    at SchemaObjectId.cast (/home/mir/dev/projects/alwaysbanks_backend/node_modules/.pnpm/mongoose@8.8.4/node_modules/mongoose/lib/schema/objectId.js:250:11)
    at SchemaObjectId.SchemaType.applySetters (/home/mir/dev/projects/alwaysbanks_backend/node_modules/.pnpm/mongoose@8.8.4/node_modules/mongoose/lib/schemaType.js:1236:12)
    at SchemaObjectId.SchemaType.castForQuery (/home/mir/dev/projects/alwaysbanks_backend/node_modules/.pnpm/mongoose@8.8.4/node_modules/mongoose/lib/schemaType.js:1653:17)
    at cast (/home/mir/dev/projects/alwaysbanks_backend/node_modules/.pnpm/mongoose@8.8.4/node_modules/mongoose/lib/cast.js:390:32)
    at model.Query.Query.cast (/home/mir/dev/projects/alwaysbanks_backend/node_modules/.pnpm/mongoose@8.8.4/node_modules/mongoose/lib/query.js:4906:12)
    at model.Query.Query._castConditions (/home/mir/dev/projects/alwaysbanks_backend/node_modules/.pnpm/mongoose@8.8.4/node_modules/mongoose/lib/query.js:2309:10)
    at model.Query._findOne (/home/mir/dev/projects/alwaysbanks_backend/node_modules/.pnpm/mongoose@8.8.4/node_modules/mongoose/lib/query.js:2632:8)
    at model.Query.exec (/home/mir/dev/projects/alwaysbanks_backend/node_modules/.pnpm/mongoose@8.8.4/node_modules/mongoose/lib/query.js:4458:80)
    at processTicksAndRejections (node:internal/process/task_queues:105:5)
    at async get (/home/mir/dev/projects/alwaysbanks_backend/src/controllers/eventController.ts:87:26)
CastError
Fri Jan 10 2025 6:27:17 [Tha Drop] [32minfo[39m: Successfully Connected to MongoDB Atlas
Fri Jan 10 2025 6:27:17 [Tha Drop] [32minfo[39m: Server is running at PORT: 8080
Fri Jan 10 2025 6:29:1 [Tha Drop] [32minfo[39m: Successfully Connected to MongoDB Atlas
Fri Jan 10 2025 6:29:1 [Tha Drop] [32minfo[39m: Server is running at PORT: 8080
Fri Jan 10 2025 6:29:4 [Tha Drop] [31merror[39m: Cast to ObjectId failed for value "buy-ticket" (type string) at path "_id" for model "Event"
CastError: Cast to ObjectId failed for value "buy-ticket" (type string) at path "_id" for model "Event"
    at SchemaObjectId.cast (/home/mir/dev/projects/alwaysbanks_backend/node_modules/.pnpm/mongoose@8.8.4/node_modules/mongoose/lib/schema/objectId.js:250:11)
    at SchemaObjectId.SchemaType.applySetters (/home/mir/dev/projects/alwaysbanks_backend/node_modules/.pnpm/mongoose@8.8.4/node_modules/mongoose/lib/schemaType.js:1236:12)
    at SchemaObjectId.SchemaType.castForQuery (/home/mir/dev/projects/alwaysbanks_backend/node_modules/.pnpm/mongoose@8.8.4/node_modules/mongoose/lib/schemaType.js:1653:17)
    at cast (/home/mir/dev/projects/alwaysbanks_backend/node_modules/.pnpm/mongoose@8.8.4/node_modules/mongoose/lib/cast.js:390:32)
    at model.Query.Query.cast (/home/mir/dev/projects/alwaysbanks_backend/node_modules/.pnpm/mongoose@8.8.4/node_modules/mongoose/lib/query.js:4906:12)
    at model.Query.Query._castConditions (/home/mir/dev/projects/alwaysbanks_backend/node_modules/.pnpm/mongoose@8.8.4/node_modules/mongoose/lib/query.js:2309:10)
    at model.Query._findOne (/home/mir/dev/projects/alwaysbanks_backend/node_modules/.pnpm/mongoose@8.8.4/node_modules/mongoose/lib/query.js:2632:8)
    at model.Query.exec (/home/mir/dev/projects/alwaysbanks_backend/node_modules/.pnpm/mongoose@8.8.4/node_modules/mongoose/lib/query.js:4458:80)
    at processTicksAndRejections (node:internal/process/task_queues:105:5)
    at async get (/home/mir/dev/projects/alwaysbanks_backend/src/controllers/eventController.ts:87:26)
CastError
Fri Jan 10 2025 6:29:37 [Tha Drop] [32minfo[39m: Successfully Connected to MongoDB Atlas
Fri Jan 10 2025 6:29:37 [Tha Drop] [32minfo[39m: Server is running at PORT: 8080
Fri Jan 10 2025 6:29:55 [Tha Drop] [32minfo[39m: Successfully Connected to MongoDB Atlas
Fri Jan 10 2025 6:29:55 [Tha Drop] [32minfo[39m: Server is running at PORT: 8080
Fri Jan 10 2025 6:32:14 [Tha Drop] [31merror[39m: User validation failed: guests.0.avatar: Path `avatar` is required.
ValidationError: User validation failed: guests.0.avatar: Path `avatar` is required.
    at model.Document.invalidate (/home/mir/dev/projects/alwaysbanks_backend/node_modules/.pnpm/mongoose@8.8.4/node_modules/mongoose/lib/document.js:3318:32)
    at EmbeddedDocument.Subdocument.invalidate (/home/mir/dev/projects/alwaysbanks_backend/node_modules/.pnpm/mongoose@8.8.4/node_modules/mongoose/lib/types/subdocument.js:229:12)
    at /home/mir/dev/projects/alwaysbanks_backend/node_modules/.pnpm/mongoose@8.8.4/node_modules/mongoose/lib/document.js:3079:17
    at /home/mir/dev/projects/alwaysbanks_backend/node_modules/.pnpm/mongoose@8.8.4/node_modules/mongoose/lib/schemaType.js:1388:9
    at processTicksAndRejections (node:internal/process/task_queues:85:11)
ValidationError
Fri Jan 10 2025 6:51:46 [Tha Drop] [31merror[39m: Not Authorized
UnauthorizedError: Not Authorized
    at /home/mir/dev/projects/alwaysbanks_backend/src/middlewares/authorization.ts:37:36
    at Layer.handle [as handle_request] (/home/mir/dev/projects/alwaysbanks_backend/node_modules/.pnpm/express@4.21.2/node_modules/express/lib/router/layer.js:95:5)
    at next (/home/mir/dev/projects/alwaysbanks_backend/node_modules/.pnpm/express@4.21.2/node_modules/express/lib/router/route.js:149:13)
    at Route.dispatch (/home/mir/dev/projects/alwaysbanks_backend/node_modules/.pnpm/express@4.21.2/node_modules/express/lib/router/route.js:119:3)
    at Layer.handle [as handle_request] (/home/mir/dev/projects/alwaysbanks_backend/node_modules/.pnpm/express@4.21.2/node_modules/express/lib/router/layer.js:95:5)
    at /home/mir/dev/projects/alwaysbanks_backend/node_modules/.pnpm/express@4.21.2/node_modules/express/lib/router/index.js:284:15
    at param (/home/mir/dev/projects/alwaysbanks_backend/node_modules/.pnpm/express@4.21.2/node_modules/express/lib/router/index.js:365:14)
    at param (/home/mir/dev/projects/alwaysbanks_backend/node_modules/.pnpm/express@4.21.2/node_modules/express/lib/router/index.js:376:14)
    at Function.process_params (/home/mir/dev/projects/alwaysbanks_backend/node_modules/.pnpm/express@4.21.2/node_modules/express/lib/router/index.js:421:3)
    at next (/home/mir/dev/projects/alwaysbanks_backend/node_modules/.pnpm/express@4.21.2/node_modules/express/lib/router/index.js:280:10)
UnauthorizedError
Fri Jan 10 2025 6:54:53 [Tha Drop] [32minfo[39m: Successfully Connected to MongoDB Atlas
Fri Jan 10 2025 6:54:53 [Tha Drop] [32minfo[39m: Server is running at PORT: 8080
Fri Jan 10 2025 6:59:59 [Tha Drop] [31merror[39m: User validation failed: guests.0.avatar: Path `avatar` is required.
ValidationError: User validation failed: guests.0.avatar: Path `avatar` is required.
    at model.Document.invalidate (/home/mir/dev/projects/alwaysbanks_backend/node_modules/.pnpm/mongoose@8.8.4/node_modules/mongoose/lib/document.js:3318:32)
    at EmbeddedDocument.Subdocument.invalidate (/home/mir/dev/projects/alwaysbanks_backend/node_modules/.pnpm/mongoose@8.8.4/node_modules/mongoose/lib/types/subdocument.js:229:12)
    at /home/mir/dev/projects/alwaysbanks_backend/node_modules/.pnpm/mongoose@8.8.4/node_modules/mongoose/lib/document.js:3079:17
    at /home/mir/dev/projects/alwaysbanks_backend/node_modules/.pnpm/mongoose@8.8.4/node_modules/mongoose/lib/schemaType.js:1388:9
    at processTicksAndRejections (node:internal/process/task_queues:85:11)
ValidationError
Fri Jan 10 2025 7:1:2 [Tha Drop] [32minfo[39m: Successfully Connected to MongoDB Atlas
Fri Jan 10 2025 7:1:2 [Tha Drop] [32minfo[39m: Server is running at PORT: 8080
Fri Jan 10 2025 7:1:13 [Tha Drop] [32minfo[39m: Successfully Connected to MongoDB Atlas
Fri Jan 10 2025 7:1:13 [Tha Drop] [32minfo[39m: Server is running at PORT: 8080
Sat Jan 11 2025 9:41:18 [Tha Drop] [32minfo[39m: Successfully Connected to MongoDB Atlas
Sat Jan 11 2025 9:41:18 [Tha Drop] [32minfo[39m: Server is running at PORT: 8080
Sat Jan 11 2025 9:48:28 [Tha Drop] [32minfo[39m: Successfully Connected to MongoDB Atlas
Sat Jan 11 2025 9:48:28 [Tha Drop] [32minfo[39m: Server is running at PORT: 8080
Sat Jan 11 2025 9:48:45 [Tha Drop] [32minfo[39m: Successfully Connected to MongoDB Atlas
Sat Jan 11 2025 9:48:45 [Tha Drop] [32minfo[39m: Server is running at PORT: 8080
Sat Jan 11 2025 9:49:1 [Tha Drop] [32minfo[39m: Successfully Connected to MongoDB Atlas
Sat Jan 11 2025 9:49:1 [Tha Drop] [32minfo[39m: Server is running at PORT: 8080
Sat Jan 11 2025 9:50:47 [Tha Drop] [32minfo[39m: Successfully Connected to MongoDB Atlas
Sat Jan 11 2025 9:50:47 [Tha Drop] [32minfo[39m: Server is running at PORT: 8080
Sat Jan 11 2025 9:56:17 [Tha Drop] [32minfo[39m: Successfully Connected to MongoDB Atlas
Sat Jan 11 2025 9:56:17 [Tha Drop] [32minfo[39m: Server is running at PORT: 8080
Sat Jan 11 2025 9:56:28 [Tha Drop] [32minfo[39m: Successfully Connected to MongoDB Atlas
Sat Jan 11 2025 9:56:28 [Tha Drop] [32minfo[39m: Server is running at PORT: 8080
Sat Jan 11 2025 9:56:42 [Tha Drop] [32minfo[39m: Successfully Connected to MongoDB Atlas
Sat Jan 11 2025 9:56:42 [Tha Drop] [32minfo[39m: Server is running at PORT: 8080
Sat Jan 11 2025 9:57:3 [Tha Drop] [32minfo[39m: Successfully Connected to MongoDB Atlas
Sat Jan 11 2025 9:57:3 [Tha Drop] [32minfo[39m: Server is running at PORT: 8080
Sat Jan 11 2025 9:57:52 [Tha Drop] [32minfo[39m: Successfully Connected to MongoDB Atlas
Sat Jan 11 2025 9:57:52 [Tha Drop] [32minfo[39m: Server is running at PORT: 8080
Sat Jan 11 2025 9:57:58 [Tha Drop] [32minfo[39m: Successfully Connected to MongoDB Atlas
Sat Jan 11 2025 9:57:58 [Tha Drop] [32minfo[39m: Server is running at PORT: 8080
Sat Jan 11 2025 9:58:40 [Tha Drop] [32minfo[39m: Successfully Connected to MongoDB Atlas
Sat Jan 11 2025 9:58:40 [Tha Drop] [32minfo[39m: Server is running at PORT: 8080
Sat Jan 11 2025 10:0:6 [Tha Drop] [32minfo[39m: Successfully Connected to MongoDB Atlas
Sat Jan 11 2025 10:0:6 [Tha Drop] [32minfo[39m: Server is running at PORT: 8080
